[ 2016-11-20T10:35:28+08:00 ] ::1 /armoire/Home/OrderItem/viewOrderItem/order_uid/9
INFO: [ app_init ] --START--
INFO: Run Behavior\BuildLiteBehavior [ RunTime:0.000112s ]
INFO: [ app_init ] --END-- [ RunTime:0.000844s ]
INFO: [ app_begin ] --START--
INFO: Run Behavior\ReadHtmlCacheBehavior [ RunTime:0.002557s ]
INFO: [ app_begin ] --END-- [ RunTime:0.003170s ]
ERR: 无法加载控制器:OrderItem

[ 2016-11-20T10:35:31+08:00 ] ::1 /armoire/Home/OrderItem/viewOrderItem/order_uid/9
INFO: [ app_init ] --START--
INFO: Run Behavior\BuildLiteBehavior [ RunTime:0.000116s ]
INFO: [ app_init ] --END-- [ RunTime:0.001556s ]
INFO: [ app_begin ] --START--
INFO: Run Behavior\ReadHtmlCacheBehavior [ RunTime:0.002187s ]
INFO: [ app_begin ] --END-- [ RunTime:0.002720s ]
ERR: 无法加载控制器:OrderItem

[ 2016-11-20T10:35:32+08:00 ] ::1 /armoire/Home/OrderItem/viewOrderItem/order_uid/7
INFO: [ app_init ] --START--
INFO: Run Behavior\BuildLiteBehavior [ RunTime:0.000107s ]
INFO: [ app_init ] --END-- [ RunTime:0.001716s ]
INFO: [ app_begin ] --START--
INFO: Run Behavior\ReadHtmlCacheBehavior [ RunTime:0.002325s ]
INFO: [ app_begin ] --END-- [ RunTime:0.002889s ]
ERR: 无法加载控制器:OrderItem

[ 2016-11-20T10:35:37+08:00 ] ::1 /armoire/Home/OrderItem/viewOrderItem/order_uid/10
INFO: [ app_init ] --START--
INFO: Run Behavior\BuildLiteBehavior [ RunTime:0.000105s ]
INFO: [ app_init ] --END-- [ RunTime:0.001464s ]
INFO: [ app_begin ] --START--
INFO: Run Behavior\ReadHtmlCacheBehavior [ RunTime:0.002112s ]
INFO: [ app_begin ] --END-- [ RunTime:0.002637s ]
ERR: 无法加载控制器:OrderItem

[ 2016-11-20T10:35:39+08:00 ] ::1 /armoire/Home/OrderItem/viewOrderItem/order_uid/2/item_uid/12
INFO: [ app_init ] --START--
INFO: Run Behavior\BuildLiteBehavior [ RunTime:0.000114s ]
INFO: [ app_init ] --END-- [ RunTime:0.001918s ]
INFO: [ app_begin ] --START--
INFO: Run Behavior\ReadHtmlCacheBehavior [ RunTime:0.002720s ]
INFO: [ app_begin ] --END-- [ RunTime:0.003327s ]
ERR: 无法加载控制器:OrderItem

[ 2016-11-20T10:35:40+08:00 ] ::1 /armoire/Home/OrderItem/viewOrderItem/order_uid/2/item_uid/9
INFO: [ app_init ] --START--
INFO: Run Behavior\BuildLiteBehavior [ RunTime:0.000115s ]
INFO: [ app_init ] --END-- [ RunTime:0.001997s ]
INFO: [ app_begin ] --START--
INFO: Run Behavior\ReadHtmlCacheBehavior [ RunTime:0.002484s ]
INFO: [ app_begin ] --END-- [ RunTime:0.003100s ]
ERR: 无法加载控制器:OrderItem

[ 2016-11-20T10:35:47+08:00 ] ::1 /armoire/Home/OrderItem/viewOrderItem/order_uid/4
INFO: [ app_init ] --START--
INFO: Run Behavior\BuildLiteBehavior [ RunTime:0.000115s ]
INFO: [ app_init ] --END-- [ RunTime:0.001952s ]
INFO: [ app_begin ] --START--
INFO: Run Behavior\ReadHtmlCacheBehavior [ RunTime:0.002422s ]
INFO: [ app_begin ] --END-- [ RunTime:0.003093s ]
ERR: 无法加载控制器:OrderItem

[ 2016-11-20T10:35:48+08:00 ] ::1 /armoire/index.php/Home/Index/index.html
INFO: [ app_init ] --START--
INFO: Run Behavior\BuildLiteBehavior [ RunTime:0.000134s ]
INFO: [ app_init ] --END-- [ RunTime:0.002349s ]
INFO: [ app_begin ] --START--
INFO: Run Behavior\ReadHtmlCacheBehavior [ RunTime:0.002189s ]
INFO: [ app_begin ] --END-- [ RunTime:0.002747s ]

[ 2016-11-20T10:36:05+08:00 ] ::1 /armoire/
INFO: [ app_init ] --START--
INFO: Run Behavior\BuildLiteBehavior [ RunTime:0.000103s ]
INFO: [ app_init ] --END-- [ RunTime:0.001550s ]
INFO: [ app_begin ] --START--
INFO: Run Behavior\ReadHtmlCacheBehavior [ RunTime:0.002337s ]
INFO: [ app_begin ] --END-- [ RunTime:0.002900s ]

[ 2016-11-20T10:36:34+08:00 ] ::1 /armoire/index.php/Home/Login/login.html
INFO: [ app_init ] --START--
INFO: Run Behavior\BuildLiteBehavior [ RunTime:0.000103s ]
INFO: [ app_init ] --END-- [ RunTime:0.001462s ]
INFO: [ app_begin ] --START--
INFO: Run Behavior\ReadHtmlCacheBehavior [ RunTime:0.001828s ]
INFO: [ app_begin ] --END-- [ RunTime:0.002363s ]
ERR: 无法加载控制器:Login

[ 2016-11-20T10:48:33+08:00 ] ::1 /armoire/index.php/Home/Login/login.html
INFO: [ app_init ] --START--
INFO: Run Behavior\BuildLiteBehavior [ RunTime:0.000113s ]
INFO: [ app_init ] --END-- [ RunTime:0.001930s ]
INFO: [ app_begin ] --START--
INFO: Run Behavior\ReadHtmlCacheBehavior [ RunTime:0.002469s ]
INFO: [ app_begin ] --END-- [ RunTime:0.003140s ]
ERR: 参数错误或者未定义:code

[ 2016-11-20T10:48:40+08:00 ] ::1 /armoire/index.php/Home/Login/login.html
INFO: [ app_init ] --START--
INFO: Run Behavior\BuildLiteBehavior [ RunTime:0.000108s ]
INFO: [ app_init ] --END-- [ RunTime:0.001823s ]
INFO: [ app_begin ] --START--
INFO: Run Behavior\ReadHtmlCacheBehavior [ RunTime:0.001981s ]
INFO: [ app_begin ] --END-- [ RunTime:0.002524s ]
ERR: 参数错误或者未定义:code

[ 2016-11-20T10:48:50+08:00 ] ::1 /armoire/index.php/Home/Login/login.html
INFO: [ app_init ] --START--
INFO: Run Behavior\BuildLiteBehavior [ RunTime:0.000109s ]
INFO: [ app_init ] --END-- [ RunTime:0.001501s ]
INFO: [ app_begin ] --START--
INFO: Run Behavior\ReadHtmlCacheBehavior [ RunTime:0.002165s ]
INFO: [ app_begin ] --END-- [ RunTime:0.002725s ]
ERR: 参数错误或者未定义:code

[ 2016-11-20T10:49:49+08:00 ] ::1 /armoire/
INFO: [ app_init ] --START--
INFO: Run Behavior\BuildLiteBehavior [ RunTime:0.000105s ]
INFO: [ app_init ] --END-- [ RunTime:0.001509s ]
INFO: [ app_begin ] --START--
INFO: Run Behavior\ReadHtmlCacheBehavior [ RunTime:0.002193s ]
INFO: [ app_begin ] --END-- [ RunTime:0.002749s ]

[ 2016-11-20T10:49:49+08:00 ] ::1 /armoire/index.php/Home/Login/index.html
INFO: [ app_init ] --START--
INFO: Run Behavior\BuildLiteBehavior [ RunTime:0.000105s ]
INFO: [ app_init ] --END-- [ RunTime:0.001464s ]
INFO: [ app_begin ] --START--
INFO: Run Behavior\ReadHtmlCacheBehavior [ RunTime:0.002427s ]
INFO: [ app_begin ] --END-- [ RunTime:0.003062s ]
INFO: [ view_parse ] --START--
INFO: [ template_filter ] --START--
INFO: Run Behavior\ContentReplaceBehavior [ RunTime:0.000366s ]
INFO: [ template_filter ] --END-- [ RunTime:0.000943s ]
INFO: Run Behavior\ParseTemplateBehavior [ RunTime:0.081754s ]
INFO: [ view_parse ] --END-- [ RunTime:0.082341s ]
INFO: [ view_filter ] --START--
INFO: Run Behavior\WriteHtmlCacheBehavior [ RunTime:0.001691s ]
INFO: [ view_filter ] --END-- [ RunTime:0.002172s ]
INFO: [ app_end ] --START--
INFO: Run Behavior\ShowPageTraceBehavior [ RunTime:0.002962s ]
INFO: [ app_end ] --END-- [ RunTime:0.003543s ]

[ 2016-11-20T10:49:49+08:00 ] ::1 /armoire/Home/Common/genverify
INFO: [ app_init ] --START--
INFO: Run Behavior\BuildLiteBehavior [ RunTime:0.000129s ]
INFO: [ app_init ] --END-- [ RunTime:0.001866s ]
INFO: [ app_begin ] --START--
INFO: Run Behavior\ReadHtmlCacheBehavior [ RunTime:0.003129s ]
INFO: [ app_begin ] --END-- [ RunTime:0.003892s ]
ERR: 无法加载控制器:Common

[ 2016-11-20T10:49:50+08:00 ] ::1 /armoire/Home/Common/genverify?F=0.9306372146129775
INFO: [ app_init ] --START--
INFO: Run Behavior\BuildLiteBehavior [ RunTime:0.000679s ]
INFO: [ app_init ] --END-- [ RunTime:0.004447s ]
INFO: [ app_begin ] --START--
INFO: Run Behavior\ReadHtmlCacheBehavior [ RunTime:0.002740s ]
INFO: [ app_begin ] --END-- [ RunTime:0.003361s ]
ERR: 无法加载控制器:Common

[ 2016-11-20T10:49:58+08:00 ] ::1 /armoire/Home/Common/genverify?F=0.9306372146129775?F=0.9375279771318148
INFO: [ app_init ] --START--
INFO: Run Behavior\BuildLiteBehavior [ RunTime:0.000102s ]
INFO: [ app_init ] --END-- [ RunTime:0.001478s ]
INFO: [ app_begin ] --START--
INFO: Run Behavior\ReadHtmlCacheBehavior [ RunTime:0.002312s ]
INFO: [ app_begin ] --END-- [ RunTime:0.002886s ]
ERR: 无法加载控制器:Common

[ 2016-11-20T10:50:30+08:00 ] ::1 /armoire/index.php/Home/Login/index.html
INFO: [ app_init ] --START--
INFO: Run Behavior\BuildLiteBehavior [ RunTime:0.000119s ]
INFO: [ app_init ] --END-- [ RunTime:0.001583s ]
INFO: [ app_begin ] --START--
INFO: Run Behavior\ReadHtmlCacheBehavior [ RunTime:0.002011s ]
INFO: [ app_begin ] --END-- [ RunTime:0.002574s ]
INFO: [ view_parse ] --START--
INFO: [ template_filter ] --START--
INFO: Run Behavior\ContentReplaceBehavior [ RunTime:0.000423s ]
INFO: [ template_filter ] --END-- [ RunTime:0.001031s ]
INFO: Run Behavior\ParseTemplateBehavior [ RunTime:0.027550s ]
INFO: [ view_parse ] --END-- [ RunTime:0.028131s ]
INFO: [ view_filter ] --START--
INFO: Run Behavior\WriteHtmlCacheBehavior [ RunTime:0.001202s ]
INFO: [ view_filter ] --END-- [ RunTime:0.001689s ]
INFO: [ app_end ] --START--
INFO: Run Behavior\ShowPageTraceBehavior [ RunTime:0.002028s ]
INFO: [ app_end ] --END-- [ RunTime:0.002579s ]

[ 2016-11-20T10:50:30+08:00 ] ::1 /armoire/Home/Common/genverify
INFO: [ app_init ] --START--
INFO: Run Behavior\BuildLiteBehavior [ RunTime:0.000484s ]
INFO: [ app_init ] --END-- [ RunTime:0.003066s ]
INFO: [ app_begin ] --START--
INFO: Run Behavior\ReadHtmlCacheBehavior [ RunTime:0.002341s ]
INFO: [ app_begin ] --END-- [ RunTime:0.003014s ]
INFO: [ app_end ] --START--
INFO: Run Behavior\ShowPageTraceBehavior [ RunTime:0.002562s ]
INFO: [ app_end ] --END-- [ RunTime:0.003288s ]

[ 2016-11-20T10:50:30+08:00 ] ::1 /armoire/Home/Common/genverify?F=0.9225797292430657
INFO: [ app_init ] --START--
INFO: Run Behavior\BuildLiteBehavior [ RunTime:0.000109s ]
INFO: [ app_init ] --END-- [ RunTime:0.001805s ]
INFO: [ app_begin ] --START--
INFO: Run Behavior\ReadHtmlCacheBehavior [ RunTime:0.002635s ]
INFO: [ app_begin ] --END-- [ RunTime:0.003227s ]
INFO: [ app_end ] --START--
INFO: Run Behavior\ShowPageTraceBehavior [ RunTime:0.002618s ]
INFO: [ app_end ] --END-- [ RunTime:0.003204s ]

[ 2016-11-20T10:50:36+08:00 ] ::1 /armoire/index.php/Home/Login/login.html
INFO: [ app_init ] --START--
INFO: Run Behavior\BuildLiteBehavior [ RunTime:0.000120s ]
INFO: [ app_init ] --END-- [ RunTime:0.001785s ]
INFO: [ app_begin ] --START--
INFO: Run Behavior\ReadHtmlCacheBehavior [ RunTime:0.002660s ]
INFO: [ app_begin ] --END-- [ RunTime:0.003310s ]
ERR: 无法加载数据库驱动: Think\Db\Driver\

[ 2016-11-20T10:50:52+08:00 ] ::1 /armoire/Home/Common/genverify?F=0.7530647258480547
INFO: [ app_init ] --START--
INFO: Run Behavior\BuildLiteBehavior [ RunTime:0.000111s ]
INFO: [ app_init ] --END-- [ RunTime:0.001916s ]
INFO: [ app_begin ] --START--
INFO: Run Behavior\ReadHtmlCacheBehavior [ RunTime:0.003273s ]
INFO: [ app_begin ] --END-- [ RunTime:0.003919s ]
INFO: [ app_end ] --START--
INFO: Run Behavior\ShowPageTraceBehavior [ RunTime:0.003219s ]
INFO: [ app_end ] --END-- [ RunTime:0.003860s ]

[ 2016-11-20T10:51:25+08:00 ] ::1 /armoire/index.php/Home/Login/login.html
INFO: [ app_init ] --START--
INFO: Run Behavior\BuildLiteBehavior [ RunTime:0.000102s ]
INFO: [ app_init ] --END-- [ RunTime:0.001468s ]
INFO: [ app_begin ] --START--
INFO: Run Behavior\ReadHtmlCacheBehavior [ RunTime:0.002302s ]
INFO: [ app_begin ] --END-- [ RunTime:0.002874s ]
INFO: [ view_parse ] --START--
INFO: [ template_filter ] --START--
INFO: Run Behavior\ContentReplaceBehavior [ RunTime:0.000330s ]
INFO: [ template_filter ] --END-- [ RunTime:0.000883s ]
INFO: Run Behavior\ParseTemplateBehavior [ RunTime:0.027676s ]
INFO: [ view_parse ] --END-- [ RunTime:0.028664s ]
INFO: [ view_filter ] --START--
INFO: Run Behavior\WriteHtmlCacheBehavior [ RunTime:0.002236s ]
INFO: [ view_filter ] --END-- [ RunTime:0.003150s ]

[ 2016-11-20T10:51:28+08:00 ] ::1 /armoire/Home/Common/genverify?F=0.30577591187291375
INFO: [ app_init ] --START--
INFO: Run Behavior\BuildLiteBehavior [ RunTime:0.000130s ]
INFO: [ app_init ] --END-- [ RunTime:0.002472s ]
INFO: [ app_begin ] --START--
INFO: Run Behavior\ReadHtmlCacheBehavior [ RunTime:0.002741s ]
INFO: [ app_begin ] --END-- [ RunTime:0.003331s ]
INFO: [ app_end ] --START--
INFO: Run Behavior\ShowPageTraceBehavior [ RunTime:0.003768s ]
INFO: [ app_end ] --END-- [ RunTime:0.004489s ]

[ 2016-11-20T10:51:38+08:00 ] ::1 /armoire/index.php/Home/Login/login.html
INFO: [ app_init ] --START--
INFO: Run Behavior\BuildLiteBehavior [ RunTime:0.000107s ]
INFO: [ app_init ] --END-- [ RunTime:0.001465s ]
INFO: [ app_begin ] --START--
INFO: Run Behavior\ReadHtmlCacheBehavior [ RunTime:0.002204s ]
INFO: [ app_begin ] --END-- [ RunTime:0.002803s ]
ERR: 无法加载数据库驱动: Think\Db\Driver\

[ 2016-11-20T10:52:24+08:00 ] ::1 /armoire/index.php/Home/Login/login.html
INFO: [ app_init ] --START--
INFO: Run Behavior\BuildLiteBehavior [ RunTime:0.000124s ]
INFO: [ app_init ] --END-- [ RunTime:0.001727s ]
INFO: [ app_begin ] --START--
INFO: Run Behavior\ReadHtmlCacheBehavior [ RunTime:0.001725s ]
INFO: [ app_begin ] --END-- [ RunTime:0.002248s ]
INFO: [ view_parse ] --START--
INFO: [ template_filter ] --START--
INFO: Run Behavior\ContentReplaceBehavior [ RunTime:0.000271s ]
INFO: [ template_filter ] --END-- [ RunTime:0.000816s ]
INFO: Run Behavior\ParseTemplateBehavior [ RunTime:0.024921s ]
INFO: [ view_parse ] --END-- [ RunTime:0.025515s ]
INFO: [ view_filter ] --START--
INFO: Run Behavior\WriteHtmlCacheBehavior [ RunTime:0.001067s ]
INFO: [ view_filter ] --END-- [ RunTime:0.001566s ]

[ 2016-11-20T10:52:27+08:00 ] ::1 /armoire/Home/Common/genverify?F=0.6873185170136633
INFO: [ app_init ] --START--
INFO: Run Behavior\BuildLiteBehavior [ RunTime:0.000123s ]
INFO: [ app_init ] --END-- [ RunTime:0.002203s ]
INFO: [ app_begin ] --START--
INFO: Run Behavior\ReadHtmlCacheBehavior [ RunTime:0.002259s ]
INFO: [ app_begin ] --END-- [ RunTime:0.002857s ]
INFO: [ app_end ] --START--
INFO: Run Behavior\ShowPageTraceBehavior [ RunTime:0.002229s ]
INFO: [ app_end ] --END-- [ RunTime:0.002853s ]

[ 2016-11-20T10:52:35+08:00 ] ::1 /armoire/index.php/Home/Login/login.html
INFO: [ app_init ] --START--
INFO: Run Behavior\BuildLiteBehavior [ RunTime:0.000111s ]
INFO: [ app_init ] --END-- [ RunTime:0.001829s ]
INFO: [ app_begin ] --START--
INFO: Run Behavior\ReadHtmlCacheBehavior [ RunTime:0.002174s ]
INFO: [ app_begin ] --END-- [ RunTime:0.002701s ]
SQL: SHOW COLUMNS FROM `armoire_user` [ RunTime:0.0336s ]
SQL: SELECT * FROM `armoire_user` WHERE ( user_name='admin' and user_password='e99a18c428cb38d5f260853678922e03' ) LIMIT 1   [ RunTime:0.0123s ]
SQL: UPDATE `armoire_user` SET `uid`='1',`user_name`='admin',`user_password`='e99a18c428cb38d5f260853678922e03',`create_time`='2016-10-28 21:45:57',`last_logon_time`='2016-11-20 10:52:35',`user_group`='1',`display_name`='管理员',`update_time`='2016-10-29 22:38:36' WHERE ( user_name='admin' and user_password='e99a18c428cb38d5f260853678922e03' ) [ RunTime:0.0277s ]

[ 2016-11-20T10:52:35+08:00 ] ::1 /armoire/index.php/Home/Index/index.html
INFO: [ app_init ] --START--
INFO: Run Behavior\BuildLiteBehavior [ RunTime:0.000106s ]
INFO: [ app_init ] --END-- [ RunTime:0.001603s ]
INFO: [ app_begin ] --START--
INFO: Run Behavior\ReadHtmlCacheBehavior [ RunTime:0.002695s ]
INFO: [ app_begin ] --END-- [ RunTime:0.003271s ]
SQL: SHOW COLUMNS FROM `armoire_order_item_remark` [ RunTime:0.0105s ]
SQL: SELECT oir.order_uid,oir.item_uid,o.order_no,oi.item_no FROM armoire_order_item_remark as oir INNER JOIN armoire_order_item as oi on oi.uid=oir.item_uid INNER JOIN armoire_order as o on o.uid=oir.order_uid  WHERE ( assignee=1 and oir.status='未完成' ) ORDER BY order_no, item_no  [ RunTime:0.0014s ]
SQL: SELECT oir.order_uid,oir.item_uid,o.order_no,oi.item_no FROM armoire_order_item_remark as oir INNER JOIN armoire_order_item as oi on oi.uid=oir.item_uid INNER JOIN armoire_order as o on o.uid=oir.order_uid  WHERE ( assignee=1 and oir.status='已完成' and date_sub(curdate(), INTERVAL 60 DAY) <= date(o.create_time) ) ORDER BY order_no, item_no  [ RunTime:0.0267s ]
SQL: SHOW COLUMNS FROM `armoire_order` [ RunTime:0.0020s ]
SQL: SELECT o.uid,o.order_no FROM armoire_order as o WHERE ( date_sub(curdate(), INTERVAL 1 MONTH) <= date(`create_time`) ) ORDER BY order_no  [ RunTime:0.0010s ]
SQL: SHOW COLUMNS FROM `armoire_order_item` [ RunTime:0.0017s ]
SQL: SELECT `item_no`,`uid` FROM `armoire_order_item` WHERE ( order_uid=4 ) ORDER BY item_no  [ RunTime:0.0011s ]
NOTIC: [8] Undefined variable: secondLvl C:\wamp64\www\armoire\Application\Home\Controller\OrderItemController.class.php 第 26 行.
SQL: SELECT `item_no`,`uid` FROM `armoire_order_item` WHERE ( order_uid=2 ) ORDER BY item_no  [ RunTime:0.0009s ]
SQL: SELECT `item_no`,`uid` FROM `armoire_order_item` WHERE ( order_uid=10 ) ORDER BY item_no  [ RunTime:0.0009s ]
SQL: SELECT `item_no`,`uid` FROM `armoire_order_item` WHERE ( order_uid=9 ) ORDER BY item_no  [ RunTime:0.0007s ]
SQL: SELECT `item_no`,`uid` FROM `armoire_order_item` WHERE ( order_uid=7 ) ORDER BY item_no  [ RunTime:0.0005s ]
SQL: SELECT `item_no`,`uid` FROM `armoire_order_item` WHERE ( order_uid=6 ) ORDER BY item_no  [ RunTime:0.0006s ]
SQL: SELECT `item_no`,`uid` FROM `armoire_order_item` WHERE ( order_uid=11 ) ORDER BY item_no  [ RunTime:0.0009s ]
SQL: SELECT `item_no`,`uid` FROM `armoire_order_item` WHERE ( order_uid=12 ) ORDER BY item_no  [ RunTime:0.0008s ]
SQL: SELECT o.uid,o.order_no FROM armoire_order as o WHERE ( date_sub(curdate(), INTERVAL 2 MONTH) <= date(`create_time`) and date_sub(curdate(), INTERVAL 1 MONTH) > date(`create_time`) ) ORDER BY order_no  [ RunTime:0.0009s ]
SQL: SELECT o.uid,o.order_no FROM armoire_order as o WHERE ( date_sub(curdate(), INTERVAL 3 MONTH) <= date(`create_time`) and date_sub(curdate(), INTERVAL 2 MONTH) > date(`create_time`) ) ORDER BY order_no  [ RunTime:0.0006s ]
INFO: [ view_parse ] --START--
INFO: [ template_filter ] --START--
INFO: Run Behavior\ContentReplaceBehavior [ RunTime:0.000339s ]
INFO: [ template_filter ] --END-- [ RunTime:0.000879s ]
INFO: Run Behavior\ParseTemplateBehavior [ RunTime:0.031762s ]
INFO: [ view_parse ] --END-- [ RunTime:0.032348s ]
INFO: [ view_filter ] --START--
INFO: Run Behavior\WriteHtmlCacheBehavior [ RunTime:0.001619s ]
INFO: [ view_filter ] --END-- [ RunTime:0.002139s ]
INFO: [ app_end ] --START--
INFO: Run Behavior\ShowPageTraceBehavior [ RunTime:0.002336s ]
INFO: [ app_end ] --END-- [ RunTime:0.002928s ]

[ 2016-11-20T10:52:37+08:00 ] ::1 /armoire/Home/OrderItem/viewOrderItem/order_uid/2/item_uid/5/fromTask/1
INFO: [ app_init ] --START--
INFO: Run Behavior\BuildLiteBehavior [ RunTime:0.000115s ]
INFO: [ app_init ] --END-- [ RunTime:0.002095s ]
INFO: [ app_begin ] --START--
INFO: Run Behavior\ReadHtmlCacheBehavior [ RunTime:0.003694s ]
INFO: [ app_begin ] --END-- [ RunTime:0.004378s ]
SQL: SHOW COLUMNS FROM `armoire_order` [ RunTime:0.0338s ]
SQL: SELECT * FROM `armoire_order` WHERE ( uid=2 ) LIMIT 1   [ RunTime:0.0120s ]
SQL: SHOW COLUMNS FROM `armoire_order_item` [ RunTime:0.0020s ]
SQL: SELECT oi.*,o.order_no FROM armoire_order_item as oi INNER JOIN armoire_order as o on o.uid=oi.order_uid  WHERE ( order_uid=2 and oi.uid=5 ) LIMIT 1   [ RunTime:0.0019s ]
SQL: SHOW COLUMNS FROM `armoire_order_item_remark` [ RunTime:0.0085s ]
SQL: SELECT oir.*,u.display_name as user_name FROM armoire_order_item_remark as oir INNER JOIN armoire_user as u on u.uid=oir.assignee  WHERE ( order_uid=2 and item_uid=5 )  [ RunTime:0.0016s ]
SQL: SHOW COLUMNS FROM `armoire_user` [ RunTime:0.0022s ]
SQL: SELECT `uid`,`display_name` FROM `armoire_user` ORDER BY display_name  [ RunTime:0.0011s ]
INFO: [ view_parse ] --START--
INFO: [ template_filter ] --START--
INFO: Run Behavior\ContentReplaceBehavior [ RunTime:0.000902s ]
INFO: [ template_filter ] --END-- [ RunTime:0.001440s ]
INFO: Run Behavior\ParseTemplateBehavior [ RunTime:0.726186s ]
INFO: [ view_parse ] --END-- [ RunTime:0.726795s ]
INFO: [ view_filter ] --START--
INFO: Run Behavior\WriteHtmlCacheBehavior [ RunTime:0.002070s ]
INFO: [ view_filter ] --END-- [ RunTime:0.002717s ]
INFO: [ app_end ] --START--
INFO: Run Behavior\ShowPageTraceBehavior [ RunTime:0.002500s ]
INFO: [ app_end ] --END-- [ RunTime:0.003065s ]

[ 2016-11-20T10:52:40+08:00 ] ::1 /armoire/Home/OrderItem/viewOrderItem/order_uid/4
INFO: [ app_init ] --START--
INFO: Run Behavior\BuildLiteBehavior [ RunTime:0.000117s ]
INFO: [ app_init ] --END-- [ RunTime:0.001901s ]
INFO: [ app_begin ] --START--
INFO: Run Behavior\ReadHtmlCacheBehavior [ RunTime:0.004335s ]
INFO: [ app_begin ] --END-- [ RunTime:0.005055s ]
SQL: SHOW COLUMNS FROM `armoire_order` [ RunTime:0.0229s ]
SQL: SELECT * FROM `armoire_order` WHERE ( uid=4 ) LIMIT 1   [ RunTime:0.0011s ]
SQL: SHOW COLUMNS FROM `armoire_user` [ RunTime:0.0213s ]
SQL: SELECT `uid`,`display_name` FROM `armoire_user` ORDER BY display_name  [ RunTime:0.0014s ]
INFO: [ view_parse ] --START--
INFO: [ template_filter ] --START--
INFO: Run Behavior\ContentReplaceBehavior [ RunTime:0.003644s ]
INFO: [ template_filter ] --END-- [ RunTime:0.004295s ]
NOTIC: [8] Undefined variable: record C:\wamp64\www\armoire\Application\Runtime\Cache\Home\2f3782f5b5c7427187dfae82cf96f6f9.php 第 81 行.
NOTIC: [8] Undefined variable: record C:\wamp64\www\armoire\Application\Runtime\Cache\Home\2f3782f5b5c7427187dfae82cf96f6f9.php 第 263 行.
NOTIC: [8] Undefined variable: record C:\wamp64\www\armoire\Application\Runtime\Cache\Home\2f3782f5b5c7427187dfae82cf96f6f9.php 第 313 行.
NOTIC: [8] Undefined variable: record C:\wamp64\www\armoire\Application\Runtime\Cache\Home\2f3782f5b5c7427187dfae82cf96f6f9.php 第 321 行.
NOTIC: [8] Undefined variable: record C:\wamp64\www\armoire\Application\Runtime\Cache\Home\2f3782f5b5c7427187dfae82cf96f6f9.php 第 408 行.
INFO: Run Behavior\ParseTemplateBehavior [ RunTime:0.512095s ]
INFO: [ view_parse ] --END-- [ RunTime:0.512705s ]
INFO: [ view_filter ] --START--
INFO: Run Behavior\WriteHtmlCacheBehavior [ RunTime:0.001848s ]
INFO: [ view_filter ] --END-- [ RunTime:0.002369s ]
INFO: [ app_end ] --START--
INFO: Run Behavior\ShowPageTraceBehavior [ RunTime:0.002099s ]
INFO: [ app_end ] --END-- [ RunTime:0.002597s ]

[ 2016-11-20T10:52:42+08:00 ] ::1 /armoire/Home/OrderItem/viewOrderItem/order_uid/2/item_uid/4
INFO: [ app_init ] --START--
INFO: Run Behavior\BuildLiteBehavior [ RunTime:0.000118s ]
INFO: [ app_init ] --END-- [ RunTime:0.002881s ]
INFO: [ app_begin ] --START--
INFO: Run Behavior\ReadHtmlCacheBehavior [ RunTime:0.002188s ]
INFO: [ app_begin ] --END-- [ RunTime:0.002710s ]
SQL: SHOW COLUMNS FROM `armoire_order` [ RunTime:0.0290s ]
SQL: SELECT * FROM `armoire_order` WHERE ( uid=2 ) LIMIT 1   [ RunTime:0.0010s ]
SQL: SHOW COLUMNS FROM `armoire_order_item` [ RunTime:0.0024s ]
SQL: SELECT oi.*,o.order_no FROM armoire_order_item as oi INNER JOIN armoire_order as o on o.uid=oi.order_uid  WHERE ( order_uid=2 and oi.uid=4 ) LIMIT 1   [ RunTime:0.0014s ]
SQL: SHOW COLUMNS FROM `armoire_order_item_remark` [ RunTime:0.0019s ]
SQL: SELECT oir.*,u.display_name as user_name FROM armoire_order_item_remark as oir INNER JOIN armoire_user as u on u.uid=oir.assignee  WHERE ( order_uid=2 and item_uid=4 )  [ RunTime:0.0011s ]
SQL: SHOW COLUMNS FROM `armoire_user` [ RunTime:0.0015s ]
SQL: SELECT `uid`,`display_name` FROM `armoire_user` ORDER BY display_name  [ RunTime:0.0012s ]
INFO: [ view_parse ] --START--
INFO: [ template_filter ] --START--
INFO: Run Behavior\ContentReplaceBehavior [ RunTime:0.001962s ]
INFO: [ template_filter ] --END-- [ RunTime:0.002943s ]
INFO: Run Behavior\ParseTemplateBehavior [ RunTime:0.498697s ]
INFO: [ view_parse ] --END-- [ RunTime:0.499298s ]
INFO: [ view_filter ] --START--
INFO: Run Behavior\WriteHtmlCacheBehavior [ RunTime:0.002085s ]
INFO: [ view_filter ] --END-- [ RunTime:0.002709s ]
INFO: [ app_end ] --START--
INFO: Run Behavior\ShowPageTraceBehavior [ RunTime:0.002117s ]
INFO: [ app_end ] --END-- [ RunTime:0.002613s ]

[ 2016-11-20T10:52:55+08:00 ] ::1 /armoire/Home/OrderItem/addOrderItem
INFO: [ app_init ] --START--
INFO: Run Behavior\BuildLiteBehavior [ RunTime:0.000114s ]
INFO: [ app_init ] --END-- [ RunTime:0.001882s ]
INFO: [ app_begin ] --START--
INFO: Run Behavior\ReadHtmlCacheBehavior [ RunTime:0.002097s ]
INFO: [ app_begin ] --END-- [ RunTime:0.002646s ]
SQL: SHOW COLUMNS FROM `armoire_order_item` [ RunTime:0.0356s ]
SQL: SELECT max(item_no) as item_no FROM `armoire_order_item` WHERE ( order_uid=2 ) LIMIT 1   [ RunTime:0.0164s ]
NOTIC: [2] call_user_func() expects parameter 1 to be a valid callback, no array or string given C:\wamp64\www\armoire\ThinkPHP\Library\Think\Upload.class.php 第 170 行.
SQL: INSERT INTO `armoire_order_item` (`order_uid`,`item_no`,`photo_url`,`description`,`create_time`,`update_time`,`user_uid`,`status`) VALUES ('2','7','2016-11-20/583110070fe59.jpg','7777','2016-11-20 10:52:55','2016-11-20 10:52:55','1','未完成') [ RunTime:0.0432s ]

[ 2016-11-20T10:52:55+08:00 ] ::1 /armoire/index.php/Home/Order/refreshTop.html
INFO: [ app_init ] --START--
INFO: Run Behavior\BuildLiteBehavior [ RunTime:0.000102s ]
INFO: [ app_init ] --END-- [ RunTime:0.001387s ]
INFO: [ app_begin ] --START--
INFO: Run Behavior\ReadHtmlCacheBehavior [ RunTime:0.002337s ]
INFO: [ app_begin ] --END-- [ RunTime:0.002900s ]
INFO: [ view_parse ] --START--
INFO: [ template_filter ] --START--
INFO: Run Behavior\ContentReplaceBehavior [ RunTime:0.000350s ]
INFO: [ template_filter ] --END-- [ RunTime:0.001269s ]
INFO: Run Behavior\ParseTemplateBehavior [ RunTime:0.055567s ]
INFO: [ view_parse ] --END-- [ RunTime:0.056146s ]
INFO: [ view_filter ] --START--
INFO: Run Behavior\WriteHtmlCacheBehavior [ RunTime:0.001750s ]
INFO: [ view_filter ] --END-- [ RunTime:0.002364s ]
INFO: [ app_end ] --START--
INFO: Run Behavior\ShowPageTraceBehavior [ RunTime:0.002880s ]
INFO: [ app_end ] --END-- [ RunTime:0.003787s ]

[ 2016-11-20T10:52:55+08:00 ] ::1 /armoire/index.php/Home/Index/index.html
INFO: [ app_init ] --START--
INFO: Run Behavior\BuildLiteBehavior [ RunTime:0.000102s ]
INFO: [ app_init ] --END-- [ RunTime:0.001446s ]
INFO: [ app_begin ] --START--
INFO: Run Behavior\ReadHtmlCacheBehavior [ RunTime:0.002234s ]
INFO: [ app_begin ] --END-- [ RunTime:0.002764s ]
SQL: SHOW COLUMNS FROM `armoire_order_item_remark` [ RunTime:0.0475s ]
SQL: SELECT oir.order_uid,oir.item_uid,o.order_no,oi.item_no FROM armoire_order_item_remark as oir INNER JOIN armoire_order_item as oi on oi.uid=oir.item_uid INNER JOIN armoire_order as o on o.uid=oir.order_uid  WHERE ( assignee=1 and oir.status='未完成' ) ORDER BY order_no, item_no  [ RunTime:0.0073s ]
SQL: SELECT oir.order_uid,oir.item_uid,o.order_no,oi.item_no FROM armoire_order_item_remark as oir INNER JOIN armoire_order_item as oi on oi.uid=oir.item_uid INNER JOIN armoire_order as o on o.uid=oir.order_uid  WHERE ( assignee=1 and oir.status='已完成' and date_sub(curdate(), INTERVAL 60 DAY) <= date(o.create_time) ) ORDER BY order_no, item_no  [ RunTime:0.0013s ]
SQL: SHOW COLUMNS FROM `armoire_order` [ RunTime:0.0019s ]
SQL: SELECT o.uid,o.order_no FROM armoire_order as o WHERE ( date_sub(curdate(), INTERVAL 1 MONTH) <= date(`create_time`) ) ORDER BY order_no  [ RunTime:0.0088s ]
SQL: SHOW COLUMNS FROM `armoire_order_item` [ RunTime:0.0016s ]
SQL: SELECT `item_no`,`uid` FROM `armoire_order_item` WHERE ( order_uid=4 ) ORDER BY item_no  [ RunTime:0.0007s ]
NOTIC: [8] Undefined variable: secondLvl C:\wamp64\www\armoire\Application\Home\Controller\OrderItemController.class.php 第 26 行.
SQL: SELECT `item_no`,`uid` FROM `armoire_order_item` WHERE ( order_uid=2 ) ORDER BY item_no  [ RunTime:0.0006s ]
SQL: SELECT `item_no`,`uid` FROM `armoire_order_item` WHERE ( order_uid=10 ) ORDER BY item_no  [ RunTime:0.0009s ]
SQL: SELECT `item_no`,`uid` FROM `armoire_order_item` WHERE ( order_uid=9 ) ORDER BY item_no  [ RunTime:0.0006s ]
SQL: SELECT `item_no`,`uid` FROM `armoire_order_item` WHERE ( order_uid=7 ) ORDER BY item_no  [ RunTime:0.0005s ]
SQL: SELECT `item_no`,`uid` FROM `armoire_order_item` WHERE ( order_uid=6 ) ORDER BY item_no  [ RunTime:0.0005s ]
SQL: SELECT `item_no`,`uid` FROM `armoire_order_item` WHERE ( order_uid=11 ) ORDER BY item_no  [ RunTime:0.0005s ]
SQL: SELECT `item_no`,`uid` FROM `armoire_order_item` WHERE ( order_uid=12 ) ORDER BY item_no  [ RunTime:0.0006s ]
SQL: SELECT o.uid,o.order_no FROM armoire_order as o WHERE ( date_sub(curdate(), INTERVAL 2 MONTH) <= date(`create_time`) and date_sub(curdate(), INTERVAL 1 MONTH) > date(`create_time`) ) ORDER BY order_no  [ RunTime:0.0009s ]
SQL: SELECT o.uid,o.order_no FROM armoire_order as o WHERE ( date_sub(curdate(), INTERVAL 3 MONTH) <= date(`create_time`) and date_sub(curdate(), INTERVAL 2 MONTH) > date(`create_time`) ) ORDER BY order_no  [ RunTime:0.0007s ]
INFO: [ view_parse ] --START--
INFO: [ template_filter ] --START--
INFO: Run Behavior\ContentReplaceBehavior [ RunTime:0.000353s ]
INFO: [ template_filter ] --END-- [ RunTime:0.000881s ]
INFO: Run Behavior\ParseTemplateBehavior [ RunTime:0.029512s ]
INFO: [ view_parse ] --END-- [ RunTime:0.030122s ]
INFO: [ view_filter ] --START--
INFO: Run Behavior\WriteHtmlCacheBehavior [ RunTime:0.002853s ]
INFO: [ view_filter ] --END-- [ RunTime:0.003525s ]
INFO: [ app_end ] --START--
INFO: Run Behavior\ShowPageTraceBehavior [ RunTime:0.002492s ]
INFO: [ app_end ] --END-- [ RunTime:0.003046s ]

[ 2016-11-20T10:52:57+08:00 ] ::1 /armoire/Home/OrderItem/viewOrderItem/order_uid/4
INFO: [ app_init ] --START--
INFO: Run Behavior\BuildLiteBehavior [ RunTime:0.000122s ]
INFO: [ app_init ] --END-- [ RunTime:0.001909s ]
INFO: [ app_begin ] --START--
INFO: Run Behavior\ReadHtmlCacheBehavior [ RunTime:0.002075s ]
INFO: [ app_begin ] --END-- [ RunTime:0.002686s ]
SQL: SHOW COLUMNS FROM `armoire_order` [ RunTime:0.0481s ]
SQL: SELECT * FROM `armoire_order` WHERE ( uid=4 ) LIMIT 1   [ RunTime:0.0020s ]
SQL: SHOW COLUMNS FROM `armoire_user` [ RunTime:0.0095s ]
SQL: SELECT `uid`,`display_name` FROM `armoire_user` ORDER BY display_name  [ RunTime:0.0013s ]
INFO: [ view_parse ] --START--
INFO: [ template_filter ] --START--
INFO: Run Behavior\ContentReplaceBehavior [ RunTime:0.001371s ]
INFO: [ template_filter ] --END-- [ RunTime:0.001978s ]
NOTIC: [8] Undefined variable: record C:\wamp64\www\armoire\Application\Runtime\Cache\Home\2f3782f5b5c7427187dfae82cf96f6f9.php 第 81 行.
NOTIC: [8] Undefined variable: record C:\wamp64\www\armoire\Application\Runtime\Cache\Home\2f3782f5b5c7427187dfae82cf96f6f9.php 第 263 行.
NOTIC: [8] Undefined variable: record C:\wamp64\www\armoire\Application\Runtime\Cache\Home\2f3782f5b5c7427187dfae82cf96f6f9.php 第 313 行.
NOTIC: [8] Undefined variable: record C:\wamp64\www\armoire\Application\Runtime\Cache\Home\2f3782f5b5c7427187dfae82cf96f6f9.php 第 321 行.
NOTIC: [8] Undefined variable: record C:\wamp64\www\armoire\Application\Runtime\Cache\Home\2f3782f5b5c7427187dfae82cf96f6f9.php 第 408 行.
INFO: Run Behavior\ParseTemplateBehavior [ RunTime:0.500666s ]
INFO: [ view_parse ] --END-- [ RunTime:0.501248s ]
INFO: [ view_filter ] --START--
INFO: Run Behavior\WriteHtmlCacheBehavior [ RunTime:0.001315s ]
INFO: [ view_filter ] --END-- [ RunTime:0.002095s ]
INFO: [ app_end ] --START--
INFO: Run Behavior\ShowPageTraceBehavior [ RunTime:0.001655s ]
INFO: [ app_end ] --END-- [ RunTime:0.002279s ]

[ 2016-11-20T10:52:57+08:00 ] ::1 /armoire/Home/OrderItem/viewOrderItem/order_uid/2/item_uid/4
INFO: [ app_init ] --START--
INFO: Run Behavior\BuildLiteBehavior [ RunTime:0.000112s ]
INFO: [ app_init ] --END-- [ RunTime:0.001528s ]
INFO: [ app_begin ] --START--
INFO: Run Behavior\ReadHtmlCacheBehavior [ RunTime:0.002952s ]
INFO: [ app_begin ] --END-- [ RunTime:0.003548s ]
SQL: SHOW COLUMNS FROM `armoire_order` [ RunTime:0.0527s ]
SQL: SELECT * FROM `armoire_order` WHERE ( uid=2 ) LIMIT 1   [ RunTime:0.0012s ]
SQL: SHOW COLUMNS FROM `armoire_order_item` [ RunTime:0.0021s ]
SQL: SELECT oi.*,o.order_no FROM armoire_order_item as oi INNER JOIN armoire_order as o on o.uid=oi.order_uid  WHERE ( order_uid=2 and oi.uid=4 ) LIMIT 1   [ RunTime:0.0011s ]
SQL: SHOW COLUMNS FROM `armoire_order_item_remark` [ RunTime:0.0018s ]
SQL: SELECT oir.*,u.display_name as user_name FROM armoire_order_item_remark as oir INNER JOIN armoire_user as u on u.uid=oir.assignee  WHERE ( order_uid=2 and item_uid=4 )  [ RunTime:0.0012s ]
SQL: SHOW COLUMNS FROM `armoire_user` [ RunTime:0.0016s ]
SQL: SELECT `uid`,`display_name` FROM `armoire_user` ORDER BY display_name  [ RunTime:0.0010s ]
INFO: [ view_parse ] --START--
INFO: [ template_filter ] --START--
INFO: Run Behavior\ContentReplaceBehavior [ RunTime:0.001079s ]
INFO: [ template_filter ] --END-- [ RunTime:0.001698s ]
INFO: Run Behavior\ParseTemplateBehavior [ RunTime:0.477721s ]
INFO: [ view_parse ] --END-- [ RunTime:0.478324s ]
INFO: [ view_filter ] --START--
INFO: Run Behavior\WriteHtmlCacheBehavior [ RunTime:0.001665s ]
INFO: [ view_filter ] --END-- [ RunTime:0.002180s ]
INFO: [ app_end ] --START--
INFO: Run Behavior\ShowPageTraceBehavior [ RunTime:0.001964s ]
INFO: [ app_end ] --END-- [ RunTime:0.002457s ]

[ 2016-11-20T10:53:00+08:00 ] ::1 /armoire/Home/OrderItem/viewOrderItem/order_uid/2/item_uid/13
INFO: [ app_init ] --START--
INFO: Run Behavior\BuildLiteBehavior [ RunTime:0.000177s ]
INFO: [ app_init ] --END-- [ RunTime:0.001975s ]
INFO: [ app_begin ] --START--
INFO: Run Behavior\ReadHtmlCacheBehavior [ RunTime:0.004145s ]
INFO: [ app_begin ] --END-- [ RunTime:0.004880s ]
SQL: SHOW COLUMNS FROM `armoire_order` [ RunTime:0.0235s ]
SQL: SELECT * FROM `armoire_order` WHERE ( uid=2 ) LIMIT 1   [ RunTime:0.0016s ]
SQL: SHOW COLUMNS FROM `armoire_order_item` [ RunTime:0.0039s ]
SQL: SELECT oi.*,o.order_no FROM armoire_order_item as oi INNER JOIN armoire_order as o on o.uid=oi.order_uid  WHERE ( order_uid=2 and oi.uid=13 ) LIMIT 1   [ RunTime:0.0012s ]
SQL: SHOW COLUMNS FROM `armoire_order_item_remark` [ RunTime:0.0014s ]
SQL: SELECT oir.*,u.display_name as user_name FROM armoire_order_item_remark as oir INNER JOIN armoire_user as u on u.uid=oir.assignee  WHERE ( order_uid=2 and item_uid=13 )  [ RunTime:0.0016s ]
SQL: SHOW COLUMNS FROM `armoire_user` [ RunTime:0.0020s ]
SQL: SELECT `uid`,`display_name` FROM `armoire_user` ORDER BY display_name  [ RunTime:0.0010s ]
INFO: [ view_parse ] --START--
INFO: [ template_filter ] --START--
INFO: Run Behavior\ContentReplaceBehavior [ RunTime:0.001244s ]
INFO: [ template_filter ] --END-- [ RunTime:0.002375s ]
INFO: Run Behavior\ParseTemplateBehavior [ RunTime:0.516524s ]
INFO: [ view_parse ] --END-- [ RunTime:0.517128s ]
INFO: [ view_filter ] --START--
INFO: Run Behavior\WriteHtmlCacheBehavior [ RunTime:0.001849s ]
INFO: [ view_filter ] --END-- [ RunTime:0.002368s ]
INFO: [ app_end ] --START--
INFO: Run Behavior\ShowPageTraceBehavior [ RunTime:0.002119s ]
INFO: [ app_end ] --END-- [ RunTime:0.002650s ]

[ 2016-11-20T10:57:06+08:00 ] ::1 /armoire/Home/OrderItem/viewOrderItem/order_uid/2/item_uid/8
INFO: [ app_init ] --START--
INFO: Run Behavior\BuildLiteBehavior [ RunTime:0.000105s ]
INFO: [ app_init ] --END-- [ RunTime:0.001581s ]
INFO: [ app_begin ] --START--
INFO: Run Behavior\ReadHtmlCacheBehavior [ RunTime:0.003406s ]
INFO: [ app_begin ] --END-- [ RunTime:0.003971s ]
SQL: SHOW COLUMNS FROM `armoire_order` [ RunTime:0.0480s ]
SQL: SELECT * FROM `armoire_order` WHERE ( uid=2 ) LIMIT 1   [ RunTime:0.0038s ]
SQL: SHOW COLUMNS FROM `armoire_order_item` [ RunTime:0.0026s ]
SQL: SELECT oi.*,o.order_no FROM armoire_order_item as oi INNER JOIN armoire_order as o on o.uid=oi.order_uid  WHERE ( order_uid=2 and oi.uid=8 ) LIMIT 1   [ RunTime:0.0011s ]
SQL: SHOW COLUMNS FROM `armoire_order_item_remark` [ RunTime:0.0016s ]
SQL: SELECT oir.*,u.display_name as user_name FROM armoire_order_item_remark as oir INNER JOIN armoire_user as u on u.uid=oir.assignee  WHERE ( order_uid=2 and item_uid=8 )  [ RunTime:0.0012s ]
SQL: SHOW COLUMNS FROM `armoire_user` [ RunTime:0.0018s ]
SQL: SELECT `uid`,`display_name` FROM `armoire_user` ORDER BY display_name  [ RunTime:0.0011s ]
INFO: [ view_parse ] --START--
INFO: [ template_filter ] --START--
INFO: Run Behavior\ContentReplaceBehavior [ RunTime:0.000925s ]
INFO: [ template_filter ] --END-- [ RunTime:0.001548s ]
INFO: Run Behavior\ParseTemplateBehavior [ RunTime:0.499128s ]
INFO: [ view_parse ] --END-- [ RunTime:0.499744s ]
INFO: [ view_filter ] --START--
INFO: Run Behavior\WriteHtmlCacheBehavior [ RunTime:0.001693s ]
INFO: [ view_filter ] --END-- [ RunTime:0.002216s ]
INFO: [ app_end ] --START--
INFO: Run Behavior\ShowPageTraceBehavior [ RunTime:0.002067s ]
INFO: [ app_end ] --END-- [ RunTime:0.002591s ]

[ 2016-11-20T10:57:13+08:00 ] ::1 /armoire/Home/OrderItem/viewOrderItem/order_uid/4
INFO: [ app_init ] --START--
INFO: Run Behavior\BuildLiteBehavior [ RunTime:0.000108s ]
INFO: [ app_init ] --END-- [ RunTime:0.001616s ]
INFO: [ app_begin ] --START--
INFO: Run Behavior\ReadHtmlCacheBehavior [ RunTime:0.002427s ]
INFO: [ app_begin ] --END-- [ RunTime:0.003060s ]
SQL: SHOW COLUMNS FROM `armoire_order` [ RunTime:0.0207s ]
SQL: SELECT * FROM `armoire_order` WHERE ( uid=4 ) LIMIT 1   [ RunTime:0.0010s ]
SQL: SHOW COLUMNS FROM `armoire_user` [ RunTime:0.0089s ]
SQL: SELECT `uid`,`display_name` FROM `armoire_user` ORDER BY display_name  [ RunTime:0.0008s ]
INFO: [ view_parse ] --START--
INFO: [ template_filter ] --START--
INFO: Run Behavior\ContentReplaceBehavior [ RunTime:0.000904s ]
INFO: [ template_filter ] --END-- [ RunTime:0.001425s ]
NOTIC: [8] Undefined variable: record C:\wamp64\www\armoire\Application\Runtime\Cache\Home\2f3782f5b5c7427187dfae82cf96f6f9.php 第 81 行.
NOTIC: [8] Undefined variable: record C:\wamp64\www\armoire\Application\Runtime\Cache\Home\2f3782f5b5c7427187dfae82cf96f6f9.php 第 263 行.
NOTIC: [8] Undefined variable: record C:\wamp64\www\armoire\Application\Runtime\Cache\Home\2f3782f5b5c7427187dfae82cf96f6f9.php 第 313 行.
NOTIC: [8] Undefined variable: record C:\wamp64\www\armoire\Application\Runtime\Cache\Home\2f3782f5b5c7427187dfae82cf96f6f9.php 第 321 行.
NOTIC: [8] Undefined variable: record C:\wamp64\www\armoire\Application\Runtime\Cache\Home\2f3782f5b5c7427187dfae82cf96f6f9.php 第 408 行.
INFO: Run Behavior\ParseTemplateBehavior [ RunTime:0.476007s ]
INFO: [ view_parse ] --END-- [ RunTime:0.476651s ]
INFO: [ view_filter ] --START--
INFO: Run Behavior\WriteHtmlCacheBehavior [ RunTime:0.002371s ]
INFO: [ view_filter ] --END-- [ RunTime:0.002960s ]
INFO: [ app_end ] --START--
INFO: Run Behavior\ShowPageTraceBehavior [ RunTime:0.002103s ]
INFO: [ app_end ] --END-- [ RunTime:0.002596s ]

[ 2016-11-20T10:57:14+08:00 ] ::1 /armoire/Home/OrderItem/viewOrderItem/order_uid/2/item_uid/5
INFO: [ app_init ] --START--
INFO: Run Behavior\BuildLiteBehavior [ RunTime:0.000106s ]
INFO: [ app_init ] --END-- [ RunTime:0.001509s ]
INFO: [ app_begin ] --START--
INFO: Run Behavior\ReadHtmlCacheBehavior [ RunTime:0.002767s ]
INFO: [ app_begin ] --END-- [ RunTime:0.003338s ]
SQL: SHOW COLUMNS FROM `armoire_order` [ RunTime:0.0717s ]
SQL: SELECT * FROM `armoire_order` WHERE ( uid=2 ) LIMIT 1   [ RunTime:0.0013s ]
SQL: SHOW COLUMNS FROM `armoire_order_item` [ RunTime:0.0020s ]
SQL: SELECT oi.*,o.order_no FROM armoire_order_item as oi INNER JOIN armoire_order as o on o.uid=oi.order_uid  WHERE ( order_uid=2 and oi.uid=5 ) LIMIT 1   [ RunTime:0.0013s ]
SQL: SHOW COLUMNS FROM `armoire_order_item_remark` [ RunTime:0.0015s ]
SQL: SELECT oir.*,u.display_name as user_name FROM armoire_order_item_remark as oir INNER JOIN armoire_user as u on u.uid=oir.assignee  WHERE ( order_uid=2 and item_uid=5 )  [ RunTime:0.0012s ]
SQL: SHOW COLUMNS FROM `armoire_user` [ RunTime:0.0022s ]
SQL: SELECT `uid`,`display_name` FROM `armoire_user` ORDER BY display_name  [ RunTime:0.0011s ]
INFO: [ view_parse ] --START--
INFO: [ template_filter ] --START--
INFO: Run Behavior\ContentReplaceBehavior [ RunTime:0.001652s ]
INFO: [ template_filter ] --END-- [ RunTime:0.002404s ]
INFO: Run Behavior\ParseTemplateBehavior [ RunTime:0.516934s ]
INFO: [ view_parse ] --END-- [ RunTime:0.517517s ]
INFO: [ view_filter ] --START--
INFO: Run Behavior\WriteHtmlCacheBehavior [ RunTime:0.001598s ]
INFO: [ view_filter ] --END-- [ RunTime:0.002114s ]
INFO: [ app_end ] --START--
INFO: Run Behavior\ShowPageTraceBehavior [ RunTime:0.002045s ]
INFO: [ app_end ] --END-- [ RunTime:0.002543s ]

[ 2016-11-20T10:57:20+08:00 ] ::1 /armoire/Home/User/userList
INFO: [ app_init ] --START--
INFO: Run Behavior\BuildLiteBehavior [ RunTime:0.000113s ]
INFO: [ app_init ] --END-- [ RunTime:0.002046s ]
INFO: [ app_begin ] --START--
INFO: Run Behavior\ReadHtmlCacheBehavior [ RunTime:0.003076s ]
INFO: [ app_begin ] --END-- [ RunTime:0.006169s ]
SQL: SHOW COLUMNS FROM `armoire_user_group` [ RunTime:0.0463s ]
SQL: SELECT * FROM `armoire_user_group`  [ RunTime:0.0012s ]
SQL: SHOW COLUMNS FROM `armoire_user` [ RunTime:0.0338s ]
SQL: SELECT COUNT(*) AS tp_count FROM `armoire_user` LIMIT 1   [ RunTime:0.0008s ]
SQL: SELECT * FROM `armoire_user` ORDER BY user_name LIMIT 0,20   [ RunTime:0.0019s ]
INFO: [ view_parse ] --START--
INFO: [ template_filter ] --START--
INFO: Run Behavior\ContentReplaceBehavior [ RunTime:0.000370s ]
INFO: [ template_filter ] --END-- [ RunTime:0.000899s ]
NOTIC: [8] Use of undefined constant user_group - assumed 'user_group' C:\wamp64\www\armoire\Application\Runtime\Cache\Home\ef4b7fd6613118c7bb9d25012006b037.php 第 63 行.
NOTIC: [8] Use of undefined constant user_group - assumed 'user_group' C:\wamp64\www\armoire\Application\Runtime\Cache\Home\ef4b7fd6613118c7bb9d25012006b037.php 第 63 行.
NOTIC: [8] Use of undefined constant user_group - assumed 'user_group' C:\wamp64\www\armoire\Application\Runtime\Cache\Home\ef4b7fd6613118c7bb9d25012006b037.php 第 63 行.
NOTIC: [8] Use of undefined constant user_group - assumed 'user_group' C:\wamp64\www\armoire\Application\Runtime\Cache\Home\ef4b7fd6613118c7bb9d25012006b037.php 第 63 行.
NOTIC: [8] Use of undefined constant user_group - assumed 'user_group' C:\wamp64\www\armoire\Application\Runtime\Cache\Home\ef4b7fd6613118c7bb9d25012006b037.php 第 63 行.
NOTIC: [8] Use of undefined constant user_group - assumed 'user_group' C:\wamp64\www\armoire\Application\Runtime\Cache\Home\ef4b7fd6613118c7bb9d25012006b037.php 第 63 行.
INFO: Run Behavior\ParseTemplateBehavior [ RunTime:0.263781s ]
INFO: [ view_parse ] --END-- [ RunTime:0.264385s ]
INFO: [ view_filter ] --START--
INFO: Run Behavior\WriteHtmlCacheBehavior [ RunTime:0.001973s ]
INFO: [ view_filter ] --END-- [ RunTime:0.002582s ]
INFO: [ app_end ] --START--
INFO: Run Behavior\ShowPageTraceBehavior [ RunTime:0.002238s ]
INFO: [ app_end ] --END-- [ RunTime:0.002777s ]

[ 2016-11-20T10:57:29+08:00 ] ::1 /armoire/Home/User/addUserIn
INFO: [ app_init ] --START--
INFO: Run Behavior\BuildLiteBehavior [ RunTime:0.000108s ]
INFO: [ app_init ] --END-- [ RunTime:0.001600s ]
INFO: [ app_begin ] --START--
INFO: Run Behavior\ReadHtmlCacheBehavior [ RunTime:0.003353s ]
INFO: [ app_begin ] --END-- [ RunTime:0.004083s ]
SQL: SHOW COLUMNS FROM `armoire_user_group` [ RunTime:0.0565s ]
SQL: SELECT * FROM `armoire_user_group`  [ RunTime:0.0138s ]
INFO: [ view_parse ] --START--
INFO: [ template_filter ] --START--
INFO: Run Behavior\ContentReplaceBehavior [ RunTime:0.000331s ]
INFO: [ template_filter ] --END-- [ RunTime:0.000876s ]
INFO: Run Behavior\ParseTemplateBehavior [ RunTime:0.189318s ]
INFO: [ view_parse ] --END-- [ RunTime:0.189927s ]
INFO: [ view_filter ] --START--
INFO: Run Behavior\WriteHtmlCacheBehavior [ RunTime:0.002436s ]
INFO: [ view_filter ] --END-- [ RunTime:0.003023s ]
INFO: [ app_end ] --START--
INFO: Run Behavior\ShowPageTraceBehavior [ RunTime:0.002832s ]
INFO: [ app_end ] --END-- [ RunTime:0.003405s ]

[ 2016-11-20T10:57:31+08:00 ] ::1 /armoire/Home/User/userList
INFO: [ app_init ] --START--
INFO: Run Behavior\BuildLiteBehavior [ RunTime:0.000107s ]
INFO: [ app_init ] --END-- [ RunTime:0.001622s ]
INFO: [ app_begin ] --START--
INFO: Run Behavior\ReadHtmlCacheBehavior [ RunTime:0.002838s ]
INFO: [ app_begin ] --END-- [ RunTime:0.003470s ]
SQL: SHOW COLUMNS FROM `armoire_user_group` [ RunTime:0.0545s ]
SQL: SELECT * FROM `armoire_user_group`  [ RunTime:0.0020s ]
SQL: SHOW COLUMNS FROM `armoire_user` [ RunTime:0.0033s ]
SQL: SELECT COUNT(*) AS tp_count FROM `armoire_user` LIMIT 1   [ RunTime:0.0018s ]
SQL: SELECT * FROM `armoire_user` ORDER BY user_name LIMIT 0,20   [ RunTime:0.0023s ]
INFO: [ view_parse ] --START--
INFO: [ template_filter ] --START--
INFO: Run Behavior\ContentReplaceBehavior [ RunTime:0.000768s ]
INFO: [ template_filter ] --END-- [ RunTime:0.001788s ]
NOTIC: [8] Use of undefined constant user_group - assumed 'user_group' C:\wamp64\www\armoire\Application\Runtime\Cache\Home\ef4b7fd6613118c7bb9d25012006b037.php 第 63 行.
NOTIC: [8] Use of undefined constant user_group - assumed 'user_group' C:\wamp64\www\armoire\Application\Runtime\Cache\Home\ef4b7fd6613118c7bb9d25012006b037.php 第 63 行.
NOTIC: [8] Use of undefined constant user_group - assumed 'user_group' C:\wamp64\www\armoire\Application\Runtime\Cache\Home\ef4b7fd6613118c7bb9d25012006b037.php 第 63 行.
NOTIC: [8] Use of undefined constant user_group - assumed 'user_group' C:\wamp64\www\armoire\Application\Runtime\Cache\Home\ef4b7fd6613118c7bb9d25012006b037.php 第 63 行.
NOTIC: [8] Use of undefined constant user_group - assumed 'user_group' C:\wamp64\www\armoire\Application\Runtime\Cache\Home\ef4b7fd6613118c7bb9d25012006b037.php 第 63 行.
NOTIC: [8] Use of undefined constant user_group - assumed 'user_group' C:\wamp64\www\armoire\Application\Runtime\Cache\Home\ef4b7fd6613118c7bb9d25012006b037.php 第 63 行.
INFO: Run Behavior\ParseTemplateBehavior [ RunTime:0.073552s ]
INFO: [ view_parse ] --END-- [ RunTime:0.074387s ]
INFO: [ view_filter ] --START--
INFO: Run Behavior\WriteHtmlCacheBehavior [ RunTime:0.001937s ]
INFO: [ view_filter ] --END-- [ RunTime:0.002469s ]
INFO: [ app_end ] --START--
INFO: Run Behavior\ShowPageTraceBehavior [ RunTime:0.002250s ]
INFO: [ app_end ] --END-- [ RunTime:0.002769s ]

[ 2016-11-20T10:57:35+08:00 ] ::1 /armoire/index.php/Home/User/editUserIn/uid/1
INFO: [ app_init ] --START--
INFO: Run Behavior\BuildLiteBehavior [ RunTime:0.000105s ]
INFO: [ app_init ] --END-- [ RunTime:0.001388s ]
INFO: [ app_begin ] --START--
INFO: Run Behavior\ReadHtmlCacheBehavior [ RunTime:0.002412s ]
INFO: [ app_begin ] --END-- [ RunTime:0.002974s ]
SQL: SHOW COLUMNS FROM `armoire_user_group` [ RunTime:0.0849s ]
SQL: SELECT * FROM `armoire_user_group`  [ RunTime:0.0089s ]
SQL: SHOW COLUMNS FROM `armoire_user` [ RunTime:0.0018s ]
SQL: SELECT * FROM `armoire_user` WHERE ( uid=1 ) LIMIT 1   [ RunTime:0.0012s ]
INFO: [ view_parse ] --START--
INFO: [ template_filter ] --START--
INFO: Run Behavior\ContentReplaceBehavior [ RunTime:0.000425s ]
INFO: [ template_filter ] --END-- [ RunTime:0.000988s ]
INFO: Run Behavior\ParseTemplateBehavior [ RunTime:0.209107s ]
INFO: [ view_parse ] --END-- [ RunTime:0.209715s ]
INFO: [ view_filter ] --START--
INFO: Run Behavior\WriteHtmlCacheBehavior [ RunTime:0.001620s ]
INFO: [ view_filter ] --END-- [ RunTime:0.002135s ]
INFO: [ app_end ] --START--
INFO: Run Behavior\ShowPageTraceBehavior [ RunTime:0.002344s ]
INFO: [ app_end ] --END-- [ RunTime:0.002889s ]

[ 2016-11-20T10:57:38+08:00 ] ::1 /armoire/Home/User/userList
INFO: [ app_init ] --START--
INFO: Run Behavior\BuildLiteBehavior [ RunTime:0.000104s ]
INFO: [ app_init ] --END-- [ RunTime:0.001374s ]
INFO: [ app_begin ] --START--
INFO: Run Behavior\ReadHtmlCacheBehavior [ RunTime:0.002156s ]
INFO: [ app_begin ] --END-- [ RunTime:0.002677s ]
SQL: SHOW COLUMNS FROM `armoire_user_group` [ RunTime:0.0446s ]
SQL: SELECT * FROM `armoire_user_group`  [ RunTime:0.0114s ]
SQL: SHOW COLUMNS FROM `armoire_user` [ RunTime:0.0036s ]
SQL: SELECT COUNT(*) AS tp_count FROM `armoire_user` LIMIT 1   [ RunTime:0.0013s ]
SQL: SELECT * FROM `armoire_user` ORDER BY user_name LIMIT 0,20   [ RunTime:0.0022s ]
INFO: [ view_parse ] --START--
INFO: [ template_filter ] --START--
INFO: Run Behavior\ContentReplaceBehavior [ RunTime:0.000399s ]
INFO: [ template_filter ] --END-- [ RunTime:0.000931s ]
NOTIC: [8] Use of undefined constant user_group - assumed 'user_group' C:\wamp64\www\armoire\Application\Runtime\Cache\Home\ef4b7fd6613118c7bb9d25012006b037.php 第 63 行.
NOTIC: [8] Use of undefined constant user_group - assumed 'user_group' C:\wamp64\www\armoire\Application\Runtime\Cache\Home\ef4b7fd6613118c7bb9d25012006b037.php 第 63 行.
NOTIC: [8] Use of undefined constant user_group - assumed 'user_group' C:\wamp64\www\armoire\Application\Runtime\Cache\Home\ef4b7fd6613118c7bb9d25012006b037.php 第 63 行.
NOTIC: [8] Use of undefined constant user_group - assumed 'user_group' C:\wamp64\www\armoire\Application\Runtime\Cache\Home\ef4b7fd6613118c7bb9d25012006b037.php 第 63 行.
NOTIC: [8] Use of undefined constant user_group - assumed 'user_group' C:\wamp64\www\armoire\Application\Runtime\Cache\Home\ef4b7fd6613118c7bb9d25012006b037.php 第 63 行.
NOTIC: [8] Use of undefined constant user_group - assumed 'user_group' C:\wamp64\www\armoire\Application\Runtime\Cache\Home\ef4b7fd6613118c7bb9d25012006b037.php 第 63 行.
INFO: Run Behavior\ParseTemplateBehavior [ RunTime:0.056935s ]
INFO: [ view_parse ] --END-- [ RunTime:0.057782s ]
INFO: [ view_filter ] --START--
INFO: Run Behavior\WriteHtmlCacheBehavior [ RunTime:0.001711s ]
INFO: [ view_filter ] --END-- [ RunTime:0.002233s ]
INFO: [ app_end ] --START--
INFO: Run Behavior\ShowPageTraceBehavior [ RunTime:0.002091s ]
INFO: [ app_end ] --END-- [ RunTime:0.002590s ]

[ 2016-11-20T10:57:42+08:00 ] ::1 /armoire/Home/OrderItem/viewOrderItem/order_uid/2/item_uid/5/fromTask/1
INFO: [ app_init ] --START--
INFO: Run Behavior\BuildLiteBehavior [ RunTime:0.000113s ]
INFO: [ app_init ] --END-- [ RunTime:0.001819s ]
INFO: [ app_begin ] --START--
INFO: Run Behavior\ReadHtmlCacheBehavior [ RunTime:0.002669s ]
INFO: [ app_begin ] --END-- [ RunTime:0.003448s ]
SQL: SHOW COLUMNS FROM `armoire_order` [ RunTime:0.0612s ]
SQL: SELECT * FROM `armoire_order` WHERE ( uid=2 ) LIMIT 1   [ RunTime:0.0013s ]
SQL: SHOW COLUMNS FROM `armoire_order_item` [ RunTime:0.0026s ]
SQL: SELECT oi.*,o.order_no FROM armoire_order_item as oi INNER JOIN armoire_order as o on o.uid=oi.order_uid  WHERE ( order_uid=2 and oi.uid=5 ) LIMIT 1   [ RunTime:0.0015s ]
SQL: SHOW COLUMNS FROM `armoire_order_item_remark` [ RunTime:0.0026s ]
SQL: SELECT oir.*,u.display_name as user_name FROM armoire_order_item_remark as oir INNER JOIN armoire_user as u on u.uid=oir.assignee  WHERE ( order_uid=2 and item_uid=5 )  [ RunTime:0.0011s ]
SQL: SHOW COLUMNS FROM `armoire_user` [ RunTime:0.0027s ]
SQL: SELECT `uid`,`display_name` FROM `armoire_user` ORDER BY display_name  [ RunTime:0.0012s ]
INFO: [ view_parse ] --START--
INFO: [ template_filter ] --START--
INFO: Run Behavior\ContentReplaceBehavior [ RunTime:0.001350s ]
INFO: [ template_filter ] --END-- [ RunTime:0.002240s ]
INFO: Run Behavior\ParseTemplateBehavior [ RunTime:0.508880s ]
INFO: [ view_parse ] --END-- [ RunTime:0.509597s ]
INFO: [ view_filter ] --START--
INFO: Run Behavior\WriteHtmlCacheBehavior [ RunTime:0.001709s ]
INFO: [ view_filter ] --END-- [ RunTime:0.002224s ]
INFO: [ app_end ] --START--
INFO: Run Behavior\ShowPageTraceBehavior [ RunTime:0.002786s ]
INFO: [ app_end ] --END-- [ RunTime:0.003357s ]

[ 2016-11-20T14:42:01+08:00 ] ::1 /armoire/Home/User/addUserIn
INFO: [ app_init ] --START--
INFO: Run Behavior\BuildLiteBehavior [ RunTime:0.000109s ]
INFO: [ app_init ] --END-- [ RunTime:0.001625s ]
INFO: [ app_begin ] --START--
INFO: Run Behavior\ReadHtmlCacheBehavior [ RunTime:0.002304s ]
INFO: [ app_begin ] --END-- [ RunTime:0.002885s ]
SQL: SHOW COLUMNS FROM `armoire_user_group` [ RunTime:0.0183s ]
SQL: SELECT * FROM `armoire_user_group`  [ RunTime:0.0140s ]
INFO: [ view_parse ] --START--
INFO: [ template_filter ] --START--
INFO: Run Behavior\ContentReplaceBehavior [ RunTime:0.000336s ]
INFO: [ template_filter ] --END-- [ RunTime:0.000889s ]
INFO: Run Behavior\ParseTemplateBehavior [ RunTime:0.033061s ]
INFO: [ view_parse ] --END-- [ RunTime:0.034044s ]
INFO: [ view_filter ] --START--
INFO: Run Behavior\WriteHtmlCacheBehavior [ RunTime:0.001979s ]
INFO: [ view_filter ] --END-- [ RunTime:0.002580s ]
INFO: [ app_end ] --START--
INFO: Run Behavior\ShowPageTraceBehavior [ RunTime:0.002590s ]
INFO: [ app_end ] --END-- [ RunTime:0.003142s ]

[ 2016-11-20T14:42:16+08:00 ] ::1 /armoire/Home/User/addUser
INFO: [ app_init ] --START--
INFO: Run Behavior\BuildLiteBehavior [ RunTime:0.000106s ]
INFO: [ app_init ] --END-- [ RunTime:0.001516s ]
INFO: [ app_begin ] --START--
INFO: Run Behavior\ReadHtmlCacheBehavior [ RunTime:0.002365s ]
INFO: [ app_begin ] --END-- [ RunTime:0.002934s ]
SQL: SHOW COLUMNS FROM `armoire_user` [ RunTime:0.0017s ]
SQL: SELECT * FROM `armoire_user` WHERE ( user_name='qq' ) LIMIT 1   [ RunTime:0.0011s ]
SQL: INSERT INTO `armoire_user` (`user_name`,`display_name`,`user_password`,`user_group`,`create_time`,`update_time`) VALUES ('qq','qq','099b3b060154898840f0ebdfb46ec78f','3','2016-11-20 14:42:16','2016-11-20 14:42:16') [ RunTime:0.1733s ]

[ 2016-11-20T14:42:16+08:00 ] ::1 /armoire/index.php/Home/User/userList.html
INFO: [ app_init ] --START--
INFO: Run Behavior\BuildLiteBehavior [ RunTime:0.000104s ]
INFO: [ app_init ] --END-- [ RunTime:0.001397s ]
INFO: [ app_begin ] --START--
INFO: Run Behavior\ReadHtmlCacheBehavior [ RunTime:0.002369s ]
INFO: [ app_begin ] --END-- [ RunTime:0.002910s ]
SQL: SHOW COLUMNS FROM `armoire_user_group` [ RunTime:0.0016s ]
SQL: SELECT * FROM `armoire_user_group`  [ RunTime:0.0007s ]
SQL: SHOW COLUMNS FROM `armoire_user` [ RunTime:0.0015s ]
SQL: SELECT COUNT(*) AS tp_count FROM `armoire_user` LIMIT 1   [ RunTime:0.0009s ]
SQL: SELECT * FROM `armoire_user` ORDER BY user_name LIMIT 0,20   [ RunTime:0.0013s ]
INFO: [ view_parse ] --START--
INFO: [ template_filter ] --START--
INFO: Run Behavior\ContentReplaceBehavior [ RunTime:0.000503s ]
INFO: [ template_filter ] --END-- [ RunTime:0.001090s ]
NOTIC: [8] Use of undefined constant user_group - assumed 'user_group' C:\wamp64\www\armoire\Application\Runtime\Cache\Home\ef4b7fd6613118c7bb9d25012006b037.php 第 63 行.
NOTIC: [8] Use of undefined constant user_group - assumed 'user_group' C:\wamp64\www\armoire\Application\Runtime\Cache\Home\ef4b7fd6613118c7bb9d25012006b037.php 第 63 行.
NOTIC: [8] Use of undefined constant user_group - assumed 'user_group' C:\wamp64\www\armoire\Application\Runtime\Cache\Home\ef4b7fd6613118c7bb9d25012006b037.php 第 63 行.
NOTIC: [8] Use of undefined constant user_group - assumed 'user_group' C:\wamp64\www\armoire\Application\Runtime\Cache\Home\ef4b7fd6613118c7bb9d25012006b037.php 第 63 行.
NOTIC: [8] Use of undefined constant user_group - assumed 'user_group' C:\wamp64\www\armoire\Application\Runtime\Cache\Home\ef4b7fd6613118c7bb9d25012006b037.php 第 63 行.
NOTIC: [8] Use of undefined constant user_group - assumed 'user_group' C:\wamp64\www\armoire\Application\Runtime\Cache\Home\ef4b7fd6613118c7bb9d25012006b037.php 第 63 行.
NOTIC: [8] Use of undefined constant user_group - assumed 'user_group' C:\wamp64\www\armoire\Application\Runtime\Cache\Home\ef4b7fd6613118c7bb9d25012006b037.php 第 63 行.
INFO: Run Behavior\ParseTemplateBehavior [ RunTime:0.042246s ]
INFO: [ view_parse ] --END-- [ RunTime:0.042815s ]
INFO: [ view_filter ] --START--
INFO: Run Behavior\WriteHtmlCacheBehavior [ RunTime:0.001899s ]
INFO: [ view_filter ] --END-- [ RunTime:0.002421s ]
INFO: [ app_end ] --START--
INFO: Run Behavior\ShowPageTraceBehavior [ RunTime:0.002160s ]
INFO: [ app_end ] --END-- [ RunTime:0.002650s ]

[ 2016-11-20T14:42:27+08:00 ] ::1 /armoire/Home/Login/logout
INFO: [ app_init ] --START--
INFO: Run Behavior\BuildLiteBehavior [ RunTime:0.000108s ]
INFO: [ app_init ] --END-- [ RunTime:0.001673s ]
INFO: [ app_begin ] --START--
INFO: Run Behavior\ReadHtmlCacheBehavior [ RunTime:0.002790s ]
INFO: [ app_begin ] --END-- [ RunTime:0.003523s ]

[ 2016-11-20T14:42:27+08:00 ] ::1 /armoire/index.php/Home/Login/index.html
INFO: [ app_init ] --START--
INFO: Run Behavior\BuildLiteBehavior [ RunTime:0.000105s ]
INFO: [ app_init ] --END-- [ RunTime:0.001447s ]
INFO: [ app_begin ] --START--
INFO: Run Behavior\ReadHtmlCacheBehavior [ RunTime:0.002167s ]
INFO: [ app_begin ] --END-- [ RunTime:0.002695s ]
INFO: [ view_parse ] --START--
INFO: [ template_filter ] --START--
INFO: Run Behavior\ContentReplaceBehavior [ RunTime:0.000336s ]
INFO: [ template_filter ] --END-- [ RunTime:0.000877s ]
INFO: Run Behavior\ParseTemplateBehavior [ RunTime:0.028761s ]
INFO: [ view_parse ] --END-- [ RunTime:0.030484s ]
INFO: [ view_filter ] --START--
INFO: Run Behavior\WriteHtmlCacheBehavior [ RunTime:0.002326s ]
INFO: [ view_filter ] --END-- [ RunTime:0.003228s ]
INFO: [ app_end ] --START--
INFO: Run Behavior\ShowPageTraceBehavior [ RunTime:0.002647s ]
INFO: [ app_end ] --END-- [ RunTime:0.003216s ]

[ 2016-11-20T14:42:28+08:00 ] ::1 /armoire/Home/Common/genverify
INFO: [ app_init ] --START--
INFO: Run Behavior\BuildLiteBehavior [ RunTime:0.000108s ]
INFO: [ app_init ] --END-- [ RunTime:0.001476s ]
INFO: [ app_begin ] --START--
INFO: Run Behavior\ReadHtmlCacheBehavior [ RunTime:0.002696s ]
INFO: [ app_begin ] --END-- [ RunTime:0.003274s ]
INFO: [ app_end ] --START--
INFO: Run Behavior\ShowPageTraceBehavior [ RunTime:0.002830s ]
INFO: [ app_end ] --END-- [ RunTime:0.003826s ]

[ 2016-11-20T14:42:28+08:00 ] ::1 /armoire/Home/Common/genverify?F=0.7309954595110277
INFO: [ app_init ] --START--
INFO: Run Behavior\BuildLiteBehavior [ RunTime:0.000121s ]
INFO: [ app_init ] --END-- [ RunTime:0.002622s ]
INFO: [ app_begin ] --START--
INFO: Run Behavior\ReadHtmlCacheBehavior [ RunTime:0.003326s ]
INFO: [ app_begin ] --END-- [ RunTime:0.003947s ]
INFO: [ app_end ] --START--
INFO: Run Behavior\ShowPageTraceBehavior [ RunTime:0.002543s ]
INFO: [ app_end ] --END-- [ RunTime:0.003133s ]

[ 2016-11-20T14:42:36+08:00 ] ::1 /armoire/index.php/Home/Login/login.html
INFO: [ app_init ] --START--
INFO: Run Behavior\BuildLiteBehavior [ RunTime:0.000108s ]
INFO: [ app_init ] --END-- [ RunTime:0.002087s ]
INFO: [ app_begin ] --START--
INFO: Run Behavior\ReadHtmlCacheBehavior [ RunTime:0.002171s ]
INFO: [ app_begin ] --END-- [ RunTime:0.002691s ]
SQL: SHOW COLUMNS FROM `armoire_user` [ RunTime:0.0671s ]
SQL: SELECT * FROM `armoire_user` WHERE ( user_name='qq' and user_password='099b3b060154898840f0ebdfb46ec78f' ) LIMIT 1   [ RunTime:0.0023s ]
SQL: UPDATE `armoire_user` SET `uid`='12',`user_name`='qq',`user_password`='099b3b060154898840f0ebdfb46ec78f',`create_time`='2016-11-20 14:42:16',`last_logon_time`='2016-11-20 14:42:36',`user_group`='3',`display_name`='qq',`update_time`='2016-11-20 14:42:16' WHERE ( user_name='qq' and user_password='099b3b060154898840f0ebdfb46ec78f' ) [ RunTime:0.0176s ]

[ 2016-11-20T14:42:36+08:00 ] ::1 /armoire/index.php/Home/Index/index.html
INFO: [ app_init ] --START--
INFO: Run Behavior\BuildLiteBehavior [ RunTime:0.000117s ]
INFO: [ app_init ] --END-- [ RunTime:0.002172s ]
INFO: [ app_begin ] --START--
INFO: Run Behavior\ReadHtmlCacheBehavior [ RunTime:0.002621s ]
INFO: [ app_begin ] --END-- [ RunTime:0.003208s ]
SQL: SHOW COLUMNS FROM `armoire_order_item_remark` [ RunTime:0.0058s ]
SQL: SELECT oir.order_uid,oir.item_uid,o.order_no,oi.item_no FROM armoire_order_item_remark as oir INNER JOIN armoire_order_item as oi on oi.uid=oir.item_uid INNER JOIN armoire_order as o on o.uid=oir.order_uid  WHERE ( assignee=12 and oir.status='未完成' ) ORDER BY order_no, item_no  [ RunTime:0.0016s ]
SQL: SELECT oir.order_uid,oir.item_uid,o.order_no,oi.item_no FROM armoire_order_item_remark as oir INNER JOIN armoire_order_item as oi on oi.uid=oir.item_uid INNER JOIN armoire_order as o on o.uid=oir.order_uid  WHERE ( assignee=12 and oir.status='已完成' and date_sub(curdate(), INTERVAL 60 DAY) <= date(o.create_time) ) ORDER BY order_no, item_no  [ RunTime:0.0033s ]
SQL: SHOW COLUMNS FROM `armoire_order` [ RunTime:0.0019s ]
SQL: SELECT o.uid,o.order_no FROM armoire_order as o WHERE ( date_sub(curdate(), INTERVAL 1 MONTH) <= date(`create_time`) ) ORDER BY order_no  [ RunTime:0.0013s ]
SQL: SHOW COLUMNS FROM `armoire_order_item` [ RunTime:0.0017s ]
SQL: SELECT `item_no`,`uid` FROM `armoire_order_item` WHERE ( order_uid=4 ) ORDER BY item_no  [ RunTime:0.0007s ]
NOTIC: [8] Undefined variable: secondLvl C:\wamp64\www\armoire\Application\Home\Controller\OrderItemController.class.php 第 26 行.
SQL: SELECT `item_no`,`uid` FROM `armoire_order_item` WHERE ( order_uid=2 ) ORDER BY item_no  [ RunTime:0.0011s ]
SQL: SELECT `item_no`,`uid` FROM `armoire_order_item` WHERE ( order_uid=10 ) ORDER BY item_no  [ RunTime:0.0010s ]
SQL: SELECT `item_no`,`uid` FROM `armoire_order_item` WHERE ( order_uid=9 ) ORDER BY item_no  [ RunTime:0.0006s ]
SQL: SELECT `item_no`,`uid` FROM `armoire_order_item` WHERE ( order_uid=7 ) ORDER BY item_no  [ RunTime:0.0005s ]
SQL: SELECT `item_no`,`uid` FROM `armoire_order_item` WHERE ( order_uid=6 ) ORDER BY item_no  [ RunTime:0.0009s ]
SQL: SELECT `item_no`,`uid` FROM `armoire_order_item` WHERE ( order_uid=11 ) ORDER BY item_no  [ RunTime:0.0007s ]
SQL: SELECT `item_no`,`uid` FROM `armoire_order_item` WHERE ( order_uid=12 ) ORDER BY item_no  [ RunTime:0.0006s ]
SQL: SELECT o.uid,o.order_no FROM armoire_order as o WHERE ( date_sub(curdate(), INTERVAL 2 MONTH) <= date(`create_time`) and date_sub(curdate(), INTERVAL 1 MONTH) > date(`create_time`) ) ORDER BY order_no  [ RunTime:0.0006s ]
SQL: SELECT o.uid,o.order_no FROM armoire_order as o WHERE ( date_sub(curdate(), INTERVAL 3 MONTH) <= date(`create_time`) and date_sub(curdate(), INTERVAL 2 MONTH) > date(`create_time`) ) ORDER BY order_no  [ RunTime:0.0009s ]
INFO: [ view_parse ] --START--
INFO: [ template_filter ] --START--
INFO: Run Behavior\ContentReplaceBehavior [ RunTime:0.000362s ]
INFO: [ template_filter ] --END-- [ RunTime:0.000997s ]
INFO: Run Behavior\ParseTemplateBehavior [ RunTime:0.029336s ]
INFO: [ view_parse ] --END-- [ RunTime:0.029907s ]
INFO: [ view_filter ] --START--
INFO: Run Behavior\WriteHtmlCacheBehavior [ RunTime:0.001574s ]
INFO: [ view_filter ] --END-- [ RunTime:0.002075s ]
INFO: [ app_end ] --START--
INFO: Run Behavior\ShowPageTraceBehavior [ RunTime:0.002498s ]
INFO: [ app_end ] --END-- [ RunTime:0.003128s ]

[ 2016-11-20T14:42:37+08:00 ] ::1 /armoire/Home/MyTask/noPendingTask
INFO: [ app_init ] --START--
INFO: Run Behavior\BuildLiteBehavior [ RunTime:0.000126s ]
INFO: [ app_init ] --END-- [ RunTime:0.001775s ]
INFO: [ app_begin ] --START--
INFO: Run Behavior\ReadHtmlCacheBehavior [ RunTime:0.003786s ]
INFO: [ app_begin ] --END-- [ RunTime:0.004426s ]
INFO: [ view_parse ] --START--
INFO: [ template_filter ] --START--
INFO: Run Behavior\ContentReplaceBehavior [ RunTime:0.000370s ]
INFO: [ template_filter ] --END-- [ RunTime:0.001305s ]
INFO: Run Behavior\ParseTemplateBehavior [ RunTime:0.175771s ]
INFO: [ view_parse ] --END-- [ RunTime:0.176528s ]
INFO: [ view_filter ] --START--
INFO: Run Behavior\WriteHtmlCacheBehavior [ RunTime:0.003508s ]
INFO: [ view_filter ] --END-- [ RunTime:0.004099s ]
INFO: [ app_end ] --START--
INFO: Run Behavior\ShowPageTraceBehavior [ RunTime:0.004046s ]
INFO: [ app_end ] --END-- [ RunTime:0.005066s ]

[ 2016-11-20T14:42:41+08:00 ] ::1 /armoire/Home/OrderItem/viewOrderItem/order_uid/4
INFO: [ app_init ] --START--
INFO: Run Behavior\BuildLiteBehavior [ RunTime:0.000116s ]
INFO: [ app_init ] --END-- [ RunTime:0.002166s ]
INFO: [ app_begin ] --START--
INFO: Run Behavior\ReadHtmlCacheBehavior [ RunTime:0.003191s ]
INFO: [ app_begin ] --END-- [ RunTime:0.003869s ]
SQL: SHOW COLUMNS FROM `armoire_order` [ RunTime:0.0327s ]
SQL: SELECT * FROM `armoire_order` WHERE ( uid=4 ) LIMIT 1   [ RunTime:0.0011s ]
SQL: SHOW COLUMNS FROM `armoire_user` [ RunTime:0.0042s ]
SQL: SELECT `uid`,`display_name` FROM `armoire_user` ORDER BY display_name  [ RunTime:0.0014s ]
INFO: [ view_parse ] --START--
INFO: [ template_filter ] --START--
INFO: Run Behavior\ContentReplaceBehavior [ RunTime:0.001004s ]
INFO: [ template_filter ] --END-- [ RunTime:0.001646s ]
NOTIC: [8] Undefined variable: record C:\wamp64\www\armoire\Application\Runtime\Cache\Home\2f3782f5b5c7427187dfae82cf96f6f9.php 第 81 行.
NOTIC: [8] Undefined variable: record C:\wamp64\www\armoire\Application\Runtime\Cache\Home\2f3782f5b5c7427187dfae82cf96f6f9.php 第 263 行.
NOTIC: [8] Undefined variable: record C:\wamp64\www\armoire\Application\Runtime\Cache\Home\2f3782f5b5c7427187dfae82cf96f6f9.php 第 313 行.
NOTIC: [8] Undefined variable: record C:\wamp64\www\armoire\Application\Runtime\Cache\Home\2f3782f5b5c7427187dfae82cf96f6f9.php 第 321 行.
NOTIC: [8] Undefined variable: record C:\wamp64\www\armoire\Application\Runtime\Cache\Home\2f3782f5b5c7427187dfae82cf96f6f9.php 第 408 行.
INFO: Run Behavior\ParseTemplateBehavior [ RunTime:0.751998s ]
INFO: [ view_parse ] --END-- [ RunTime:0.752612s ]
INFO: [ view_filter ] --START--
INFO: Run Behavior\WriteHtmlCacheBehavior [ RunTime:0.001860s ]
INFO: [ view_filter ] --END-- [ RunTime:0.002422s ]
INFO: [ app_end ] --START--
INFO: Run Behavior\ShowPageTraceBehavior [ RunTime:0.002422s ]
INFO: [ app_end ] --END-- [ RunTime:0.002962s ]

[ 2016-11-20T14:42:44+08:00 ] ::1 /armoire/Home/OrderItem/viewOrderItem/order_uid/2/item_uid/4
INFO: [ app_init ] --START--
INFO: Run Behavior\BuildLiteBehavior [ RunTime:0.000108s ]
INFO: [ app_init ] --END-- [ RunTime:0.001564s ]
INFO: [ app_begin ] --START--
INFO: Run Behavior\ReadHtmlCacheBehavior [ RunTime:0.002916s ]
INFO: [ app_begin ] --END-- [ RunTime:0.003542s ]
SQL: SHOW COLUMNS FROM `armoire_order` [ RunTime:0.0559s ]
SQL: SELECT * FROM `armoire_order` WHERE ( uid=2 ) LIMIT 1   [ RunTime:0.0015s ]
SQL: SHOW COLUMNS FROM `armoire_order_item` [ RunTime:0.0022s ]
SQL: SELECT oi.*,o.order_no FROM armoire_order_item as oi INNER JOIN armoire_order as o on o.uid=oi.order_uid  WHERE ( order_uid=2 and oi.uid=4 ) LIMIT 1   [ RunTime:0.0012s ]
SQL: SHOW COLUMNS FROM `armoire_order_item_remark` [ RunTime:0.0018s ]
SQL: SELECT oir.*,u.display_name as user_name FROM armoire_order_item_remark as oir INNER JOIN armoire_user as u on u.uid=oir.assignee  WHERE ( order_uid=2 and item_uid=4 )  [ RunTime:0.0011s ]
SQL: SHOW COLUMNS FROM `armoire_user` [ RunTime:0.0022s ]
SQL: SELECT `uid`,`display_name` FROM `armoire_user` ORDER BY display_name  [ RunTime:0.0008s ]
INFO: [ view_parse ] --START--
INFO: [ template_filter ] --START--
INFO: Run Behavior\ContentReplaceBehavior [ RunTime:0.001304s ]
INFO: [ template_filter ] --END-- [ RunTime:0.002225s ]
INFO: Run Behavior\ParseTemplateBehavior [ RunTime:0.500206s ]
INFO: [ view_parse ] --END-- [ RunTime:0.500813s ]
INFO: [ view_filter ] --START--
INFO: Run Behavior\WriteHtmlCacheBehavior [ RunTime:0.001843s ]
INFO: [ view_filter ] --END-- [ RunTime:0.002531s ]
INFO: [ app_end ] --START--
INFO: Run Behavior\ShowPageTraceBehavior [ RunTime:0.002340s ]
INFO: [ app_end ] --END-- [ RunTime:0.002861s ]

[ 2016-11-20T14:42:46+08:00 ] ::1 /armoire/Home/Login/logout
INFO: [ app_init ] --START--
INFO: Run Behavior\BuildLiteBehavior [ RunTime:0.000104s ]
INFO: [ app_init ] --END-- [ RunTime:0.001403s ]
INFO: [ app_begin ] --START--
INFO: Run Behavior\ReadHtmlCacheBehavior [ RunTime:0.002158s ]
INFO: [ app_begin ] --END-- [ RunTime:0.002686s ]

[ 2016-11-20T14:42:46+08:00 ] ::1 /armoire/index.php/Home/Login/index.html
INFO: [ app_init ] --START--
INFO: Run Behavior\BuildLiteBehavior [ RunTime:0.000109s ]
INFO: [ app_init ] --END-- [ RunTime:0.001378s ]
INFO: [ app_begin ] --START--
INFO: Run Behavior\ReadHtmlCacheBehavior [ RunTime:0.002634s ]
INFO: [ app_begin ] --END-- [ RunTime:0.003255s ]
INFO: [ view_parse ] --START--
INFO: [ template_filter ] --START--
INFO: Run Behavior\ContentReplaceBehavior [ RunTime:0.000423s ]
INFO: [ template_filter ] --END-- [ RunTime:0.005182s ]
INFO: Run Behavior\ParseTemplateBehavior [ RunTime:0.034851s ]
INFO: [ view_parse ] --END-- [ RunTime:0.035780s ]
INFO: [ view_filter ] --START--
INFO: Run Behavior\WriteHtmlCacheBehavior [ RunTime:0.002029s ]
INFO: [ view_filter ] --END-- [ RunTime:0.002893s ]
INFO: [ app_end ] --START--
INFO: Run Behavior\ShowPageTraceBehavior [ RunTime:0.004227s ]
INFO: [ app_end ] --END-- [ RunTime:0.004760s ]

[ 2016-11-20T14:42:46+08:00 ] ::1 /armoire/Home/Common/genverify
INFO: [ app_init ] --START--
INFO: Run Behavior\BuildLiteBehavior [ RunTime:0.000119s ]
INFO: [ app_init ] --END-- [ RunTime:0.001931s ]
INFO: [ app_begin ] --START--
INFO: Run Behavior\ReadHtmlCacheBehavior [ RunTime:0.002527s ]
INFO: [ app_begin ] --END-- [ RunTime:0.003086s ]
INFO: [ app_end ] --START--
INFO: Run Behavior\ShowPageTraceBehavior [ RunTime:0.003626s ]
INFO: [ app_end ] --END-- [ RunTime:0.004268s ]

[ 2016-11-20T14:42:46+08:00 ] ::1 /armoire/Home/Common/genverify?F=0.14350425433314795
INFO: [ app_init ] --START--
INFO: Run Behavior\BuildLiteBehavior [ RunTime:0.000107s ]
INFO: [ app_init ] --END-- [ RunTime:0.001623s ]
INFO: [ app_begin ] --START--
INFO: Run Behavior\ReadHtmlCacheBehavior [ RunTime:0.002193s ]
INFO: [ app_begin ] --END-- [ RunTime:0.003389s ]
INFO: [ app_end ] --START--
INFO: Run Behavior\ShowPageTraceBehavior [ RunTime:0.001940s ]
INFO: [ app_end ] --END-- [ RunTime:0.002684s ]

[ 2016-11-20T14:42:51+08:00 ] ::1 /armoire/index.php/Home/Login/login.html
INFO: [ app_init ] --START--
INFO: Run Behavior\BuildLiteBehavior [ RunTime:0.000106s ]
INFO: [ app_init ] --END-- [ RunTime:0.001370s ]
INFO: [ app_begin ] --START--
INFO: Run Behavior\ReadHtmlCacheBehavior [ RunTime:0.001689s ]
INFO: [ app_begin ] --END-- [ RunTime:0.002259s ]
SQL: SHOW COLUMNS FROM `armoire_user` [ RunTime:0.0197s ]
SQL: SELECT * FROM `armoire_user` WHERE ( user_name='admin' and user_password='e99a18c428cb38d5f260853678922e03' ) LIMIT 1   [ RunTime:0.0029s ]
SQL: UPDATE `armoire_user` SET `uid`='1',`user_name`='admin',`user_password`='e99a18c428cb38d5f260853678922e03',`create_time`='2016-10-28 21:45:57',`last_logon_time`='2016-11-20 14:42:51',`user_group`='1',`display_name`='管理员',`update_time`='2016-10-29 22:38:36' WHERE ( user_name='admin' and user_password='e99a18c428cb38d5f260853678922e03' ) [ RunTime:0.0352s ]

[ 2016-11-20T14:42:51+08:00 ] ::1 /armoire/index.php/Home/Index/index.html
INFO: [ app_init ] --START--
INFO: Run Behavior\BuildLiteBehavior [ RunTime:0.000104s ]
INFO: [ app_init ] --END-- [ RunTime:0.001325s ]
INFO: [ app_begin ] --START--
INFO: Run Behavior\ReadHtmlCacheBehavior [ RunTime:0.001725s ]
INFO: [ app_begin ] --END-- [ RunTime:0.002338s ]
SQL: SHOW COLUMNS FROM `armoire_order_item_remark` [ RunTime:0.0643s ]
SQL: SELECT oir.order_uid,oir.item_uid,o.order_no,oi.item_no FROM armoire_order_item_remark as oir INNER JOIN armoire_order_item as oi on oi.uid=oir.item_uid INNER JOIN armoire_order as o on o.uid=oir.order_uid  WHERE ( assignee=1 and oir.status='未完成' ) ORDER BY order_no, item_no  [ RunTime:0.0035s ]
SQL: SELECT oir.order_uid,oir.item_uid,o.order_no,oi.item_no FROM armoire_order_item_remark as oir INNER JOIN armoire_order_item as oi on oi.uid=oir.item_uid INNER JOIN armoire_order as o on o.uid=oir.order_uid  WHERE ( assignee=1 and oir.status='已完成' and date_sub(curdate(), INTERVAL 60 DAY) <= date(o.create_time) ) ORDER BY order_no, item_no  [ RunTime:0.0024s ]
SQL: SHOW COLUMNS FROM `armoire_order` [ RunTime:0.0022s ]
SQL: SELECT o.uid,o.order_no FROM armoire_order as o WHERE ( date_sub(curdate(), INTERVAL 1 MONTH) <= date(`create_time`) ) ORDER BY order_no  [ RunTime:0.0014s ]
SQL: SHOW COLUMNS FROM `armoire_order_item` [ RunTime:0.0021s ]
SQL: SELECT `item_no`,`uid` FROM `armoire_order_item` WHERE ( order_uid=4 ) ORDER BY item_no  [ RunTime:0.0008s ]
NOTIC: [8] Undefined variable: secondLvl C:\wamp64\www\armoire\Application\Home\Controller\OrderItemController.class.php 第 26 行.
SQL: SELECT `item_no`,`uid` FROM `armoire_order_item` WHERE ( order_uid=2 ) ORDER BY item_no  [ RunTime:0.0007s ]
SQL: SELECT `item_no`,`uid` FROM `armoire_order_item` WHERE ( order_uid=10 ) ORDER BY item_no  [ RunTime:0.0011s ]
SQL: SELECT `item_no`,`uid` FROM `armoire_order_item` WHERE ( order_uid=9 ) ORDER BY item_no  [ RunTime:0.0007s ]
SQL: SELECT `item_no`,`uid` FROM `armoire_order_item` WHERE ( order_uid=7 ) ORDER BY item_no  [ RunTime:0.0006s ]
SQL: SELECT `item_no`,`uid` FROM `armoire_order_item` WHERE ( order_uid=6 ) ORDER BY item_no  [ RunTime:0.0006s ]
SQL: SELECT `item_no`,`uid` FROM `armoire_order_item` WHERE ( order_uid=11 ) ORDER BY item_no  [ RunTime:0.0005s ]
SQL: SELECT `item_no`,`uid` FROM `armoire_order_item` WHERE ( order_uid=12 ) ORDER BY item_no  [ RunTime:0.0006s ]
SQL: SELECT o.uid,o.order_no FROM armoire_order as o WHERE ( date_sub(curdate(), INTERVAL 2 MONTH) <= date(`create_time`) and date_sub(curdate(), INTERVAL 1 MONTH) > date(`create_time`) ) ORDER BY order_no  [ RunTime:0.0009s ]
SQL: SELECT o.uid,o.order_no FROM armoire_order as o WHERE ( date_sub(curdate(), INTERVAL 3 MONTH) <= date(`create_time`) and date_sub(curdate(), INTERVAL 2 MONTH) > date(`create_time`) ) ORDER BY order_no  [ RunTime:0.0011s ]
INFO: [ view_parse ] --START--
INFO: [ template_filter ] --START--
INFO: Run Behavior\ContentReplaceBehavior [ RunTime:0.000371s ]
INFO: [ template_filter ] --END-- [ RunTime:0.000943s ]
INFO: Run Behavior\ParseTemplateBehavior [ RunTime:0.028956s ]
INFO: [ view_parse ] --END-- [ RunTime:0.029536s ]
INFO: [ view_filter ] --START--
INFO: Run Behavior\WriteHtmlCacheBehavior [ RunTime:0.001084s ]
INFO: [ view_filter ] --END-- [ RunTime:0.001567s ]
INFO: [ app_end ] --START--
INFO: Run Behavior\ShowPageTraceBehavior [ RunTime:0.001531s ]
INFO: [ app_end ] --END-- [ RunTime:0.002074s ]

[ 2016-11-20T14:42:53+08:00 ] ::1 /armoire/Home/OrderItem/viewOrderItem/order_uid/2/item_uid/5/fromTask/1
INFO: [ app_init ] --START--
INFO: Run Behavior\BuildLiteBehavior [ RunTime:0.000154s ]
INFO: [ app_init ] --END-- [ RunTime:0.002159s ]
INFO: [ app_begin ] --START--
INFO: Run Behavior\ReadHtmlCacheBehavior [ RunTime:0.001914s ]
INFO: [ app_begin ] --END-- [ RunTime:0.002527s ]
SQL: SHOW COLUMNS FROM `armoire_order` [ RunTime:0.0645s ]
SQL: SELECT * FROM `armoire_order` WHERE ( uid=2 ) LIMIT 1   [ RunTime:0.0014s ]
SQL: SHOW COLUMNS FROM `armoire_order_item` [ RunTime:0.0076s ]
SQL: SELECT oi.*,o.order_no FROM armoire_order_item as oi INNER JOIN armoire_order as o on o.uid=oi.order_uid  WHERE ( order_uid=2 and oi.uid=5 ) LIMIT 1   [ RunTime:0.0011s ]
SQL: SHOW COLUMNS FROM `armoire_order_item_remark` [ RunTime:0.0021s ]
SQL: SELECT oir.*,u.display_name as user_name FROM armoire_order_item_remark as oir INNER JOIN armoire_user as u on u.uid=oir.assignee  WHERE ( order_uid=2 and item_uid=5 )  [ RunTime:0.0013s ]
SQL: SHOW COLUMNS FROM `armoire_user` [ RunTime:0.0023s ]
SQL: SELECT `uid`,`display_name` FROM `armoire_user` ORDER BY display_name  [ RunTime:0.0010s ]
INFO: [ view_parse ] --START--
INFO: [ template_filter ] --START--
INFO: Run Behavior\ContentReplaceBehavior [ RunTime:0.001026s ]
INFO: [ template_filter ] --END-- [ RunTime:0.001617s ]
INFO: Run Behavior\ParseTemplateBehavior [ RunTime:0.523869s ]
INFO: [ view_parse ] --END-- [ RunTime:0.524433s ]
INFO: [ view_filter ] --START--
INFO: Run Behavior\WriteHtmlCacheBehavior [ RunTime:0.000875s ]
INFO: [ view_filter ] --END-- [ RunTime:0.001362s ]
INFO: [ app_end ] --START--
INFO: Run Behavior\ShowPageTraceBehavior [ RunTime:0.002266s ]
INFO: [ app_end ] --END-- [ RunTime:0.002990s ]

[ 2016-11-20T14:42:54+08:00 ] ::1 /armoire/Home/User/userList
INFO: [ app_init ] --START--
INFO: Run Behavior\BuildLiteBehavior [ RunTime:0.000126s ]
INFO: [ app_init ] --END-- [ RunTime:0.001632s ]
INFO: [ app_begin ] --START--
INFO: Run Behavior\ReadHtmlCacheBehavior [ RunTime:0.001561s ]
INFO: [ app_begin ] --END-- [ RunTime:0.002113s ]
SQL: SHOW COLUMNS FROM `armoire_user_group` [ RunTime:0.0193s ]
SQL: SELECT * FROM `armoire_user_group`  [ RunTime:0.0008s ]
SQL: SHOW COLUMNS FROM `armoire_user` [ RunTime:0.0289s ]
SQL: SELECT COUNT(*) AS tp_count FROM `armoire_user` LIMIT 1   [ RunTime:0.0008s ]
SQL: SELECT * FROM `armoire_user` ORDER BY user_name LIMIT 0,20   [ RunTime:0.0015s ]
INFO: [ view_parse ] --START--
INFO: [ template_filter ] --START--
INFO: Run Behavior\ContentReplaceBehavior [ RunTime:0.000375s ]
INFO: [ template_filter ] --END-- [ RunTime:0.000914s ]
NOTIC: [8] Use of undefined constant user_group - assumed 'user_group' C:\wamp64\www\armoire\Application\Runtime\Cache\Home\ef4b7fd6613118c7bb9d25012006b037.php 第 63 行.
NOTIC: [8] Use of undefined constant user_group - assumed 'user_group' C:\wamp64\www\armoire\Application\Runtime\Cache\Home\ef4b7fd6613118c7bb9d25012006b037.php 第 63 行.
NOTIC: [8] Use of undefined constant user_group - assumed 'user_group' C:\wamp64\www\armoire\Application\Runtime\Cache\Home\ef4b7fd6613118c7bb9d25012006b037.php 第 63 行.
NOTIC: [8] Use of undefined constant user_group - assumed 'user_group' C:\wamp64\www\armoire\Application\Runtime\Cache\Home\ef4b7fd6613118c7bb9d25012006b037.php 第 63 行.
NOTIC: [8] Use of undefined constant user_group - assumed 'user_group' C:\wamp64\www\armoire\Application\Runtime\Cache\Home\ef4b7fd6613118c7bb9d25012006b037.php 第 63 行.
NOTIC: [8] Use of undefined constant user_group - assumed 'user_group' C:\wamp64\www\armoire\Application\Runtime\Cache\Home\ef4b7fd6613118c7bb9d25012006b037.php 第 63 行.
NOTIC: [8] Use of undefined constant user_group - assumed 'user_group' C:\wamp64\www\armoire\Application\Runtime\Cache\Home\ef4b7fd6613118c7bb9d25012006b037.php 第 63 行.
INFO: Run Behavior\ParseTemplateBehavior [ RunTime:0.040318s ]
INFO: [ view_parse ] --END-- [ RunTime:0.040991s ]
INFO: [ view_filter ] --START--
INFO: Run Behavior\WriteHtmlCacheBehavior [ RunTime:0.000838s ]
INFO: [ view_filter ] --END-- [ RunTime:0.001322s ]
INFO: [ app_end ] --START--
INFO: Run Behavior\ShowPageTraceBehavior [ RunTime:0.001498s ]
INFO: [ app_end ] --END-- [ RunTime:0.002035s ]

[ 2016-11-20T14:43:28+08:00 ] ::1 /armoire/Home/OrderItem/viewOrderItem/order_uid/4
INFO: [ app_init ] --START--
INFO: Run Behavior\BuildLiteBehavior [ RunTime:0.000140s ]
INFO: [ app_init ] --END-- [ RunTime:0.002463s ]
INFO: [ app_begin ] --START--
INFO: Run Behavior\ReadHtmlCacheBehavior [ RunTime:0.001536s ]
INFO: [ app_begin ] --END-- [ RunTime:0.002063s ]
SQL: SHOW COLUMNS FROM `armoire_order` [ RunTime:0.0315s ]
SQL: SELECT * FROM `armoire_order` WHERE ( uid=4 ) LIMIT 1   [ RunTime:0.0014s ]
SQL: SHOW COLUMNS FROM `armoire_user` [ RunTime:0.0028s ]
SQL: SELECT `uid`,`display_name` FROM `armoire_user` ORDER BY display_name  [ RunTime:0.0010s ]
INFO: [ view_parse ] --START--
INFO: [ template_filter ] --START--
INFO: Run Behavior\ContentReplaceBehavior [ RunTime:0.000935s ]
INFO: [ template_filter ] --END-- [ RunTime:0.001470s ]
NOTIC: [8] Undefined variable: record C:\wamp64\www\armoire\Application\Runtime\Cache\Home\2f3782f5b5c7427187dfae82cf96f6f9.php 第 81 行.
NOTIC: [8] Undefined variable: record C:\wamp64\www\armoire\Application\Runtime\Cache\Home\2f3782f5b5c7427187dfae82cf96f6f9.php 第 263 行.
NOTIC: [8] Undefined variable: record C:\wamp64\www\armoire\Application\Runtime\Cache\Home\2f3782f5b5c7427187dfae82cf96f6f9.php 第 313 行.
NOTIC: [8] Undefined variable: record C:\wamp64\www\armoire\Application\Runtime\Cache\Home\2f3782f5b5c7427187dfae82cf96f6f9.php 第 321 行.
NOTIC: [8] Undefined variable: record C:\wamp64\www\armoire\Application\Runtime\Cache\Home\2f3782f5b5c7427187dfae82cf96f6f9.php 第 408 行.
INFO: Run Behavior\ParseTemplateBehavior [ RunTime:0.529654s ]
INFO: [ view_parse ] --END-- [ RunTime:0.530300s ]
INFO: [ view_filter ] --START--
INFO: Run Behavior\WriteHtmlCacheBehavior [ RunTime:0.000976s ]
INFO: [ view_filter ] --END-- [ RunTime:0.001468s ]
INFO: [ app_end ] --START--
INFO: Run Behavior\ShowPageTraceBehavior [ RunTime:0.002273s ]
INFO: [ app_end ] --END-- [ RunTime:0.002900s ]

[ 2016-11-20T14:43:31+08:00 ] ::1 /armoire/Home/Order/addOrderIn
INFO: [ app_init ] --START--
INFO: Run Behavior\BuildLiteBehavior [ RunTime:0.000114s ]
INFO: [ app_init ] --END-- [ RunTime:0.002436s ]
INFO: [ app_begin ] --START--
INFO: Run Behavior\ReadHtmlCacheBehavior [ RunTime:0.001508s ]
INFO: [ app_begin ] --END-- [ RunTime:0.002034s ]
INFO: [ view_parse ] --START--
INFO: [ template_filter ] --START--
INFO: Run Behavior\ContentReplaceBehavior [ RunTime:0.000382s ]
INFO: [ template_filter ] --END-- [ RunTime:0.000970s ]
INFO: Run Behavior\ParseTemplateBehavior [ RunTime:0.026190s ]
INFO: [ view_parse ] --END-- [ RunTime:0.027054s ]
INFO: [ view_filter ] --START--
INFO: Run Behavior\WriteHtmlCacheBehavior [ RunTime:0.003015s ]
INFO: [ view_filter ] --END-- [ RunTime:0.003775s ]
INFO: [ app_end ] --START--
INFO: Run Behavior\ShowPageTraceBehavior [ RunTime:0.001802s ]
INFO: [ app_end ] --END-- [ RunTime:0.002900s ]

[ 2016-11-20T14:43:34+08:00 ] ::1 /armoire/Home/OrderItem/viewOrderItem/order_uid/2/item_uid/5
INFO: [ app_init ] --START--
INFO: Run Behavior\BuildLiteBehavior [ RunTime:0.000111s ]
INFO: [ app_init ] --END-- [ RunTime:0.001612s ]
INFO: [ app_begin ] --START--
INFO: Run Behavior\ReadHtmlCacheBehavior [ RunTime:0.001530s ]
INFO: [ app_begin ] --END-- [ RunTime:0.002079s ]
SQL: SHOW COLUMNS FROM `armoire_order` [ RunTime:0.0631s ]
SQL: SELECT * FROM `armoire_order` WHERE ( uid=2 ) LIMIT 1   [ RunTime:0.0012s ]
SQL: SHOW COLUMNS FROM `armoire_order_item` [ RunTime:0.0105s ]
SQL: SELECT oi.*,o.order_no FROM armoire_order_item as oi INNER JOIN armoire_order as o on o.uid=oi.order_uid  WHERE ( order_uid=2 and oi.uid=5 ) LIMIT 1   [ RunTime:0.0010s ]
SQL: SHOW COLUMNS FROM `armoire_order_item_remark` [ RunTime:0.0016s ]
SQL: SELECT oir.*,u.display_name as user_name FROM armoire_order_item_remark as oir INNER JOIN armoire_user as u on u.uid=oir.assignee  WHERE ( order_uid=2 and item_uid=5 )  [ RunTime:0.0013s ]
SQL: SHOW COLUMNS FROM `armoire_user` [ RunTime:0.0020s ]
SQL: SELECT `uid`,`display_name` FROM `armoire_user` ORDER BY display_name  [ RunTime:0.0012s ]
INFO: [ view_parse ] --START--
INFO: [ template_filter ] --START--
INFO: Run Behavior\ContentReplaceBehavior [ RunTime:0.001115s ]
INFO: [ template_filter ] --END-- [ RunTime:0.002169s ]
INFO: Run Behavior\ParseTemplateBehavior [ RunTime:0.531426s ]
INFO: [ view_parse ] --END-- [ RunTime:0.532084s ]
INFO: [ view_filter ] --START--
INFO: Run Behavior\WriteHtmlCacheBehavior [ RunTime:0.000968s ]
INFO: [ view_filter ] --END-- [ RunTime:0.001463s ]
INFO: [ app_end ] --START--
INFO: Run Behavior\ShowPageTraceBehavior [ RunTime:0.001528s ]
INFO: [ app_end ] --END-- [ RunTime:0.002063s ]

[ 2016-11-20T14:46:19+08:00 ] ::1 /armoire/Home/OrderItem/viewOrderItem/order_uid/2/item_uid/9
INFO: [ app_init ] --START--
INFO: Run Behavior\BuildLiteBehavior [ RunTime:0.000110s ]
INFO: [ app_init ] --END-- [ RunTime:0.001701s ]
INFO: [ app_begin ] --START--
INFO: Run Behavior\ReadHtmlCacheBehavior [ RunTime:0.002376s ]
INFO: [ app_begin ] --END-- [ RunTime:0.004225s ]
SQL: SHOW COLUMNS FROM `armoire_order` [ RunTime:0.0495s ]
SQL: SELECT * FROM `armoire_order` WHERE ( uid=2 ) LIMIT 1   [ RunTime:0.0015s ]
SQL: SHOW COLUMNS FROM `armoire_order_item` [ RunTime:0.0243s ]
SQL: SELECT oi.*,o.order_no FROM armoire_order_item as oi INNER JOIN armoire_order as o on o.uid=oi.order_uid  WHERE ( order_uid=2 and oi.uid=9 ) LIMIT 1   [ RunTime:0.0011s ]
SQL: SHOW COLUMNS FROM `armoire_order_item_remark` [ RunTime:0.0303s ]
SQL: SELECT oir.*,u.display_name as user_name FROM armoire_order_item_remark as oir INNER JOIN armoire_user as u on u.uid=oir.assignee  WHERE ( order_uid=2 and item_uid=9 )  [ RunTime:0.0012s ]
SQL: SHOW COLUMNS FROM `armoire_user` [ RunTime:0.0022s ]
SQL: SELECT `uid`,`display_name` FROM `armoire_user` ORDER BY display_name  [ RunTime:0.0008s ]
INFO: [ view_parse ] --START--
INFO: [ template_filter ] --START--
INFO: Run Behavior\ContentReplaceBehavior [ RunTime:0.001342s ]
INFO: [ template_filter ] --END-- [ RunTime:0.002052s ]
INFO: Run Behavior\ParseTemplateBehavior [ RunTime:0.489643s ]
INFO: [ view_parse ] --END-- [ RunTime:0.490235s ]
INFO: [ view_filter ] --START--
INFO: Run Behavior\WriteHtmlCacheBehavior [ RunTime:0.001318s ]
INFO: [ view_filter ] --END-- [ RunTime:0.001834s ]
INFO: [ app_end ] --START--
INFO: Run Behavior\ShowPageTraceBehavior [ RunTime:0.001732s ]
INFO: [ app_end ] --END-- [ RunTime:0.002254s ]

