[ 2017-02-21T10:24:54+08:00 ] ::1 /armoire/
INFO: [ app_init ] --START--
INFO: Run Behavior\BuildLiteBehavior [ RunTime:0.000114s ]
INFO: [ app_init ] --END-- [ RunTime:0.043736s ]
INFO: [ app_begin ] --START--
INFO: Run Behavior\ReadHtmlCacheBehavior [ RunTime:0.015668s ]
INFO: [ app_begin ] --END-- [ RunTime:0.016239s ]

[ 2017-02-21T10:24:55+08:00 ] ::1 /armoire/index.php/Home/Login/index.html
INFO: [ app_init ] --START--
INFO: Run Behavior\BuildLiteBehavior [ RunTime:0.000105s ]
INFO: [ app_init ] --END-- [ RunTime:0.001388s ]
INFO: [ app_begin ] --START--
INFO: Run Behavior\ReadHtmlCacheBehavior [ RunTime:0.001379s ]
INFO: [ app_begin ] --END-- [ RunTime:0.001916s ]
INFO: [ view_parse ] --START--
INFO: [ template_filter ] --START--
INFO: Run Behavior\ContentReplaceBehavior [ RunTime:0.000374s ]
INFO: [ template_filter ] --END-- [ RunTime:0.001013s ]
INFO: Run Behavior\ParseTemplateBehavior [ RunTime:0.283075s ]
INFO: [ view_parse ] --END-- [ RunTime:0.283619s ]
INFO: [ view_filter ] --START--
INFO: Run Behavior\WriteHtmlCacheBehavior [ RunTime:0.029575s ]
INFO: [ view_filter ] --END-- [ RunTime:0.030097s ]
INFO: [ app_end ] --START--
INFO: Run Behavior\ShowPageTraceBehavior [ RunTime:0.018905s ]
INFO: [ app_end ] --END-- [ RunTime:0.019449s ]

[ 2017-02-21T10:24:55+08:00 ] ::1 /armoire/Home/Common/genverify
INFO: [ app_init ] --START--
INFO: Run Behavior\BuildLiteBehavior [ RunTime:0.000116s ]
INFO: [ app_init ] --END-- [ RunTime:0.001666s ]
INFO: [ app_begin ] --START--
INFO: Run Behavior\ReadHtmlCacheBehavior [ RunTime:0.002379s ]
INFO: [ app_begin ] --END-- [ RunTime:0.002968s ]
INFO: [ app_end ] --START--
INFO: Run Behavior\ShowPageTraceBehavior [ RunTime:0.001924s ]
INFO: [ app_end ] --END-- [ RunTime:0.002527s ]

[ 2017-02-21T10:24:56+08:00 ] ::1 /armoire/Home/Common/genverify?F=0.4557665934463588
INFO: [ app_init ] --START--
INFO: Run Behavior\BuildLiteBehavior [ RunTime:0.000109s ]
INFO: [ app_init ] --END-- [ RunTime:0.001484s ]
INFO: [ app_begin ] --START--
INFO: Run Behavior\ReadHtmlCacheBehavior [ RunTime:0.002020s ]
INFO: [ app_begin ] --END-- [ RunTime:0.002587s ]
INFO: [ app_end ] --START--
INFO: Run Behavior\ShowPageTraceBehavior [ RunTime:0.001698s ]
INFO: [ app_end ] --END-- [ RunTime:0.002311s ]

[ 2017-02-21T10:25:15+08:00 ] ::1 /armoire/index.php/Home/Login/login.html
INFO: [ app_init ] --START--
INFO: Run Behavior\BuildLiteBehavior [ RunTime:0.000109s ]
INFO: [ app_init ] --END-- [ RunTime:0.001443s ]
INFO: [ app_begin ] --START--
INFO: Run Behavior\ReadHtmlCacheBehavior [ RunTime:0.001821s ]
INFO: [ app_begin ] --END-- [ RunTime:0.002380s ]
SQL: SHOW COLUMNS FROM `armoire_user` [ RunTime:0.0445s ]
SQL: SELECT * FROM `armoire_user` WHERE ( user_name='admin' and user_password='e99a18c428cb38d5f260853678922e03' ) LIMIT 1   [ RunTime:0.0100s ]
SQL: UPDATE `armoire_user` SET `uid`='1',`user_name`='admin',`user_password`='e99a18c428cb38d5f260853678922e03',`create_time`='2016-10-28 21:45:57',`last_logon_time`='2017-02-21 10:25:15',`user_group`='1',`display_name`='管理员',`update_time`='2016-10-29 22:38:36' WHERE ( user_name='admin' and user_password='e99a18c428cb38d5f260853678922e03' ) [ RunTime:0.0872s ]

[ 2017-02-21T10:25:15+08:00 ] ::1 /armoire/index.php/Home/Index/index.html
INFO: [ app_init ] --START--
INFO: Run Behavior\BuildLiteBehavior [ RunTime:0.000104s ]
INFO: [ app_init ] --END-- [ RunTime:0.001242s ]
INFO: [ app_begin ] --START--
INFO: Run Behavior\ReadHtmlCacheBehavior [ RunTime:0.001471s ]
INFO: [ app_begin ] --END-- [ RunTime:0.002002s ]
SQL: SHOW COLUMNS FROM `armoire_order_item_remark` [ RunTime:0.1385s ]
SQL: SELECT oir.order_uid,oir.item_uid,o.order_no,oi.item_no FROM armoire_order_item_remark as oir INNER JOIN armoire_order_item as oi on oi.uid=oir.item_uid INNER JOIN armoire_order as o on o.uid=oir.order_uid  WHERE ( assignee=1 and oir.status='未完成' ) ORDER BY order_no, item_no  [ RunTime:0.0530s ]
SQL: SELECT oir.order_uid,oir.item_uid,o.order_no,oi.item_no FROM armoire_order_item_remark as oir INNER JOIN armoire_order_item as oi on oi.uid=oir.item_uid INNER JOIN armoire_order as o on o.uid=oir.order_uid  WHERE ( assignee=1 and oir.status='已完成' and date_sub(curdate(), INTERVAL 60 DAY) <= date(o.create_time) ) ORDER BY order_no, item_no  [ RunTime:0.0025s ]
SQL: SHOW COLUMNS FROM `armoire_order` [ RunTime:0.0034s ]
SQL: SELECT o.uid,o.order_no FROM armoire_order as o WHERE ( date_sub(curdate(), INTERVAL 1 MONTH) <= date(`create_time`) ) ORDER BY order_no  [ RunTime:0.0012s ]
SQL: SELECT o.uid,o.order_no FROM armoire_order as o WHERE ( date_sub(curdate(), INTERVAL 2 MONTH) <= date(`create_time`) and date_sub(curdate(), INTERVAL 1 MONTH) > date(`create_time`) ) ORDER BY order_no  [ RunTime:0.0076s ]
SQL: SELECT o.uid,o.order_no FROM armoire_order as o WHERE ( date_sub(curdate(), INTERVAL 3 MONTH) <= date(`create_time`) and date_sub(curdate(), INTERVAL 2 MONTH) > date(`create_time`) ) ORDER BY order_no  [ RunTime:0.0007s ]
INFO: [ view_parse ] --START--
INFO: [ template_filter ] --START--
INFO: Run Behavior\ContentReplaceBehavior [ RunTime:0.000324s ]
INFO: [ template_filter ] --END-- [ RunTime:0.000851s ]
INFO: Run Behavior\ParseTemplateBehavior [ RunTime:0.046700s ]
INFO: [ view_parse ] --END-- [ RunTime:0.047311s ]
INFO: [ view_filter ] --START--
INFO: Run Behavior\WriteHtmlCacheBehavior [ RunTime:0.000869s ]
INFO: [ view_filter ] --END-- [ RunTime:0.001354s ]
INFO: [ app_end ] --START--
INFO: Run Behavior\ShowPageTraceBehavior [ RunTime:0.001474s ]
INFO: [ app_end ] --END-- [ RunTime:0.001986s ]

[ 2017-02-21T10:25:18+08:00 ] ::1 /armoire/Home/OrderItem/viewOrderItem/order_uid/2/item_uid/5/fromTask/1
INFO: [ app_init ] --START--
INFO: Run Behavior\BuildLiteBehavior [ RunTime:0.000103s ]
INFO: [ app_init ] --END-- [ RunTime:0.001263s ]
INFO: [ app_begin ] --START--
INFO: Run Behavior\ReadHtmlCacheBehavior [ RunTime:0.001560s ]
INFO: [ app_begin ] --END-- [ RunTime:0.002093s ]
SQL: SHOW COLUMNS FROM `armoire_order` [ RunTime:0.0850s ]
SQL: SELECT * FROM `armoire_order` WHERE ( uid=2 ) LIMIT 1   [ RunTime:0.0011s ]
SQL: SHOW COLUMNS FROM `armoire_order_item` [ RunTime:0.0072s ]
SQL: SELECT oi.*,o.order_no FROM armoire_order_item as oi INNER JOIN armoire_order as o on o.uid=oi.order_uid  WHERE ( order_uid=2 and oi.uid=5 ) LIMIT 1   [ RunTime:0.0097s ]
SQL: SHOW COLUMNS FROM `armoire_order_item_remark` [ RunTime:0.0166s ]
SQL: SELECT oir.*,u.display_name as user_name FROM armoire_order_item_remark as oir INNER JOIN armoire_user as u on u.uid=oir.assignee  WHERE ( order_uid=2 and item_uid=5 )  [ RunTime:0.0013s ]
SQL: SHOW COLUMNS FROM `armoire_user` [ RunTime:0.0099s ]
SQL: SELECT `uid`,`display_name` FROM `armoire_user` ORDER BY display_name  [ RunTime:0.0010s ]
INFO: [ view_parse ] --START--
INFO: [ template_filter ] --START--
INFO: Run Behavior\ContentReplaceBehavior [ RunTime:0.000991s ]
INFO: [ template_filter ] --END-- [ RunTime:0.001555s ]
INFO: Run Behavior\ParseTemplateBehavior [ RunTime:0.552519s ]
INFO: [ view_parse ] --END-- [ RunTime:0.553081s ]
INFO: [ view_filter ] --START--
INFO: Run Behavior\WriteHtmlCacheBehavior [ RunTime:0.000831s ]
INFO: [ view_filter ] --END-- [ RunTime:0.001307s ]
INFO: [ app_end ] --START--
INFO: Run Behavior\ShowPageTraceBehavior [ RunTime:0.001401s ]
INFO: [ app_end ] --END-- [ RunTime:0.001894s ]

[ 2017-02-21T10:45:27+08:00 ] ::1 /armoire/
INFO: [ app_init ] --START--
INFO: Run Behavior\BuildLiteBehavior [ RunTime:0.000034s ]
INFO: [ app_init ] --END-- [ RunTime:0.006410s ]
INFO: [ app_begin ] --START--
INFO: Run Behavior\ReadHtmlCacheBehavior [ RunTime:0.008395s ]
INFO: [ app_begin ] --END-- [ RunTime:0.008511s ]

[ 2017-02-21T10:45:27+08:00 ] ::1 /armoire/index.php/Home/Login/index.html
INFO: [ app_init ] --START--
INFO: Run Behavior\BuildLiteBehavior [ RunTime:0.000018s ]
INFO: [ app_init ] --END-- [ RunTime:0.000374s ]
INFO: [ app_begin ] --START--
INFO: Run Behavior\ReadHtmlCacheBehavior [ RunTime:0.000663s ]
INFO: [ app_begin ] --END-- [ RunTime:0.000757s ]
INFO: [ view_parse ] --START--
INFO: [ template_filter ] --START--
INFO: Run Behavior\ContentReplaceBehavior [ RunTime:0.000059s ]
INFO: [ template_filter ] --END-- [ RunTime:0.000165s ]
INFO: Run Behavior\ParseTemplateBehavior [ RunTime:0.084401s ]
INFO: [ view_parse ] --END-- [ RunTime:0.084516s ]
INFO: [ view_filter ] --START--
INFO: Run Behavior\WriteHtmlCacheBehavior [ RunTime:0.006256s ]
INFO: [ view_filter ] --END-- [ RunTime:0.006356s ]
INFO: [ app_end ] --START--
INFO: Run Behavior\ShowPageTraceBehavior [ RunTime:0.005704s ]
INFO: [ app_end ] --END-- [ RunTime:0.005803s ]

[ 2017-02-21T10:45:27+08:00 ] ::1 /armoire/Home/Common/genverify
INFO: [ app_init ] --START--
INFO: Run Behavior\BuildLiteBehavior [ RunTime:0.000026s ]
INFO: [ app_init ] --END-- [ RunTime:0.000403s ]
INFO: [ app_begin ] --START--
INFO: Run Behavior\ReadHtmlCacheBehavior [ RunTime:0.000662s ]
INFO: [ app_begin ] --END-- [ RunTime:0.000815s ]
INFO: [ app_end ] --START--
INFO: Run Behavior\ShowPageTraceBehavior [ RunTime:0.000530s ]
INFO: [ app_end ] --END-- [ RunTime:0.000640s ]

[ 2017-02-21T10:45:27+08:00 ] ::1 /armoire/Home/Common/genverify?F=0.22187653124642637
INFO: [ app_init ] --START--
INFO: Run Behavior\BuildLiteBehavior [ RunTime:0.000026s ]
INFO: [ app_init ] --END-- [ RunTime:0.000495s ]
INFO: [ app_begin ] --START--
INFO: Run Behavior\ReadHtmlCacheBehavior [ RunTime:0.000716s ]
INFO: [ app_begin ] --END-- [ RunTime:0.000840s ]
INFO: [ app_end ] --START--
INFO: Run Behavior\ShowPageTraceBehavior [ RunTime:0.001894s ]
INFO: [ app_end ] --END-- [ RunTime:0.002126s ]

[ 2017-02-21T10:45:33+08:00 ] ::1 /armoire/index.php/Home/Login/login.html
INFO: [ app_init ] --START--
INFO: Run Behavior\BuildLiteBehavior [ RunTime:0.000024s ]
INFO: [ app_init ] --END-- [ RunTime:0.000405s ]
INFO: [ app_begin ] --START--
INFO: Run Behavior\ReadHtmlCacheBehavior [ RunTime:0.000532s ]
INFO: [ app_begin ] --END-- [ RunTime:0.000637s ]
INFO: [ view_parse ] --START--
INFO: [ template_filter ] --START--
INFO: Run Behavior\ContentReplaceBehavior [ RunTime:0.000054s ]
INFO: [ template_filter ] --END-- [ RunTime:0.000165s ]
INFO: Run Behavior\ParseTemplateBehavior [ RunTime:0.007383s ]
INFO: [ view_parse ] --END-- [ RunTime:0.007496s ]
INFO: [ view_filter ] --START--
INFO: Run Behavior\WriteHtmlCacheBehavior [ RunTime:0.000403s ]
INFO: [ view_filter ] --END-- [ RunTime:0.000505s ]

[ 2017-02-21T10:45:36+08:00 ] ::1 /armoire/Home/Common/genverify?F=0.5889124775145722
INFO: [ app_init ] --START--
INFO: Run Behavior\BuildLiteBehavior [ RunTime:0.000035s ]
INFO: [ app_init ] --END-- [ RunTime:0.000510s ]
INFO: [ app_begin ] --START--
INFO: Run Behavior\ReadHtmlCacheBehavior [ RunTime:0.000770s ]
INFO: [ app_begin ] --END-- [ RunTime:0.000937s ]
INFO: [ app_end ] --START--
INFO: Run Behavior\ShowPageTraceBehavior [ RunTime:0.001319s ]
INFO: [ app_end ] --END-- [ RunTime:0.001524s ]

[ 2017-02-21T10:45:42+08:00 ] ::1 /armoire/index.php/Home/Login/login.html
INFO: [ app_init ] --START--
INFO: Run Behavior\BuildLiteBehavior [ RunTime:0.000025s ]
INFO: [ app_init ] --END-- [ RunTime:0.000452s ]
INFO: [ app_begin ] --START--
INFO: Run Behavior\ReadHtmlCacheBehavior [ RunTime:0.000663s ]
INFO: [ app_begin ] --END-- [ RunTime:0.000772s ]
SQL: SHOW COLUMNS FROM `armoire_user` [ RunTime:0.0111s ]
SQL: SELECT * FROM `armoire_user` WHERE ( user_name='admin' and user_password='e99a18c428cb38d5f260853678922e03' ) LIMIT 1   [ RunTime:0.0006s ]
SQL: UPDATE `armoire_user` SET `uid`='1',`user_name`='admin',`user_password`='e99a18c428cb38d5f260853678922e03',`create_time`='2016-10-28 21:45:57',`last_logon_time`='2017-02-21 10:45:42',`user_group`='1',`display_name`='管理员',`update_time`='2016-10-29 22:38:36' WHERE ( user_name='admin' and user_password='e99a18c428cb38d5f260853678922e03' ) [ RunTime:0.0030s ]

[ 2017-02-21T10:45:42+08:00 ] ::1 /armoire/index.php/Home/Index/index.html
INFO: [ app_init ] --START--
INFO: Run Behavior\BuildLiteBehavior [ RunTime:0.000022s ]
INFO: [ app_init ] --END-- [ RunTime:0.000366s ]
INFO: [ app_begin ] --START--
INFO: Run Behavior\ReadHtmlCacheBehavior [ RunTime:0.000585s ]
INFO: [ app_begin ] --END-- [ RunTime:0.000693s ]
SQL: SHOW COLUMNS FROM `armoire_order_item_remark` [ RunTime:0.0070s ]
SQL: SELECT oir.order_uid,oir.item_uid,o.order_no,oi.item_no FROM armoire_order_item_remark as oir INNER JOIN armoire_order_item as oi on oi.uid=oir.item_uid INNER JOIN armoire_order as o on o.uid=oir.order_uid  WHERE ( assignee=1 and oir.status='未完成' ) ORDER BY order_no, item_no  [ RunTime:0.0008s ]
SQL: SELECT oir.order_uid,oir.item_uid,o.order_no,oi.item_no FROM armoire_order_item_remark as oir INNER JOIN armoire_order_item as oi on oi.uid=oir.item_uid INNER JOIN armoire_order as o on o.uid=oir.order_uid  WHERE ( assignee=1 and oir.status='已完成' and date_sub(curdate(), INTERVAL 60 DAY) <= date(o.create_time) ) ORDER BY order_no, item_no  [ RunTime:0.0003s ]
SQL: SHOW COLUMNS FROM `armoire_order` [ RunTime:0.0069s ]
SQL: SELECT o.uid,o.order_no FROM armoire_order as o WHERE ( date_sub(curdate(), INTERVAL 1 MONTH) <= date(`create_time`) ) ORDER BY order_no  [ RunTime:0.0006s ]
SQL: SELECT o.uid,o.order_no FROM armoire_order as o WHERE ( date_sub(curdate(), INTERVAL 2 MONTH) <= date(`create_time`) and date_sub(curdate(), INTERVAL 1 MONTH) > date(`create_time`) ) ORDER BY order_no  [ RunTime:0.0002s ]
SQL: SELECT o.uid,o.order_no FROM armoire_order as o WHERE ( date_sub(curdate(), INTERVAL 3 MONTH) <= date(`create_time`) and date_sub(curdate(), INTERVAL 2 MONTH) > date(`create_time`) ) ORDER BY order_no  [ RunTime:0.0001s ]
INFO: [ view_parse ] --START--
INFO: [ template_filter ] --START--
INFO: Run Behavior\ContentReplaceBehavior [ RunTime:0.000061s ]
INFO: [ template_filter ] --END-- [ RunTime:0.000162s ]
INFO: Run Behavior\ParseTemplateBehavior [ RunTime:0.033434s ]
INFO: [ view_parse ] --END-- [ RunTime:0.033548s ]
INFO: [ view_filter ] --START--
INFO: Run Behavior\WriteHtmlCacheBehavior [ RunTime:0.000522s ]
INFO: [ view_filter ] --END-- [ RunTime:0.000627s ]
INFO: [ app_end ] --START--
INFO: Run Behavior\ShowPageTraceBehavior [ RunTime:0.000597s ]
INFO: [ app_end ] --END-- [ RunTime:0.000698s ]

[ 2017-02-21T10:45:42+08:00 ] ::1 /armoire/Home/OrderItem/viewOrderItem/order_uid/2/item_uid/5/fromTask/1
INFO: [ app_init ] --START--
INFO: Run Behavior\BuildLiteBehavior [ RunTime:0.000021s ]
INFO: [ app_init ] --END-- [ RunTime:0.000374s ]
INFO: [ app_begin ] --START--
INFO: Run Behavior\ReadHtmlCacheBehavior [ RunTime:0.000500s ]
INFO: [ app_begin ] --END-- [ RunTime:0.000605s ]
SQL: SHOW COLUMNS FROM `armoire_order` [ RunTime:0.0049s ]
SQL: SELECT * FROM `armoire_order` WHERE ( uid=2 ) LIMIT 1   [ RunTime:0.0002s ]
SQL: SHOW COLUMNS FROM `armoire_order_item` [ RunTime:0.0073s ]
SQL: SELECT oi.*,o.order_no FROM armoire_order_item as oi INNER JOIN armoire_order as o on o.uid=oi.order_uid  WHERE ( order_uid=2 and oi.uid=5 ) LIMIT 1   [ RunTime:0.0003s ]
SQL: SHOW COLUMNS FROM `armoire_order_item_remark` [ RunTime:0.0045s ]
SQL: SELECT oir.*,u.display_name as user_name FROM armoire_order_item_remark as oir INNER JOIN armoire_user as u on u.uid=oir.assignee  WHERE ( order_uid=2 and item_uid=5 )  [ RunTime:0.0003s ]
SQL: SHOW COLUMNS FROM `armoire_user` [ RunTime:0.0029s ]
SQL: SELECT `uid`,`display_name` FROM `armoire_user` ORDER BY display_name  [ RunTime:0.0007s ]
INFO: [ view_parse ] --START--
INFO: [ template_filter ] --START--
INFO: Run Behavior\ContentReplaceBehavior [ RunTime:0.000125s ]
INFO: [ template_filter ] --END-- [ RunTime:0.000233s ]
INFO: Run Behavior\ParseTemplateBehavior [ RunTime:0.128332s ]
INFO: [ view_parse ] --END-- [ RunTime:0.128462s ]
INFO: [ view_filter ] --START--
INFO: Run Behavior\WriteHtmlCacheBehavior [ RunTime:0.000380s ]
INFO: [ view_filter ] --END-- [ RunTime:0.000472s ]
INFO: [ app_end ] --START--
INFO: Run Behavior\ShowPageTraceBehavior [ RunTime:0.000498s ]
INFO: [ app_end ] --END-- [ RunTime:0.000590s ]

[ 2017-02-21T10:45:58+08:00 ] ::1 /armoire/Home/MyTask/noCompletedTask
INFO: [ app_init ] --START--
INFO: Run Behavior\BuildLiteBehavior [ RunTime:0.000024s ]
INFO: [ app_init ] --END-- [ RunTime:0.000426s ]
INFO: [ app_begin ] --START--
INFO: Run Behavior\ReadHtmlCacheBehavior [ RunTime:0.000725s ]
INFO: [ app_begin ] --END-- [ RunTime:0.000891s ]
INFO: [ view_parse ] --START--
INFO: [ template_filter ] --START--
INFO: Run Behavior\ContentReplaceBehavior [ RunTime:0.000063s ]
INFO: [ template_filter ] --END-- [ RunTime:0.000183s ]
INFO: Run Behavior\ParseTemplateBehavior [ RunTime:0.016097s ]
INFO: [ view_parse ] --END-- [ RunTime:0.016210s ]
INFO: [ view_filter ] --START--
INFO: Run Behavior\WriteHtmlCacheBehavior [ RunTime:0.000476s ]
INFO: [ view_filter ] --END-- [ RunTime:0.000568s ]
INFO: [ app_end ] --START--
INFO: Run Behavior\ShowPageTraceBehavior [ RunTime:0.000511s ]
INFO: [ app_end ] --END-- [ RunTime:0.000613s ]

[ 2017-02-21T10:46:00+08:00 ] ::1 /armoire/Home/OrderItem/noOrder
INFO: [ app_init ] --START--
INFO: Run Behavior\BuildLiteBehavior [ RunTime:0.000020s ]
INFO: [ app_init ] --END-- [ RunTime:0.000348s ]
INFO: [ app_begin ] --START--
INFO: Run Behavior\ReadHtmlCacheBehavior [ RunTime:0.000481s ]
INFO: [ app_begin ] --END-- [ RunTime:0.000582s ]
INFO: [ view_parse ] --START--
INFO: [ template_filter ] --START--
INFO: Run Behavior\ContentReplaceBehavior [ RunTime:0.000099s ]
INFO: [ template_filter ] --END-- [ RunTime:0.000281s ]
INFO: Run Behavior\ParseTemplateBehavior [ RunTime:0.018184s ]
INFO: [ view_parse ] --END-- [ RunTime:0.018296s ]
INFO: [ view_filter ] --START--
INFO: Run Behavior\WriteHtmlCacheBehavior [ RunTime:0.000373s ]
INFO: [ view_filter ] --END-- [ RunTime:0.000464s ]
INFO: [ app_end ] --START--
INFO: Run Behavior\ShowPageTraceBehavior [ RunTime:0.000503s ]
INFO: [ app_end ] --END-- [ RunTime:0.000593s ]

[ 2017-02-21T10:46:03+08:00 ] ::1 /armoire/Home/OrderItem/noOrder
INFO: [ app_init ] --START--
INFO: Run Behavior\BuildLiteBehavior [ RunTime:0.000022s ]
INFO: [ app_init ] --END-- [ RunTime:0.000358s ]
INFO: [ app_begin ] --START--
INFO: Run Behavior\ReadHtmlCacheBehavior [ RunTime:0.000496s ]
INFO: [ app_begin ] --END-- [ RunTime:0.000606s ]
INFO: [ view_parse ] --START--
INFO: [ template_filter ] --START--
INFO: Run Behavior\ContentReplaceBehavior [ RunTime:0.000059s ]
INFO: [ template_filter ] --END-- [ RunTime:0.000171s ]
INFO: Run Behavior\ParseTemplateBehavior [ RunTime:0.005871s ]
INFO: [ view_parse ] --END-- [ RunTime:0.005987s ]
INFO: [ view_filter ] --START--
INFO: Run Behavior\WriteHtmlCacheBehavior [ RunTime:0.000602s ]
INFO: [ view_filter ] --END-- [ RunTime:0.000710s ]
INFO: [ app_end ] --START--
INFO: Run Behavior\ShowPageTraceBehavior [ RunTime:0.000746s ]
INFO: [ app_end ] --END-- [ RunTime:0.000853s ]

[ 2017-02-21T10:46:05+08:00 ] ::1 /armoire/Home/OrderItem/noOrder
INFO: [ app_init ] --START--
INFO: Run Behavior\BuildLiteBehavior [ RunTime:0.000021s ]
INFO: [ app_init ] --END-- [ RunTime:0.000393s ]
INFO: [ app_begin ] --START--
INFO: Run Behavior\ReadHtmlCacheBehavior [ RunTime:0.000529s ]
INFO: [ app_begin ] --END-- [ RunTime:0.000628s ]
INFO: [ view_parse ] --START--
INFO: [ template_filter ] --START--
INFO: Run Behavior\ContentReplaceBehavior [ RunTime:0.000101s ]
INFO: [ template_filter ] --END-- [ RunTime:0.000278s ]
INFO: Run Behavior\ParseTemplateBehavior [ RunTime:0.008538s ]
INFO: [ view_parse ] --END-- [ RunTime:0.008642s ]
INFO: [ view_filter ] --START--
INFO: Run Behavior\WriteHtmlCacheBehavior [ RunTime:0.000376s ]
INFO: [ view_filter ] --END-- [ RunTime:0.000474s ]
INFO: [ app_end ] --START--
INFO: Run Behavior\ShowPageTraceBehavior [ RunTime:0.000463s ]
INFO: [ app_end ] --END-- [ RunTime:0.000551s ]

[ 2017-02-21T10:46:07+08:00 ] ::1 /armoire/Home/User/userList
INFO: [ app_init ] --START--
INFO: Run Behavior\BuildLiteBehavior [ RunTime:0.000021s ]
INFO: [ app_init ] --END-- [ RunTime:0.000345s ]
INFO: [ app_begin ] --START--
INFO: Run Behavior\ReadHtmlCacheBehavior [ RunTime:0.000475s ]
INFO: [ app_begin ] --END-- [ RunTime:0.000575s ]
SQL: SHOW COLUMNS FROM `armoire_user_group` [ RunTime:0.0140s ]
SQL: SELECT * FROM `armoire_user_group`  [ RunTime:0.0002s ]
SQL: SHOW COLUMNS FROM `armoire_user` [ RunTime:0.0053s ]
SQL: SELECT COUNT(*) AS tp_count FROM `armoire_user` LIMIT 1   [ RunTime:0.0002s ]
SQL: SELECT * FROM `armoire_user` ORDER BY user_name LIMIT 0,20   [ RunTime:0.0003s ]
INFO: [ view_parse ] --START--
INFO: [ template_filter ] --START--
INFO: Run Behavior\ContentReplaceBehavior [ RunTime:0.000068s ]
INFO: [ template_filter ] --END-- [ RunTime:0.000223s ]
NOTIC: [8] Use of undefined constant user_group - assumed 'user_group' C:\wamp\www\armoire\Application\Runtime\Cache\Home\ef4b7fd6613118c7bb9d25012006b037.php 第 63 行.
NOTIC: [8] Use of undefined constant user_group - assumed 'user_group' C:\wamp\www\armoire\Application\Runtime\Cache\Home\ef4b7fd6613118c7bb9d25012006b037.php 第 63 行.
NOTIC: [8] Use of undefined constant user_group - assumed 'user_group' C:\wamp\www\armoire\Application\Runtime\Cache\Home\ef4b7fd6613118c7bb9d25012006b037.php 第 63 行.
NOTIC: [8] Use of undefined constant user_group - assumed 'user_group' C:\wamp\www\armoire\Application\Runtime\Cache\Home\ef4b7fd6613118c7bb9d25012006b037.php 第 63 行.
NOTIC: [8] Use of undefined constant user_group - assumed 'user_group' C:\wamp\www\armoire\Application\Runtime\Cache\Home\ef4b7fd6613118c7bb9d25012006b037.php 第 63 行.
NOTIC: [8] Use of undefined constant user_group - assumed 'user_group' C:\wamp\www\armoire\Application\Runtime\Cache\Home\ef4b7fd6613118c7bb9d25012006b037.php 第 63 行.
NOTIC: [8] Use of undefined constant user_group - assumed 'user_group' C:\wamp\www\armoire\Application\Runtime\Cache\Home\ef4b7fd6613118c7bb9d25012006b037.php 第 63 行.
INFO: Run Behavior\ParseTemplateBehavior [ RunTime:0.050661s ]
INFO: [ view_parse ] --END-- [ RunTime:0.050816s ]
INFO: [ view_filter ] --START--
INFO: Run Behavior\WriteHtmlCacheBehavior [ RunTime:0.000546s ]
INFO: [ view_filter ] --END-- [ RunTime:0.000650s ]
INFO: [ app_end ] --START--
INFO: Run Behavior\ShowPageTraceBehavior [ RunTime:0.001241s ]
INFO: [ app_end ] --END-- [ RunTime:0.001343s ]

[ 2017-02-21T10:50:44+08:00 ] ::1 /armoire/Home/OrderItem/viewOrderItem/order_uid/2/item_uid/5/fromTask/1
INFO: [ app_init ] --START--
INFO: Run Behavior\BuildLiteBehavior [ RunTime:0.000022s ]
INFO: [ app_init ] --END-- [ RunTime:0.000366s ]
INFO: [ app_begin ] --START--
INFO: Run Behavior\ReadHtmlCacheBehavior [ RunTime:0.000555s ]
INFO: [ app_begin ] --END-- [ RunTime:0.000664s ]
SQL: SHOW COLUMNS FROM `armoire_order` [ RunTime:0.0071s ]
SQL: SELECT * FROM `armoire_order` WHERE ( uid=2 ) LIMIT 1   [ RunTime:0.0002s ]
SQL: SHOW COLUMNS FROM `armoire_order_item` [ RunTime:0.0052s ]
SQL: SELECT oi.*,o.order_no FROM armoire_order_item as oi INNER JOIN armoire_order as o on o.uid=oi.order_uid  WHERE ( order_uid=2 and oi.uid=5 ) LIMIT 1   [ RunTime:0.0003s ]
SQL: SHOW COLUMNS FROM `armoire_order_item_remark` [ RunTime:0.0048s ]
SQL: SELECT oir.*,u.display_name as user_name FROM armoire_order_item_remark as oir INNER JOIN armoire_user as u on u.uid=oir.assignee  WHERE ( order_uid=2 and item_uid=5 )  [ RunTime:0.0003s ]
SQL: SHOW COLUMNS FROM `armoire_user` [ RunTime:0.0054s ]
SQL: SELECT `uid`,`display_name` FROM `armoire_user` ORDER BY display_name  [ RunTime:0.0002s ]
INFO: [ view_parse ] --START--
INFO: [ template_filter ] --START--
INFO: Run Behavior\ContentReplaceBehavior [ RunTime:0.000121s ]
INFO: [ template_filter ] --END-- [ RunTime:0.000238s ]
INFO: Run Behavior\ParseTemplateBehavior [ RunTime:0.096468s ]
INFO: [ view_parse ] --END-- [ RunTime:0.096627s ]
INFO: [ view_filter ] --START--
INFO: Run Behavior\WriteHtmlCacheBehavior [ RunTime:0.000368s ]
INFO: [ view_filter ] --END-- [ RunTime:0.000466s ]
INFO: [ app_end ] --START--
INFO: Run Behavior\ShowPageTraceBehavior [ RunTime:0.000490s ]
INFO: [ app_end ] --END-- [ RunTime:0.000580s ]

[ 2017-02-21T10:57:08+08:00 ] ::1 /armoire/index.php/Home/Index/index.html
INFO: [ app_init ] --START--
INFO: Run Behavior\BuildLiteBehavior [ RunTime:0.000023s ]
INFO: [ app_init ] --END-- [ RunTime:0.000420s ]
INFO: [ app_begin ] --START--
INFO: Run Behavior\ReadHtmlCacheBehavior [ RunTime:0.000575s ]
INFO: [ app_begin ] --END-- [ RunTime:0.000686s ]
SQL: SHOW COLUMNS FROM `armoire_order_item_remark` [ RunTime:0.0092s ]
SQL: SELECT oir.order_uid,oir.item_uid,o.order_no,oi.item_no FROM armoire_order_item_remark as oir INNER JOIN armoire_order_item as oi on oi.uid=oir.item_uid INNER JOIN armoire_order as o on o.uid=oir.order_uid  WHERE ( assignee=1 and oir.status='未完成' ) ORDER BY order_no, item_no  [ RunTime:0.0004s ]
SQL: SELECT oir.order_uid,oir.item_uid,o.order_no,oi.item_no FROM armoire_order_item_remark as oir INNER JOIN armoire_order_item as oi on oi.uid=oir.item_uid INNER JOIN armoire_order as o on o.uid=oir.order_uid  WHERE ( assignee=1 and oir.status='已完成' and date_sub(curdate(), INTERVAL 60 DAY) <= date(o.create_time) ) ORDER BY order_no, item_no  [ RunTime:0.0003s ]
SQL: SHOW COLUMNS FROM `armoire_order` [ RunTime:0.0049s ]
SQL: SELECT o.uid,o.order_no FROM armoire_order as o WHERE ( date_sub(curdate(), INTERVAL 1 MONTH) <= date(`create_time`) ) ORDER BY order_no  [ RunTime:0.0002s ]
SQL: SELECT o.uid,o.order_no FROM armoire_order as o WHERE ( date_sub(curdate(), INTERVAL 2 MONTH) <= date(`create_time`) and date_sub(curdate(), INTERVAL 1 MONTH) > date(`create_time`) ) ORDER BY order_no  [ RunTime:0.0002s ]
SQL: SELECT o.uid,o.order_no FROM armoire_order as o WHERE ( date_sub(curdate(), INTERVAL 3 MONTH) <= date(`create_time`) and date_sub(curdate(), INTERVAL 2 MONTH) > date(`create_time`) ) ORDER BY order_no  [ RunTime:0.0001s ]
SQL: SELECT o.uid,o.order_no FROM armoire_order as o WHERE ( date_sub(curdate(), INTERVAL 6 MONTH) <= date(`create_time`) and date_sub(curdate(), INTERVAL 3 MONTH) > date(`create_time`) ) ORDER BY order_no  [ RunTime:0.0002s ]
SQL: SHOW COLUMNS FROM `armoire_order_item` [ RunTime:0.0071s ]
SQL: SELECT `item_no`,`uid` FROM `armoire_order_item` WHERE ( order_uid=4 ) ORDER BY item_no  [ RunTime:0.0002s ]
NOTIC: [8] Undefined variable: secondLvl C:\wamp\www\armoire\Application\Home\Controller\OrderItemController.class.php 第 26 行.
SQL: SELECT `item_no`,`uid` FROM `armoire_order_item` WHERE ( order_uid=2 ) ORDER BY item_no  [ RunTime:0.0001s ]
SQL: SELECT `item_no`,`uid` FROM `armoire_order_item` WHERE ( order_uid=10 ) ORDER BY item_no  [ RunTime:0.0001s ]
SQL: SELECT `item_no`,`uid` FROM `armoire_order_item` WHERE ( order_uid=9 ) ORDER BY item_no  [ RunTime:0.0001s ]
SQL: SELECT `item_no`,`uid` FROM `armoire_order_item` WHERE ( order_uid=7 ) ORDER BY item_no  [ RunTime:0.0001s ]
SQL: SELECT `item_no`,`uid` FROM `armoire_order_item` WHERE ( order_uid=6 ) ORDER BY item_no  [ RunTime:0.0001s ]
SQL: SELECT `item_no`,`uid` FROM `armoire_order_item` WHERE ( order_uid=11 ) ORDER BY item_no  [ RunTime:0.0001s ]
SQL: SELECT `item_no`,`uid` FROM `armoire_order_item` WHERE ( order_uid=12 ) ORDER BY item_no  [ RunTime:0.0001s ]
INFO: [ view_parse ] --START--
INFO: [ template_filter ] --START--
INFO: Run Behavior\ContentReplaceBehavior [ RunTime:0.000061s ]
INFO: [ template_filter ] --END-- [ RunTime:0.000160s ]
INFO: Run Behavior\ParseTemplateBehavior [ RunTime:0.006073s ]
INFO: [ view_parse ] --END-- [ RunTime:0.006170s ]
INFO: [ view_filter ] --START--
INFO: Run Behavior\WriteHtmlCacheBehavior [ RunTime:0.000366s ]
INFO: [ view_filter ] --END-- [ RunTime:0.000458s ]
INFO: [ app_end ] --START--
INFO: Run Behavior\ShowPageTraceBehavior [ RunTime:0.000507s ]
INFO: [ app_end ] --END-- [ RunTime:0.000626s ]

[ 2017-02-21T10:57:08+08:00 ] ::1 /armoire/Home/OrderItem/noOrder
INFO: [ app_init ] --START--
INFO: Run Behavior\BuildLiteBehavior [ RunTime:0.000023s ]
INFO: [ app_init ] --END-- [ RunTime:0.000363s ]
INFO: [ app_begin ] --START--
INFO: Run Behavior\ReadHtmlCacheBehavior [ RunTime:0.000507s ]
INFO: [ app_begin ] --END-- [ RunTime:0.000602s ]
INFO: [ view_parse ] --START--
INFO: [ template_filter ] --START--
INFO: Run Behavior\ContentReplaceBehavior [ RunTime:0.000053s ]
INFO: [ template_filter ] --END-- [ RunTime:0.000151s ]
INFO: Run Behavior\ParseTemplateBehavior [ RunTime:0.005533s ]
INFO: [ view_parse ] --END-- [ RunTime:0.005643s ]
INFO: [ view_filter ] --START--
INFO: Run Behavior\WriteHtmlCacheBehavior [ RunTime:0.000375s ]
INFO: [ view_filter ] --END-- [ RunTime:0.000470s ]
INFO: [ app_end ] --START--
INFO: Run Behavior\ShowPageTraceBehavior [ RunTime:0.000545s ]
INFO: [ app_end ] --END-- [ RunTime:0.000642s ]

[ 2017-02-21T10:58:06+08:00 ] ::1 /armoire/index.php/Home/Index/index.html
INFO: [ app_init ] --START--
INFO: Run Behavior\BuildLiteBehavior [ RunTime:0.000023s ]
INFO: [ app_init ] --END-- [ RunTime:0.000409s ]
INFO: [ app_begin ] --START--
INFO: Run Behavior\ReadHtmlCacheBehavior [ RunTime:0.000523s ]
INFO: [ app_begin ] --END-- [ RunTime:0.000633s ]
SQL: SHOW COLUMNS FROM `armoire_order_item_remark` [ RunTime:0.0076s ]
SQL: SELECT oir.order_uid,oir.item_uid,o.order_no,oi.item_no FROM armoire_order_item_remark as oir INNER JOIN armoire_order_item as oi on oi.uid=oir.item_uid INNER JOIN armoire_order as o on o.uid=oir.order_uid  WHERE ( assignee=1 and oir.status='未完成' ) ORDER BY order_no, item_no  [ RunTime:0.0004s ]
SQL: SELECT oir.order_uid,oir.item_uid,o.order_no,oi.item_no FROM armoire_order_item_remark as oir INNER JOIN armoire_order_item as oi on oi.uid=oir.item_uid INNER JOIN armoire_order as o on o.uid=oir.order_uid  WHERE ( assignee=1 and oir.status='已完成' and date_sub(curdate(), INTERVAL 60 DAY) <= date(o.create_time) ) ORDER BY order_no, item_no  [ RunTime:0.0003s ]
SQL: SHOW COLUMNS FROM `armoire_order` [ RunTime:0.0051s ]
SQL: SELECT o.uid,o.order_no FROM armoire_order as o WHERE ( date_sub(curdate(), INTERVAL 1 MONTH) <= date(`create_time`) ) ORDER BY order_no  [ RunTime:0.0002s ]
SQL: SELECT o.uid,o.order_no FROM armoire_order as o WHERE ( date_sub(curdate(), INTERVAL 2 MONTH) <= date(`create_time`) and date_sub(curdate(), INTERVAL 1 MONTH) > date(`create_time`) ) ORDER BY order_no  [ RunTime:0.0002s ]
SQL: SELECT o.uid,o.order_no FROM armoire_order as o WHERE ( date_sub(curdate(), INTERVAL 3 MONTH) <= date(`create_time`) and date_sub(curdate(), INTERVAL 2 MONTH) > date(`create_time`) ) ORDER BY order_no  [ RunTime:0.0001s ]
SQL: SELECT o.uid,o.order_no FROM armoire_order as o WHERE ( date_sub(curdate(), INTERVAL 6 MONTH) <= date(`create_time`) and date_sub(curdate(), INTERVAL 3 MONTH) > date(`create_time`) ) ORDER BY order_no  [ RunTime:0.0002s ]
SQL: SHOW COLUMNS FROM `armoire_order_item` [ RunTime:0.0052s ]
SQL: SELECT `item_no`,`uid` FROM `armoire_order_item` WHERE ( order_uid=4 ) ORDER BY item_no  [ RunTime:0.0002s ]
NOTIC: [8] Undefined variable: secondLvl C:\wamp\www\armoire\Application\Home\Controller\OrderItemController.class.php 第 26 行.
SQL: SELECT `item_no`,`uid` FROM `armoire_order_item` WHERE ( order_uid=2 ) ORDER BY item_no  [ RunTime:0.0001s ]
SQL: SELECT `item_no`,`uid` FROM `armoire_order_item` WHERE ( order_uid=10 ) ORDER BY item_no  [ RunTime:0.0001s ]
SQL: SELECT `item_no`,`uid` FROM `armoire_order_item` WHERE ( order_uid=9 ) ORDER BY item_no  [ RunTime:0.0001s ]
SQL: SELECT `item_no`,`uid` FROM `armoire_order_item` WHERE ( order_uid=7 ) ORDER BY item_no  [ RunTime:0.0001s ]
SQL: SELECT `item_no`,`uid` FROM `armoire_order_item` WHERE ( order_uid=6 ) ORDER BY item_no  [ RunTime:0.0001s ]
SQL: SELECT `item_no`,`uid` FROM `armoire_order_item` WHERE ( order_uid=11 ) ORDER BY item_no  [ RunTime:0.0001s ]
SQL: SELECT `item_no`,`uid` FROM `armoire_order_item` WHERE ( order_uid=12 ) ORDER BY item_no  [ RunTime:0.0001s ]
INFO: [ view_parse ] --START--
INFO: [ template_filter ] --START--
INFO: Run Behavior\ContentReplaceBehavior [ RunTime:0.000066s ]
INFO: [ template_filter ] --END-- [ RunTime:0.000167s ]
INFO: Run Behavior\ParseTemplateBehavior [ RunTime:0.026389s ]
INFO: [ view_parse ] --END-- [ RunTime:0.026504s ]
INFO: [ view_filter ] --START--
INFO: Run Behavior\WriteHtmlCacheBehavior [ RunTime:0.000385s ]
INFO: [ view_filter ] --END-- [ RunTime:0.000475s ]
INFO: [ app_end ] --START--
INFO: Run Behavior\ShowPageTraceBehavior [ RunTime:0.000507s ]
INFO: [ app_end ] --END-- [ RunTime:0.000594s ]

[ 2017-02-21T10:58:07+08:00 ] ::1 /armoire/Home/OrderItem/noOrder
INFO: [ app_init ] --START--
INFO: Run Behavior\BuildLiteBehavior [ RunTime:0.000025s ]
INFO: [ app_init ] --END-- [ RunTime:0.000406s ]
INFO: [ app_begin ] --START--
INFO: Run Behavior\ReadHtmlCacheBehavior [ RunTime:0.001002s ]
INFO: [ app_begin ] --END-- [ RunTime:0.001173s ]
INFO: [ view_parse ] --START--
INFO: [ template_filter ] --START--
INFO: Run Behavior\ContentReplaceBehavior [ RunTime:0.000057s ]
INFO: [ template_filter ] --END-- [ RunTime:0.000167s ]
INFO: Run Behavior\ParseTemplateBehavior [ RunTime:0.006006s ]
INFO: [ view_parse ] --END-- [ RunTime:0.006112s ]
INFO: [ view_filter ] --START--
INFO: Run Behavior\WriteHtmlCacheBehavior [ RunTime:0.000373s ]
INFO: [ view_filter ] --END-- [ RunTime:0.000464s ]
INFO: [ app_end ] --START--
INFO: Run Behavior\ShowPageTraceBehavior [ RunTime:0.000501s ]
INFO: [ app_end ] --END-- [ RunTime:0.000613s ]

[ 2017-02-21T10:58:08+08:00 ] ::1 /armoire/index.php/Home/Index/order_6_month/noItem.html
INFO: [ app_init ] --START--
INFO: Run Behavior\BuildLiteBehavior [ RunTime:0.000020s ]
INFO: [ app_init ] --END-- [ RunTime:0.000331s ]
INFO: [ app_begin ] --START--
INFO: Run Behavior\ReadHtmlCacheBehavior [ RunTime:0.000540s ]
INFO: [ app_begin ] --END-- [ RunTime:0.000657s ]
ERR: 非法操作:order_6_month

[ 2017-02-21T10:58:31+08:00 ] ::1 /armoire/Home/Login/logout
INFO: [ app_init ] --START--
INFO: Run Behavior\BuildLiteBehavior [ RunTime:0.000022s ]
INFO: [ app_init ] --END-- [ RunTime:0.000369s ]
INFO: [ app_begin ] --START--
INFO: Run Behavior\ReadHtmlCacheBehavior [ RunTime:0.000532s ]
INFO: [ app_begin ] --END-- [ RunTime:0.000646s ]

[ 2017-02-21T10:58:31+08:00 ] ::1 /armoire/index.php/Home/Login/index.html
INFO: [ app_init ] --START--
INFO: Run Behavior\BuildLiteBehavior [ RunTime:0.000020s ]
INFO: [ app_init ] --END-- [ RunTime:0.000342s ]
INFO: [ app_begin ] --START--
INFO: Run Behavior\ReadHtmlCacheBehavior [ RunTime:0.000482s ]
INFO: [ app_begin ] --END-- [ RunTime:0.000585s ]
INFO: [ view_parse ] --START--
INFO: [ template_filter ] --START--
INFO: Run Behavior\ContentReplaceBehavior [ RunTime:0.000055s ]
INFO: [ template_filter ] --END-- [ RunTime:0.000154s ]
INFO: Run Behavior\ParseTemplateBehavior [ RunTime:0.005863s ]
INFO: [ view_parse ] --END-- [ RunTime:0.005956s ]
INFO: [ view_filter ] --START--
INFO: Run Behavior\WriteHtmlCacheBehavior [ RunTime:0.000331s ]
INFO: [ view_filter ] --END-- [ RunTime:0.000419s ]
INFO: [ app_end ] --START--
INFO: Run Behavior\ShowPageTraceBehavior [ RunTime:0.000456s ]
INFO: [ app_end ] --END-- [ RunTime:0.000545s ]

[ 2017-02-21T10:58:31+08:00 ] ::1 /armoire/Home/Common/genverify
INFO: [ app_init ] --START--
INFO: Run Behavior\BuildLiteBehavior [ RunTime:0.000037s ]
INFO: [ app_init ] --END-- [ RunTime:0.000455s ]
INFO: [ app_begin ] --START--
INFO: Run Behavior\ReadHtmlCacheBehavior [ RunTime:0.000575s ]
INFO: [ app_begin ] --END-- [ RunTime:0.000700s ]
INFO: [ app_end ] --START--
INFO: Run Behavior\ShowPageTraceBehavior [ RunTime:0.000512s ]
INFO: [ app_end ] --END-- [ RunTime:0.000618s ]

[ 2017-02-21T10:58:31+08:00 ] ::1 /armoire/Home/Common/genverify?F=0.9466472367858367
INFO: [ app_init ] --START--
INFO: Run Behavior\BuildLiteBehavior [ RunTime:0.000026s ]
INFO: [ app_init ] --END-- [ RunTime:0.000453s ]
INFO: [ app_begin ] --START--
INFO: Run Behavior\ReadHtmlCacheBehavior [ RunTime:0.000668s ]
INFO: [ app_begin ] --END-- [ RunTime:0.000801s ]
INFO: [ app_end ] --START--
INFO: Run Behavior\ShowPageTraceBehavior [ RunTime:0.000847s ]
INFO: [ app_end ] --END-- [ RunTime:0.001037s ]

[ 2017-02-21T10:58:36+08:00 ] ::1 /armoire/index.php/Home/Login/login.html
INFO: [ app_init ] --START--
INFO: Run Behavior\BuildLiteBehavior [ RunTime:0.000022s ]
INFO: [ app_init ] --END-- [ RunTime:0.000372s ]
INFO: [ app_begin ] --START--
INFO: Run Behavior\ReadHtmlCacheBehavior [ RunTime:0.000521s ]
INFO: [ app_begin ] --END-- [ RunTime:0.000635s ]
SQL: SHOW COLUMNS FROM `armoire_user` [ RunTime:0.0093s ]
SQL: SELECT * FROM `armoire_user` WHERE ( user_name='admin' and user_password='e99a18c428cb38d5f260853678922e03' ) LIMIT 1   [ RunTime:0.0003s ]
SQL: UPDATE `armoire_user` SET `uid`='1',`user_name`='admin',`user_password`='e99a18c428cb38d5f260853678922e03',`create_time`='2016-10-28 21:45:57',`last_logon_time`='2017-02-21 10:58:36',`user_group`='1',`display_name`='管理员',`update_time`='2016-10-29 22:38:36' WHERE ( user_name='admin' and user_password='e99a18c428cb38d5f260853678922e03' ) [ RunTime:0.0022s ]

[ 2017-02-21T10:58:36+08:00 ] ::1 /armoire/index.php/Home/Index/index.html
INFO: [ app_init ] --START--
INFO: Run Behavior\BuildLiteBehavior [ RunTime:0.000021s ]
INFO: [ app_init ] --END-- [ RunTime:0.000348s ]
INFO: [ app_begin ] --START--
INFO: Run Behavior\ReadHtmlCacheBehavior [ RunTime:0.000482s ]
INFO: [ app_begin ] --END-- [ RunTime:0.000585s ]
SQL: SHOW COLUMNS FROM `armoire_order_item_remark` [ RunTime:0.0068s ]
SQL: SELECT oir.order_uid,oir.item_uid,o.order_no,oi.item_no FROM armoire_order_item_remark as oir INNER JOIN armoire_order_item as oi on oi.uid=oir.item_uid INNER JOIN armoire_order as o on o.uid=oir.order_uid  WHERE ( assignee=1 and oir.status='未完成' ) ORDER BY order_no, item_no  [ RunTime:0.0004s ]
SQL: SELECT oir.order_uid,oir.item_uid,o.order_no,oi.item_no FROM armoire_order_item_remark as oir INNER JOIN armoire_order_item as oi on oi.uid=oir.item_uid INNER JOIN armoire_order as o on o.uid=oir.order_uid  WHERE ( assignee=1 and oir.status='已完成' and date_sub(curdate(), INTERVAL 60 DAY) <= date(o.create_time) ) ORDER BY order_no, item_no  [ RunTime:0.0003s ]
SQL: SHOW COLUMNS FROM `armoire_order` [ RunTime:0.0052s ]
SQL: SELECT o.uid,o.order_no FROM armoire_order as o WHERE ( date_sub(curdate(), INTERVAL 1 MONTH) <= date(`create_time`) ) ORDER BY order_no  [ RunTime:0.0002s ]
SQL: SELECT o.uid,o.order_no FROM armoire_order as o WHERE ( date_sub(curdate(), INTERVAL 2 MONTH) <= date(`create_time`) and date_sub(curdate(), INTERVAL 1 MONTH) > date(`create_time`) ) ORDER BY order_no  [ RunTime:0.0002s ]
SQL: SELECT o.uid,o.order_no FROM armoire_order as o WHERE ( date_sub(curdate(), INTERVAL 3 MONTH) <= date(`create_time`) and date_sub(curdate(), INTERVAL 2 MONTH) > date(`create_time`) ) ORDER BY order_no  [ RunTime:0.0002s ]
SQL: SELECT o.uid,o.order_no FROM armoire_order as o WHERE ( date_sub(curdate(), INTERVAL 6 MONTH) <= date(`create_time`) and date_sub(curdate(), INTERVAL 3 MONTH) > date(`create_time`) ) ORDER BY order_no  [ RunTime:0.0005s ]
SQL: SHOW COLUMNS FROM `armoire_order_item` [ RunTime:0.0061s ]
SQL: SELECT `item_no`,`uid` FROM `armoire_order_item` WHERE ( order_uid=4 ) ORDER BY item_no  [ RunTime:0.0002s ]
NOTIC: [8] Undefined variable: secondLvl C:\wamp\www\armoire\Application\Home\Controller\OrderItemController.class.php 第 26 行.
SQL: SELECT `item_no`,`uid` FROM `armoire_order_item` WHERE ( order_uid=2 ) ORDER BY item_no  [ RunTime:0.0001s ]
SQL: SELECT `item_no`,`uid` FROM `armoire_order_item` WHERE ( order_uid=10 ) ORDER BY item_no  [ RunTime:0.0001s ]
SQL: SELECT `item_no`,`uid` FROM `armoire_order_item` WHERE ( order_uid=9 ) ORDER BY item_no  [ RunTime:0.0001s ]
SQL: SELECT `item_no`,`uid` FROM `armoire_order_item` WHERE ( order_uid=7 ) ORDER BY item_no  [ RunTime:0.0001s ]
SQL: SELECT `item_no`,`uid` FROM `armoire_order_item` WHERE ( order_uid=6 ) ORDER BY item_no  [ RunTime:0.0001s ]
SQL: SELECT `item_no`,`uid` FROM `armoire_order_item` WHERE ( order_uid=11 ) ORDER BY item_no  [ RunTime:0.0001s ]
SQL: SELECT `item_no`,`uid` FROM `armoire_order_item` WHERE ( order_uid=12 ) ORDER BY item_no  [ RunTime:0.0001s ]
INFO: [ view_parse ] --START--
INFO: [ template_filter ] --START--
INFO: Run Behavior\ContentReplaceBehavior [ RunTime:0.000060s ]
INFO: [ template_filter ] --END-- [ RunTime:0.000150s ]
INFO: Run Behavior\ParseTemplateBehavior [ RunTime:0.006839s ]
INFO: [ view_parse ] --END-- [ RunTime:0.006946s ]
INFO: [ view_filter ] --START--
INFO: Run Behavior\WriteHtmlCacheBehavior [ RunTime:0.000376s ]
INFO: [ view_filter ] --END-- [ RunTime:0.000472s ]
INFO: [ app_end ] --START--
INFO: Run Behavior\ShowPageTraceBehavior [ RunTime:0.000501s ]
INFO: [ app_end ] --END-- [ RunTime:0.000594s ]

[ 2017-02-21T10:58:37+08:00 ] ::1 /armoire/Home/OrderItem/viewOrderItem/order_uid/2/item_uid/5/fromTask/1
INFO: [ app_init ] --START--
INFO: Run Behavior\BuildLiteBehavior [ RunTime:0.000023s ]
INFO: [ app_init ] --END-- [ RunTime:0.000510s ]
INFO: [ app_begin ] --START--
INFO: Run Behavior\ReadHtmlCacheBehavior [ RunTime:0.001186s ]
INFO: [ app_begin ] --END-- [ RunTime:0.001342s ]
SQL: SHOW COLUMNS FROM `armoire_order` [ RunTime:0.0057s ]
SQL: SELECT * FROM `armoire_order` WHERE ( uid=2 ) LIMIT 1   [ RunTime:0.0002s ]
SQL: SHOW COLUMNS FROM `armoire_order_item` [ RunTime:0.0030s ]
SQL: SELECT oi.*,o.order_no FROM armoire_order_item as oi INNER JOIN armoire_order as o on o.uid=oi.order_uid  WHERE ( order_uid=2 and oi.uid=5 ) LIMIT 1   [ RunTime:0.0002s ]
SQL: SHOW COLUMNS FROM `armoire_order_item_remark` [ RunTime:0.0097s ]
SQL: SELECT oir.*,u.display_name as user_name FROM armoire_order_item_remark as oir INNER JOIN armoire_user as u on u.uid=oir.assignee  WHERE ( order_uid=2 and item_uid=5 )  [ RunTime:0.0009s ]
SQL: SHOW COLUMNS FROM `armoire_user` [ RunTime:0.0067s ]
SQL: SELECT `uid`,`display_name` FROM `armoire_user` ORDER BY display_name  [ RunTime:0.0002s ]
INFO: [ view_parse ] --START--
INFO: [ template_filter ] --START--
INFO: Run Behavior\ContentReplaceBehavior [ RunTime:0.000120s ]
INFO: [ template_filter ] --END-- [ RunTime:0.000219s ]
INFO: Run Behavior\ParseTemplateBehavior [ RunTime:0.110291s ]
INFO: [ view_parse ] --END-- [ RunTime:0.110451s ]
INFO: [ view_filter ] --START--
INFO: Run Behavior\WriteHtmlCacheBehavior [ RunTime:0.000657s ]
INFO: [ view_filter ] --END-- [ RunTime:0.000762s ]
INFO: [ app_end ] --START--
INFO: Run Behavior\ShowPageTraceBehavior [ RunTime:0.001042s ]
INFO: [ app_end ] --END-- [ RunTime:0.001179s ]

[ 2017-02-21T10:58:38+08:00 ] ::1 /armoire/index.php/Home/Index/order_6_month/noItem.html
INFO: [ app_init ] --START--
INFO: Run Behavior\BuildLiteBehavior [ RunTime:0.000022s ]
INFO: [ app_init ] --END-- [ RunTime:0.000347s ]
INFO: [ app_begin ] --START--
INFO: Run Behavior\ReadHtmlCacheBehavior [ RunTime:0.000486s ]
INFO: [ app_begin ] --END-- [ RunTime:0.000591s ]
ERR: 非法操作:order_6_month

[ 2017-02-21T10:58:40+08:00 ] ::1 /armoire/Home/OrderItem/noOrder
INFO: [ app_init ] --START--
INFO: Run Behavior\BuildLiteBehavior [ RunTime:0.000044s ]
INFO: [ app_init ] --END-- [ RunTime:0.000583s ]
INFO: [ app_begin ] --START--
INFO: Run Behavior\ReadHtmlCacheBehavior [ RunTime:0.000550s ]
INFO: [ app_begin ] --END-- [ RunTime:0.000674s ]
INFO: [ view_parse ] --START--
INFO: [ template_filter ] --START--
INFO: Run Behavior\ContentReplaceBehavior [ RunTime:0.000056s ]
INFO: [ template_filter ] --END-- [ RunTime:0.000161s ]
INFO: Run Behavior\ParseTemplateBehavior [ RunTime:0.005879s ]
INFO: [ view_parse ] --END-- [ RunTime:0.005982s ]
INFO: [ view_filter ] --START--
INFO: Run Behavior\WriteHtmlCacheBehavior [ RunTime:0.000346s ]
INFO: [ view_filter ] --END-- [ RunTime:0.000433s ]
INFO: [ app_end ] --START--
INFO: Run Behavior\ShowPageTraceBehavior [ RunTime:0.000480s ]
INFO: [ app_end ] --END-- [ RunTime:0.000571s ]

[ 2017-02-21T11:00:50+08:00 ] ::1 /armoire/index.php/Home/Index/index.html
INFO: [ app_init ] --START--
INFO: Run Behavior\BuildLiteBehavior [ RunTime:0.000023s ]
INFO: [ app_init ] --END-- [ RunTime:0.000379s ]
INFO: [ app_begin ] --START--
INFO: Run Behavior\ReadHtmlCacheBehavior [ RunTime:0.000647s ]
INFO: [ app_begin ] --END-- [ RunTime:0.000772s ]
SQL: SHOW COLUMNS FROM `armoire_order_item_remark` [ RunTime:0.0075s ]
SQL: SELECT oir.order_uid,oir.item_uid,o.order_no,oi.item_no FROM armoire_order_item_remark as oir INNER JOIN armoire_order_item as oi on oi.uid=oir.item_uid INNER JOIN armoire_order as o on o.uid=oir.order_uid  WHERE ( assignee=1 and oir.status='未完成' ) ORDER BY order_no, item_no  [ RunTime:0.0004s ]
SQL: SELECT oir.order_uid,oir.item_uid,o.order_no,oi.item_no FROM armoire_order_item_remark as oir INNER JOIN armoire_order_item as oi on oi.uid=oir.item_uid INNER JOIN armoire_order as o on o.uid=oir.order_uid  WHERE ( assignee=1 and oir.status='已完成' and date_sub(curdate(), INTERVAL 60 DAY) <= date(o.create_time) ) ORDER BY order_no, item_no  [ RunTime:0.0003s ]
SQL: SHOW COLUMNS FROM `armoire_order` [ RunTime:0.0049s ]
SQL: SELECT o.uid,o.order_no FROM armoire_order as o WHERE ( date_sub(curdate(), INTERVAL 1 MONTH) <= date(`create_time`) ) ORDER BY order_no  [ RunTime:0.0002s ]
SQL: SELECT o.uid,o.order_no FROM armoire_order as o WHERE ( date_sub(curdate(), INTERVAL 2 MONTH) <= date(`create_time`) and date_sub(curdate(), INTERVAL 1 MONTH) > date(`create_time`) ) ORDER BY order_no  [ RunTime:0.0001s ]
SQL: SELECT o.uid,o.order_no FROM armoire_order as o WHERE ( date_sub(curdate(), INTERVAL 3 MONTH) <= date(`create_time`) and date_sub(curdate(), INTERVAL 2 MONTH) > date(`create_time`) ) ORDER BY order_no  [ RunTime:0.0001s ]
SQL: SELECT o.uid,o.order_no FROM armoire_order as o WHERE ( date_sub(curdate(), INTERVAL 6 MONTH) <= date(`create_time`) and date_sub(curdate(), INTERVAL 3 MONTH) > date(`create_time`) ) ORDER BY order_no  [ RunTime:0.0002s ]
SQL: SHOW COLUMNS FROM `armoire_order_item` [ RunTime:0.0049s ]
SQL: SELECT `item_no`,`uid` FROM `armoire_order_item` WHERE ( order_uid=4 ) ORDER BY item_no  [ RunTime:0.0003s ]
NOTIC: [8] Undefined variable: secondLvl C:\wamp\www\armoire\Application\Home\Controller\OrderItemController.class.php 第 26 行.
SQL: SELECT `item_no`,`uid` FROM `armoire_order_item` WHERE ( order_uid=2 ) ORDER BY item_no  [ RunTime:0.0002s ]
SQL: SELECT `item_no`,`uid` FROM `armoire_order_item` WHERE ( order_uid=10 ) ORDER BY item_no  [ RunTime:0.0001s ]
SQL: SELECT `item_no`,`uid` FROM `armoire_order_item` WHERE ( order_uid=9 ) ORDER BY item_no  [ RunTime:0.0001s ]
SQL: SELECT `item_no`,`uid` FROM `armoire_order_item` WHERE ( order_uid=7 ) ORDER BY item_no  [ RunTime:0.0001s ]
SQL: SELECT `item_no`,`uid` FROM `armoire_order_item` WHERE ( order_uid=6 ) ORDER BY item_no  [ RunTime:0.0001s ]
SQL: SELECT `item_no`,`uid` FROM `armoire_order_item` WHERE ( order_uid=11 ) ORDER BY item_no  [ RunTime:0.0001s ]
SQL: SELECT `item_no`,`uid` FROM `armoire_order_item` WHERE ( order_uid=12 ) ORDER BY item_no  [ RunTime:0.0001s ]
INFO: [ view_parse ] --START--
INFO: [ template_filter ] --START--
INFO: Run Behavior\ContentReplaceBehavior [ RunTime:0.000066s ]
INFO: [ template_filter ] --END-- [ RunTime:0.000167s ]
INFO: Run Behavior\ParseTemplateBehavior [ RunTime:0.026711s ]
INFO: [ view_parse ] --END-- [ RunTime:0.026831s ]
INFO: [ view_filter ] --START--
INFO: Run Behavior\WriteHtmlCacheBehavior [ RunTime:0.000395s ]
INFO: [ view_filter ] --END-- [ RunTime:0.000492s ]
INFO: [ app_end ] --START--
INFO: Run Behavior\ShowPageTraceBehavior [ RunTime:0.000524s ]
INFO: [ app_end ] --END-- [ RunTime:0.000621s ]

[ 2017-02-21T11:00:51+08:00 ] ::1 /armoire/Home/OrderItem/viewOrderItem/order_uid/4
INFO: [ app_init ] --START--
INFO: Run Behavior\BuildLiteBehavior [ RunTime:0.000023s ]
INFO: [ app_init ] --END-- [ RunTime:0.000491s ]
INFO: [ app_begin ] --START--
INFO: Run Behavior\ReadHtmlCacheBehavior [ RunTime:0.000515s ]
INFO: [ app_begin ] --END-- [ RunTime:0.000615s ]
SQL: SHOW COLUMNS FROM `armoire_order` [ RunTime:0.0118s ]
SQL: SELECT * FROM `armoire_order` WHERE ( uid=4 ) LIMIT 1   [ RunTime:0.0002s ]
SQL: SHOW COLUMNS FROM `armoire_user` [ RunTime:0.0072s ]
SQL: SELECT `uid`,`display_name` FROM `armoire_user` ORDER BY display_name  [ RunTime:0.0002s ]
INFO: [ view_parse ] --START--
INFO: [ template_filter ] --START--
INFO: Run Behavior\ContentReplaceBehavior [ RunTime:0.000248s ]
INFO: [ template_filter ] --END-- [ RunTime:0.000464s ]
NOTIC: [8] Undefined variable: record C:\wamp\www\armoire\Application\Runtime\Cache\Home\2f3782f5b5c7427187dfae82cf96f6f9.php 第 81 行.
NOTIC: [8] Undefined variable: record C:\wamp\www\armoire\Application\Runtime\Cache\Home\2f3782f5b5c7427187dfae82cf96f6f9.php 第 263 行.
NOTIC: [8] Undefined variable: record C:\wamp\www\armoire\Application\Runtime\Cache\Home\2f3782f5b5c7427187dfae82cf96f6f9.php 第 313 行.
NOTIC: [8] Undefined variable: record C:\wamp\www\armoire\Application\Runtime\Cache\Home\2f3782f5b5c7427187dfae82cf96f6f9.php 第 321 行.
NOTIC: [8] Undefined variable: record C:\wamp\www\armoire\Application\Runtime\Cache\Home\2f3782f5b5c7427187dfae82cf96f6f9.php 第 408 行.
INFO: Run Behavior\ParseTemplateBehavior [ RunTime:0.110328s ]
INFO: [ view_parse ] --END-- [ RunTime:0.110427s ]
INFO: [ view_filter ] --START--
INFO: Run Behavior\WriteHtmlCacheBehavior [ RunTime:0.000394s ]
INFO: [ view_filter ] --END-- [ RunTime:0.000482s ]
INFO: [ app_end ] --START--
INFO: Run Behavior\ShowPageTraceBehavior [ RunTime:0.000518s ]
INFO: [ app_end ] --END-- [ RunTime:0.000610s ]

[ 2017-02-21T11:00:59+08:00 ] ::1 /armoire/Home/OrderItem/viewOrderItem/order_uid/2/item_uid/4
INFO: [ app_init ] --START--
INFO: Run Behavior\BuildLiteBehavior [ RunTime:0.000023s ]
INFO: [ app_init ] --END-- [ RunTime:0.000389s ]
INFO: [ app_begin ] --START--
INFO: Run Behavior\ReadHtmlCacheBehavior [ RunTime:0.000518s ]
INFO: [ app_begin ] --END-- [ RunTime:0.000622s ]
SQL: SHOW COLUMNS FROM `armoire_order` [ RunTime:0.0090s ]
SQL: SELECT * FROM `armoire_order` WHERE ( uid=2 ) LIMIT 1   [ RunTime:0.0002s ]
SQL: SHOW COLUMNS FROM `armoire_order_item` [ RunTime:0.0055s ]
SQL: SELECT oi.*,o.order_no FROM armoire_order_item as oi INNER JOIN armoire_order as o on o.uid=oi.order_uid  WHERE ( order_uid=2 and oi.uid=4 ) LIMIT 1   [ RunTime:0.0003s ]
SQL: SHOW COLUMNS FROM `armoire_order_item_remark` [ RunTime:0.0059s ]
SQL: SELECT oir.*,u.display_name as user_name FROM armoire_order_item_remark as oir INNER JOIN armoire_user as u on u.uid=oir.assignee  WHERE ( order_uid=2 and item_uid=4 )  [ RunTime:0.0003s ]
SQL: SHOW COLUMNS FROM `armoire_user` [ RunTime:0.0050s ]
SQL: SELECT `uid`,`display_name` FROM `armoire_user` ORDER BY display_name  [ RunTime:0.0002s ]
INFO: [ view_parse ] --START--
INFO: [ template_filter ] --START--
INFO: Run Behavior\ContentReplaceBehavior [ RunTime:0.000151s ]
INFO: [ template_filter ] --END-- [ RunTime:0.000261s ]
INFO: Run Behavior\ParseTemplateBehavior [ RunTime:0.105929s ]
INFO: [ view_parse ] --END-- [ RunTime:0.106058s ]
INFO: [ view_filter ] --START--
INFO: Run Behavior\WriteHtmlCacheBehavior [ RunTime:0.000361s ]
INFO: [ view_filter ] --END-- [ RunTime:0.000490s ]
INFO: [ app_end ] --START--
INFO: Run Behavior\ShowPageTraceBehavior [ RunTime:0.000474s ]
INFO: [ app_end ] --END-- [ RunTime:0.000566s ]

[ 2017-02-21T11:01:04+08:00 ] ::1 /armoire/Home/OrderItem/viewOrderItem/order_uid/9
INFO: [ app_init ] --START--
INFO: Run Behavior\BuildLiteBehavior [ RunTime:0.000025s ]
INFO: [ app_init ] --END-- [ RunTime:0.000391s ]
INFO: [ app_begin ] --START--
INFO: Run Behavior\ReadHtmlCacheBehavior [ RunTime:0.000537s ]
INFO: [ app_begin ] --END-- [ RunTime:0.000650s ]
SQL: SHOW COLUMNS FROM `armoire_order` [ RunTime:0.0089s ]
SQL: SELECT * FROM `armoire_order` WHERE ( uid=9 ) LIMIT 1   [ RunTime:0.0002s ]
SQL: SHOW COLUMNS FROM `armoire_user` [ RunTime:0.0052s ]
SQL: SELECT `uid`,`display_name` FROM `armoire_user` ORDER BY display_name  [ RunTime:0.0002s ]
INFO: [ view_parse ] --START--
INFO: [ template_filter ] --START--
INFO: Run Behavior\ContentReplaceBehavior [ RunTime:0.000159s ]
INFO: [ template_filter ] --END-- [ RunTime:0.000270s ]
NOTIC: [8] Undefined variable: record C:\wamp\www\armoire\Application\Runtime\Cache\Home\2f3782f5b5c7427187dfae82cf96f6f9.php 第 81 行.
NOTIC: [8] Undefined variable: record C:\wamp\www\armoire\Application\Runtime\Cache\Home\2f3782f5b5c7427187dfae82cf96f6f9.php 第 263 行.
NOTIC: [8] Undefined variable: record C:\wamp\www\armoire\Application\Runtime\Cache\Home\2f3782f5b5c7427187dfae82cf96f6f9.php 第 313 行.
NOTIC: [8] Undefined variable: record C:\wamp\www\armoire\Application\Runtime\Cache\Home\2f3782f5b5c7427187dfae82cf96f6f9.php 第 321 行.
NOTIC: [8] Undefined variable: record C:\wamp\www\armoire\Application\Runtime\Cache\Home\2f3782f5b5c7427187dfae82cf96f6f9.php 第 408 行.
INFO: Run Behavior\ParseTemplateBehavior [ RunTime:0.102988s ]
INFO: [ view_parse ] --END-- [ RunTime:0.103086s ]
INFO: [ view_filter ] --START--
INFO: Run Behavior\WriteHtmlCacheBehavior [ RunTime:0.000501s ]
INFO: [ view_filter ] --END-- [ RunTime:0.000589s ]
INFO: [ app_end ] --START--
INFO: Run Behavior\ShowPageTraceBehavior [ RunTime:0.000635s ]
INFO: [ app_end ] --END-- [ RunTime:0.000753s ]

[ 2017-02-21T11:01:05+08:00 ] ::1 /armoire/Home/OrderItem/viewOrderItem/order_uid/10
INFO: [ app_init ] --START--
INFO: Run Behavior\BuildLiteBehavior [ RunTime:0.000022s ]
INFO: [ app_init ] --END-- [ RunTime:0.000371s ]
INFO: [ app_begin ] --START--
INFO: Run Behavior\ReadHtmlCacheBehavior [ RunTime:0.000531s ]
INFO: [ app_begin ] --END-- [ RunTime:0.000644s ]
SQL: SHOW COLUMNS FROM `armoire_order` [ RunTime:0.0074s ]
SQL: SELECT * FROM `armoire_order` WHERE ( uid=10 ) LIMIT 1   [ RunTime:0.0002s ]
SQL: SHOW COLUMNS FROM `armoire_user` [ RunTime:0.0051s ]
SQL: SELECT `uid`,`display_name` FROM `armoire_user` ORDER BY display_name  [ RunTime:0.0002s ]
INFO: [ view_parse ] --START--
INFO: [ template_filter ] --START--
INFO: Run Behavior\ContentReplaceBehavior [ RunTime:0.000159s ]
INFO: [ template_filter ] --END-- [ RunTime:0.000263s ]
NOTIC: [8] Undefined variable: record C:\wamp\www\armoire\Application\Runtime\Cache\Home\2f3782f5b5c7427187dfae82cf96f6f9.php 第 81 行.
NOTIC: [8] Undefined variable: record C:\wamp\www\armoire\Application\Runtime\Cache\Home\2f3782f5b5c7427187dfae82cf96f6f9.php 第 263 行.
NOTIC: [8] Undefined variable: record C:\wamp\www\armoire\Application\Runtime\Cache\Home\2f3782f5b5c7427187dfae82cf96f6f9.php 第 313 行.
NOTIC: [8] Undefined variable: record C:\wamp\www\armoire\Application\Runtime\Cache\Home\2f3782f5b5c7427187dfae82cf96f6f9.php 第 321 行.
NOTIC: [8] Undefined variable: record C:\wamp\www\armoire\Application\Runtime\Cache\Home\2f3782f5b5c7427187dfae82cf96f6f9.php 第 408 行.
INFO: Run Behavior\ParseTemplateBehavior [ RunTime:0.095697s ]
INFO: [ view_parse ] --END-- [ RunTime:0.095803s ]
INFO: [ view_filter ] --START--
INFO: Run Behavior\WriteHtmlCacheBehavior [ RunTime:0.000378s ]
INFO: [ view_filter ] --END-- [ RunTime:0.000464s ]
INFO: [ app_end ] --START--
INFO: Run Behavior\ShowPageTraceBehavior [ RunTime:0.000460s ]
INFO: [ app_end ] --END-- [ RunTime:0.000549s ]

[ 2017-02-21T11:01:06+08:00 ] ::1 /armoire/Home/OrderItem/viewOrderItem/order_uid/2/item_uid/13
INFO: [ app_init ] --START--
INFO: Run Behavior\BuildLiteBehavior [ RunTime:0.000023s ]
INFO: [ app_init ] --END-- [ RunTime:0.000372s ]
INFO: [ app_begin ] --START--
INFO: Run Behavior\ReadHtmlCacheBehavior [ RunTime:0.000532s ]
INFO: [ app_begin ] --END-- [ RunTime:0.000646s ]
SQL: SHOW COLUMNS FROM `armoire_order` [ RunTime:0.0086s ]
SQL: SELECT * FROM `armoire_order` WHERE ( uid=2 ) LIMIT 1   [ RunTime:0.0002s ]
SQL: SHOW COLUMNS FROM `armoire_order_item` [ RunTime:0.0064s ]
SQL: SELECT oi.*,o.order_no FROM armoire_order_item as oi INNER JOIN armoire_order as o on o.uid=oi.order_uid  WHERE ( order_uid=2 and oi.uid=13 ) LIMIT 1   [ RunTime:0.0003s ]
SQL: SHOW COLUMNS FROM `armoire_order_item_remark` [ RunTime:0.0049s ]
SQL: SELECT oir.*,u.display_name as user_name FROM armoire_order_item_remark as oir INNER JOIN armoire_user as u on u.uid=oir.assignee  WHERE ( order_uid=2 and item_uid=13 )  [ RunTime:0.0002s ]
SQL: SHOW COLUMNS FROM `armoire_user` [ RunTime:0.0050s ]
SQL: SELECT `uid`,`display_name` FROM `armoire_user` ORDER BY display_name  [ RunTime:0.0005s ]
INFO: [ view_parse ] --START--
INFO: [ template_filter ] --START--
INFO: Run Behavior\ContentReplaceBehavior [ RunTime:0.000135s ]
INFO: [ template_filter ] --END-- [ RunTime:0.000246s ]
INFO: Run Behavior\ParseTemplateBehavior [ RunTime:0.105949s ]
INFO: [ view_parse ] --END-- [ RunTime:0.106079s ]
INFO: [ view_filter ] --START--
INFO: Run Behavior\WriteHtmlCacheBehavior [ RunTime:0.000368s ]
INFO: [ view_filter ] --END-- [ RunTime:0.000458s ]
INFO: [ app_end ] --START--
INFO: Run Behavior\ShowPageTraceBehavior [ RunTime:0.000719s ]
INFO: [ app_end ] --END-- [ RunTime:0.000828s ]

[ 2017-02-21T11:01:08+08:00 ] ::1 /armoire/Home/OrderItem/viewOrderItem/order_uid/2/item_uid/6
INFO: [ app_init ] --START--
INFO: Run Behavior\BuildLiteBehavior [ RunTime:0.000040s ]
INFO: [ app_init ] --END-- [ RunTime:0.000569s ]
INFO: [ app_begin ] --START--
INFO: Run Behavior\ReadHtmlCacheBehavior [ RunTime:0.001094s ]
INFO: [ app_begin ] --END-- [ RunTime:0.001239s ]
SQL: SHOW COLUMNS FROM `armoire_order` [ RunTime:0.0121s ]
SQL: SELECT * FROM `armoire_order` WHERE ( uid=2 ) LIMIT 1   [ RunTime:0.0003s ]
SQL: SHOW COLUMNS FROM `armoire_order_item` [ RunTime:0.0051s ]
SQL: SELECT oi.*,o.order_no FROM armoire_order_item as oi INNER JOIN armoire_order as o on o.uid=oi.order_uid  WHERE ( order_uid=2 and oi.uid=6 ) LIMIT 1   [ RunTime:0.0003s ]
SQL: SHOW COLUMNS FROM `armoire_order_item_remark` [ RunTime:0.0055s ]
SQL: SELECT oir.*,u.display_name as user_name FROM armoire_order_item_remark as oir INNER JOIN armoire_user as u on u.uid=oir.assignee  WHERE ( order_uid=2 and item_uid=6 )  [ RunTime:0.0003s ]
SQL: SHOW COLUMNS FROM `armoire_user` [ RunTime:0.0056s ]
SQL: SELECT `uid`,`display_name` FROM `armoire_user` ORDER BY display_name  [ RunTime:0.0002s ]
INFO: [ view_parse ] --START--
INFO: [ template_filter ] --START--
INFO: Run Behavior\ContentReplaceBehavior [ RunTime:0.000129s ]
INFO: [ template_filter ] --END-- [ RunTime:0.000240s ]
INFO: Run Behavior\ParseTemplateBehavior [ RunTime:0.105242s ]
INFO: [ view_parse ] --END-- [ RunTime:0.105367s ]
INFO: [ view_filter ] --START--
INFO: Run Behavior\WriteHtmlCacheBehavior [ RunTime:0.000375s ]
INFO: [ view_filter ] --END-- [ RunTime:0.000467s ]
INFO: [ app_end ] --START--
INFO: Run Behavior\ShowPageTraceBehavior [ RunTime:0.000667s ]
INFO: [ app_end ] --END-- [ RunTime:0.000956s ]

[ 2017-02-21T11:01:12+08:00 ] ::1 /armoire/Home/OrderItem/viewOrderItem/order_uid/2/item_uid/5
INFO: [ app_init ] --START--
INFO: Run Behavior\BuildLiteBehavior [ RunTime:0.000025s ]
INFO: [ app_init ] --END-- [ RunTime:0.000389s ]
INFO: [ app_begin ] --START--
INFO: Run Behavior\ReadHtmlCacheBehavior [ RunTime:0.000538s ]
INFO: [ app_begin ] --END-- [ RunTime:0.000652s ]
SQL: SHOW COLUMNS FROM `armoire_order` [ RunTime:0.0112s ]
SQL: SELECT * FROM `armoire_order` WHERE ( uid=2 ) LIMIT 1   [ RunTime:0.0003s ]
SQL: SHOW COLUMNS FROM `armoire_order_item` [ RunTime:0.0065s ]
SQL: SELECT oi.*,o.order_no FROM armoire_order_item as oi INNER JOIN armoire_order as o on o.uid=oi.order_uid  WHERE ( order_uid=2 and oi.uid=5 ) LIMIT 1   [ RunTime:0.0003s ]
SQL: SHOW COLUMNS FROM `armoire_order_item_remark` [ RunTime:0.0061s ]
SQL: SELECT oir.*,u.display_name as user_name FROM armoire_order_item_remark as oir INNER JOIN armoire_user as u on u.uid=oir.assignee  WHERE ( order_uid=2 and item_uid=5 )  [ RunTime:0.0003s ]
SQL: SHOW COLUMNS FROM `armoire_user` [ RunTime:0.0064s ]
SQL: SELECT `uid`,`display_name` FROM `armoire_user` ORDER BY display_name  [ RunTime:0.0003s ]
INFO: [ view_parse ] --START--
INFO: [ template_filter ] --START--
INFO: Run Behavior\ContentReplaceBehavior [ RunTime:0.000170s ]
INFO: [ template_filter ] --END-- [ RunTime:0.000318s ]
INFO: Run Behavior\ParseTemplateBehavior [ RunTime:0.108525s ]
INFO: [ view_parse ] --END-- [ RunTime:0.108650s ]
INFO: [ view_filter ] --START--
INFO: Run Behavior\WriteHtmlCacheBehavior [ RunTime:0.000397s ]
INFO: [ view_filter ] --END-- [ RunTime:0.000495s ]
INFO: [ app_end ] --START--
INFO: Run Behavior\ShowPageTraceBehavior [ RunTime:0.000486s ]
INFO: [ app_end ] --END-- [ RunTime:0.000579s ]

[ 2017-02-21T11:01:15+08:00 ] ::1 /armoire/Home/OrderItem/viewOrderItem/order_uid/2/item_uid/12
INFO: [ app_init ] --START--
INFO: Run Behavior\BuildLiteBehavior [ RunTime:0.000026s ]
INFO: [ app_init ] --END-- [ RunTime:0.000413s ]
INFO: [ app_begin ] --START--
INFO: Run Behavior\ReadHtmlCacheBehavior [ RunTime:0.000695s ]
INFO: [ app_begin ] --END-- [ RunTime:0.000848s ]
SQL: SHOW COLUMNS FROM `armoire_order` [ RunTime:0.0118s ]
SQL: SELECT * FROM `armoire_order` WHERE ( uid=2 ) LIMIT 1   [ RunTime:0.0002s ]
SQL: SHOW COLUMNS FROM `armoire_order_item` [ RunTime:0.0073s ]
SQL: SELECT oi.*,o.order_no FROM armoire_order_item as oi INNER JOIN armoire_order as o on o.uid=oi.order_uid  WHERE ( order_uid=2 and oi.uid=12 ) LIMIT 1   [ RunTime:0.0002s ]
SQL: SHOW COLUMNS FROM `armoire_order_item_remark` [ RunTime:0.0060s ]
SQL: SELECT oir.*,u.display_name as user_name FROM armoire_order_item_remark as oir INNER JOIN armoire_user as u on u.uid=oir.assignee  WHERE ( order_uid=2 and item_uid=12 )  [ RunTime:0.0003s ]
SQL: SHOW COLUMNS FROM `armoire_user` [ RunTime:0.0061s ]
SQL: SELECT `uid`,`display_name` FROM `armoire_user` ORDER BY display_name  [ RunTime:0.0002s ]
INFO: [ view_parse ] --START--
INFO: [ template_filter ] --START--
INFO: Run Behavior\ContentReplaceBehavior [ RunTime:0.000135s ]
INFO: [ template_filter ] --END-- [ RunTime:0.000250s ]
INFO: Run Behavior\ParseTemplateBehavior [ RunTime:0.105525s ]
INFO: [ view_parse ] --END-- [ RunTime:0.105646s ]
INFO: [ view_filter ] --START--
INFO: Run Behavior\WriteHtmlCacheBehavior [ RunTime:0.000368s ]
INFO: [ view_filter ] --END-- [ RunTime:0.000458s ]
INFO: [ app_end ] --START--
INFO: Run Behavior\ShowPageTraceBehavior [ RunTime:0.000473s ]
INFO: [ app_end ] --END-- [ RunTime:0.000564s ]

[ 2017-02-21T11:01:17+08:00 ] ::1 /armoire/Home/OrderItem/viewOrderItem/order_uid/2/item_uid/13
INFO: [ app_init ] --START--
INFO: Run Behavior\BuildLiteBehavior [ RunTime:0.000025s ]
INFO: [ app_init ] --END-- [ RunTime:0.000395s ]
INFO: [ app_begin ] --START--
INFO: Run Behavior\ReadHtmlCacheBehavior [ RunTime:0.000624s ]
INFO: [ app_begin ] --END-- [ RunTime:0.000753s ]
SQL: SHOW COLUMNS FROM `armoire_order` [ RunTime:0.0114s ]
SQL: SELECT * FROM `armoire_order` WHERE ( uid=2 ) LIMIT 1   [ RunTime:0.0002s ]
SQL: SHOW COLUMNS FROM `armoire_order_item` [ RunTime:0.0049s ]
SQL: SELECT oi.*,o.order_no FROM armoire_order_item as oi INNER JOIN armoire_order as o on o.uid=oi.order_uid  WHERE ( order_uid=2 and oi.uid=13 ) LIMIT 1   [ RunTime:0.0003s ]
SQL: SHOW COLUMNS FROM `armoire_order_item_remark` [ RunTime:0.0060s ]
SQL: SELECT oir.*,u.display_name as user_name FROM armoire_order_item_remark as oir INNER JOIN armoire_user as u on u.uid=oir.assignee  WHERE ( order_uid=2 and item_uid=13 )  [ RunTime:0.0003s ]
SQL: SHOW COLUMNS FROM `armoire_user` [ RunTime:0.0049s ]
SQL: SELECT `uid`,`display_name` FROM `armoire_user` ORDER BY display_name  [ RunTime:0.0002s ]
INFO: [ view_parse ] --START--
INFO: [ template_filter ] --START--
INFO: Run Behavior\ContentReplaceBehavior [ RunTime:0.000134s ]
INFO: [ template_filter ] --END-- [ RunTime:0.000245s ]
INFO: Run Behavior\ParseTemplateBehavior [ RunTime:0.096287s ]
INFO: [ view_parse ] --END-- [ RunTime:0.096409s ]
INFO: [ view_filter ] --START--
INFO: Run Behavior\WriteHtmlCacheBehavior [ RunTime:0.000452s ]
INFO: [ view_filter ] --END-- [ RunTime:0.000553s ]
INFO: [ app_end ] --START--
INFO: Run Behavior\ShowPageTraceBehavior [ RunTime:0.000674s ]
INFO: [ app_end ] --END-- [ RunTime:0.000827s ]

[ 2017-02-21T11:01:23+08:00 ] ::1 /armoire/Home/OrderItem/viewOrderItem/order_uid/2/item_uid/6
INFO: [ app_init ] --START--
INFO: Run Behavior\BuildLiteBehavior [ RunTime:0.000024s ]
INFO: [ app_init ] --END-- [ RunTime:0.000390s ]
INFO: [ app_begin ] --START--
INFO: Run Behavior\ReadHtmlCacheBehavior [ RunTime:0.000533s ]
INFO: [ app_begin ] --END-- [ RunTime:0.000648s ]
SQL: SHOW COLUMNS FROM `armoire_order` [ RunTime:0.0093s ]
SQL: SELECT * FROM `armoire_order` WHERE ( uid=2 ) LIMIT 1   [ RunTime:0.0002s ]
SQL: SHOW COLUMNS FROM `armoire_order_item` [ RunTime:0.0049s ]
SQL: SELECT oi.*,o.order_no FROM armoire_order_item as oi INNER JOIN armoire_order as o on o.uid=oi.order_uid  WHERE ( order_uid=2 and oi.uid=6 ) LIMIT 1   [ RunTime:0.0002s ]
SQL: SHOW COLUMNS FROM `armoire_order_item_remark` [ RunTime:0.0055s ]
SQL: SELECT oir.*,u.display_name as user_name FROM armoire_order_item_remark as oir INNER JOIN armoire_user as u on u.uid=oir.assignee  WHERE ( order_uid=2 and item_uid=6 )  [ RunTime:0.0003s ]
SQL: SHOW COLUMNS FROM `armoire_user` [ RunTime:0.0047s ]
SQL: SELECT `uid`,`display_name` FROM `armoire_user` ORDER BY display_name  [ RunTime:0.0002s ]
INFO: [ view_parse ] --START--
INFO: [ template_filter ] --START--
INFO: Run Behavior\ContentReplaceBehavior [ RunTime:0.000125s ]
INFO: [ template_filter ] --END-- [ RunTime:0.000254s ]
INFO: Run Behavior\ParseTemplateBehavior [ RunTime:0.096366s ]
INFO: [ view_parse ] --END-- [ RunTime:0.096486s ]
INFO: [ view_filter ] --START--
INFO: Run Behavior\WriteHtmlCacheBehavior [ RunTime:0.000468s ]
INFO: [ view_filter ] --END-- [ RunTime:0.000586s ]
INFO: [ app_end ] --START--
INFO: Run Behavior\ShowPageTraceBehavior [ RunTime:0.000856s ]
INFO: [ app_end ] --END-- [ RunTime:0.000973s ]

[ 2017-02-21T11:01:25+08:00 ] ::1 /armoire/Home/OrderItem/viewOrderItem/order_uid/2/item_uid/4
INFO: [ app_init ] --START--
INFO: Run Behavior\BuildLiteBehavior [ RunTime:0.000024s ]
INFO: [ app_init ] --END-- [ RunTime:0.000380s ]
INFO: [ app_begin ] --START--
INFO: Run Behavior\ReadHtmlCacheBehavior [ RunTime:0.000539s ]
INFO: [ app_begin ] --END-- [ RunTime:0.000654s ]
SQL: SHOW COLUMNS FROM `armoire_order` [ RunTime:0.0099s ]
SQL: SELECT * FROM `armoire_order` WHERE ( uid=2 ) LIMIT 1   [ RunTime:0.0002s ]
SQL: SHOW COLUMNS FROM `armoire_order_item` [ RunTime:0.0056s ]
SQL: SELECT oi.*,o.order_no FROM armoire_order_item as oi INNER JOIN armoire_order as o on o.uid=oi.order_uid  WHERE ( order_uid=2 and oi.uid=4 ) LIMIT 1   [ RunTime:0.0002s ]
SQL: SHOW COLUMNS FROM `armoire_order_item_remark` [ RunTime:0.0049s ]
SQL: SELECT oir.*,u.display_name as user_name FROM armoire_order_item_remark as oir INNER JOIN armoire_user as u on u.uid=oir.assignee  WHERE ( order_uid=2 and item_uid=4 )  [ RunTime:0.0003s ]
SQL: SHOW COLUMNS FROM `armoire_user` [ RunTime:0.0049s ]
SQL: SELECT `uid`,`display_name` FROM `armoire_user` ORDER BY display_name  [ RunTime:0.0002s ]
INFO: [ view_parse ] --START--
INFO: [ template_filter ] --START--
INFO: Run Behavior\ContentReplaceBehavior [ RunTime:0.000123s ]
INFO: [ template_filter ] --END-- [ RunTime:0.000229s ]
INFO: Run Behavior\ParseTemplateBehavior [ RunTime:0.096503s ]
INFO: [ view_parse ] --END-- [ RunTime:0.096632s ]
INFO: [ view_filter ] --START--
INFO: Run Behavior\WriteHtmlCacheBehavior [ RunTime:0.000394s ]
INFO: [ view_filter ] --END-- [ RunTime:0.000492s ]
INFO: [ app_end ] --START--
INFO: Run Behavior\ShowPageTraceBehavior [ RunTime:0.000536s ]
INFO: [ app_end ] --END-- [ RunTime:0.000662s ]

[ 2017-02-21T11:02:10+08:00 ] ::1 /armoire/Home/OrderItem/viewOrderItem/order_uid/2/item_uid/5
INFO: [ app_init ] --START--
INFO: Run Behavior\BuildLiteBehavior [ RunTime:0.000021s ]
INFO: [ app_init ] --END-- [ RunTime:0.000366s ]
INFO: [ app_begin ] --START--
INFO: Run Behavior\ReadHtmlCacheBehavior [ RunTime:0.000484s ]
INFO: [ app_begin ] --END-- [ RunTime:0.000589s ]
SQL: SHOW COLUMNS FROM `armoire_order` [ RunTime:0.0083s ]
SQL: SELECT * FROM `armoire_order` WHERE ( uid=2 ) LIMIT 1   [ RunTime:0.0002s ]
SQL: SHOW COLUMNS FROM `armoire_order_item` [ RunTime:0.0056s ]
SQL: SELECT oi.*,o.order_no FROM armoire_order_item as oi INNER JOIN armoire_order as o on o.uid=oi.order_uid  WHERE ( order_uid=2 and oi.uid=5 ) LIMIT 1   [ RunTime:0.0003s ]
SQL: SHOW COLUMNS FROM `armoire_order_item_remark` [ RunTime:0.0051s ]
SQL: SELECT oir.*,u.display_name as user_name FROM armoire_order_item_remark as oir INNER JOIN armoire_user as u on u.uid=oir.assignee  WHERE ( order_uid=2 and item_uid=5 )  [ RunTime:0.0003s ]
SQL: SHOW COLUMNS FROM `armoire_user` [ RunTime:0.0051s ]
SQL: SELECT `uid`,`display_name` FROM `armoire_user` ORDER BY display_name  [ RunTime:0.0002s ]
INFO: [ view_parse ] --START--
INFO: [ template_filter ] --START--
INFO: Run Behavior\ContentReplaceBehavior [ RunTime:0.000135s ]
INFO: [ template_filter ] --END-- [ RunTime:0.000247s ]
INFO: Run Behavior\ParseTemplateBehavior [ RunTime:0.102220s ]
INFO: [ view_parse ] --END-- [ RunTime:0.102348s ]
INFO: [ view_filter ] --START--
INFO: Run Behavior\WriteHtmlCacheBehavior [ RunTime:0.000420s ]
INFO: [ view_filter ] --END-- [ RunTime:0.000515s ]
INFO: [ app_end ] --START--
INFO: Run Behavior\ShowPageTraceBehavior [ RunTime:0.000477s ]
INFO: [ app_end ] --END-- [ RunTime:0.000568s ]

[ 2017-02-21T11:02:11+08:00 ] ::1 /armoire/Home/OrderItem/viewOrderItem/order_uid/2/item_uid/6
INFO: [ app_init ] --START--
INFO: Run Behavior\BuildLiteBehavior [ RunTime:0.000024s ]
INFO: [ app_init ] --END-- [ RunTime:0.000417s ]
INFO: [ app_begin ] --START--
INFO: Run Behavior\ReadHtmlCacheBehavior [ RunTime:0.000800s ]
INFO: [ app_begin ] --END-- [ RunTime:0.000986s ]
SQL: SHOW COLUMNS FROM `armoire_order` [ RunTime:0.0061s ]
SQL: SELECT * FROM `armoire_order` WHERE ( uid=2 ) LIMIT 1   [ RunTime:0.0004s ]
SQL: SHOW COLUMNS FROM `armoire_order_item` [ RunTime:0.0034s ]
SQL: SELECT oi.*,o.order_no FROM armoire_order_item as oi INNER JOIN armoire_order as o on o.uid=oi.order_uid  WHERE ( order_uid=2 and oi.uid=6 ) LIMIT 1   [ RunTime:0.0002s ]
SQL: SHOW COLUMNS FROM `armoire_order_item_remark` [ RunTime:0.0030s ]
SQL: SELECT oir.*,u.display_name as user_name FROM armoire_order_item_remark as oir INNER JOIN armoire_user as u on u.uid=oir.assignee  WHERE ( order_uid=2 and item_uid=6 )  [ RunTime:0.0002s ]
SQL: SHOW COLUMNS FROM `armoire_user` [ RunTime:0.0028s ]
SQL: SELECT `uid`,`display_name` FROM `armoire_user` ORDER BY display_name  [ RunTime:0.0002s ]
INFO: [ view_parse ] --START--
INFO: [ template_filter ] --START--
INFO: Run Behavior\ContentReplaceBehavior [ RunTime:0.000136s ]
INFO: [ template_filter ] --END-- [ RunTime:0.000244s ]
INFO: Run Behavior\ParseTemplateBehavior [ RunTime:0.097658s ]
INFO: [ view_parse ] --END-- [ RunTime:0.097778s ]
INFO: [ view_filter ] --START--
INFO: Run Behavior\WriteHtmlCacheBehavior [ RunTime:0.000402s ]
INFO: [ view_filter ] --END-- [ RunTime:0.000488s ]
INFO: [ app_end ] --START--
INFO: Run Behavior\ShowPageTraceBehavior [ RunTime:0.000459s ]
INFO: [ app_end ] --END-- [ RunTime:0.000548s ]

[ 2017-02-21T11:02:14+08:00 ] ::1 /armoire/Home/OrderItem/viewOrderItem/order_uid/2/item_uid/4
INFO: [ app_init ] --START--
INFO: Run Behavior\BuildLiteBehavior [ RunTime:0.000023s ]
INFO: [ app_init ] --END-- [ RunTime:0.000378s ]
INFO: [ app_begin ] --START--
INFO: Run Behavior\ReadHtmlCacheBehavior [ RunTime:0.000557s ]
INFO: [ app_begin ] --END-- [ RunTime:0.000681s ]
SQL: SHOW COLUMNS FROM `armoire_order` [ RunTime:0.0102s ]
SQL: SELECT * FROM `armoire_order` WHERE ( uid=2 ) LIMIT 1   [ RunTime:0.0002s ]
SQL: SHOW COLUMNS FROM `armoire_order_item` [ RunTime:0.0049s ]
SQL: SELECT oi.*,o.order_no FROM armoire_order_item as oi INNER JOIN armoire_order as o on o.uid=oi.order_uid  WHERE ( order_uid=2 and oi.uid=4 ) LIMIT 1   [ RunTime:0.0002s ]
SQL: SHOW COLUMNS FROM `armoire_order_item_remark` [ RunTime:0.0050s ]
SQL: SELECT oir.*,u.display_name as user_name FROM armoire_order_item_remark as oir INNER JOIN armoire_user as u on u.uid=oir.assignee  WHERE ( order_uid=2 and item_uid=4 )  [ RunTime:0.0003s ]
SQL: SHOW COLUMNS FROM `armoire_user` [ RunTime:0.0049s ]
SQL: SELECT `uid`,`display_name` FROM `armoire_user` ORDER BY display_name  [ RunTime:0.0002s ]
INFO: [ view_parse ] --START--
INFO: [ template_filter ] --START--
INFO: Run Behavior\ContentReplaceBehavior [ RunTime:0.000127s ]
INFO: [ template_filter ] --END-- [ RunTime:0.000238s ]
INFO: Run Behavior\ParseTemplateBehavior [ RunTime:0.098009s ]
INFO: [ view_parse ] --END-- [ RunTime:0.098134s ]
INFO: [ view_filter ] --START--
INFO: Run Behavior\WriteHtmlCacheBehavior [ RunTime:0.000409s ]
INFO: [ view_filter ] --END-- [ RunTime:0.000509s ]
INFO: [ app_end ] --START--
INFO: Run Behavior\ShowPageTraceBehavior [ RunTime:0.000465s ]
INFO: [ app_end ] --END-- [ RunTime:0.000552s ]

[ 2017-02-21T11:02:14+08:00 ] ::1 /armoire/Home/OrderItem/viewOrderItem/order_uid/2/item_uid/5
INFO: [ app_init ] --START--
INFO: Run Behavior\BuildLiteBehavior [ RunTime:0.000022s ]
INFO: [ app_init ] --END-- [ RunTime:0.000376s ]
INFO: [ app_begin ] --START--
INFO: Run Behavior\ReadHtmlCacheBehavior [ RunTime:0.000527s ]
INFO: [ app_begin ] --END-- [ RunTime:0.000642s ]
SQL: SHOW COLUMNS FROM `armoire_order` [ RunTime:0.0045s ]
SQL: SELECT * FROM `armoire_order` WHERE ( uid=2 ) LIMIT 1   [ RunTime:0.0006s ]
SQL: SHOW COLUMNS FROM `armoire_order_item` [ RunTime:0.0034s ]
SQL: SELECT oi.*,o.order_no FROM armoire_order_item as oi INNER JOIN armoire_order as o on o.uid=oi.order_uid  WHERE ( order_uid=2 and oi.uid=5 ) LIMIT 1   [ RunTime:0.0002s ]
SQL: SHOW COLUMNS FROM `armoire_order_item_remark` [ RunTime:0.0037s ]
SQL: SELECT oir.*,u.display_name as user_name FROM armoire_order_item_remark as oir INNER JOIN armoire_user as u on u.uid=oir.assignee  WHERE ( order_uid=2 and item_uid=5 )  [ RunTime:0.0002s ]
SQL: SHOW COLUMNS FROM `armoire_user` [ RunTime:0.0028s ]
SQL: SELECT `uid`,`display_name` FROM `armoire_user` ORDER BY display_name  [ RunTime:0.0002s ]
INFO: [ view_parse ] --START--
INFO: [ template_filter ] --START--
INFO: Run Behavior\ContentReplaceBehavior [ RunTime:0.000134s ]
INFO: [ template_filter ] --END-- [ RunTime:0.000243s ]
INFO: Run Behavior\ParseTemplateBehavior [ RunTime:0.101149s ]
INFO: [ view_parse ] --END-- [ RunTime:0.101272s ]
INFO: [ view_filter ] --START--
INFO: Run Behavior\WriteHtmlCacheBehavior [ RunTime:0.000401s ]
INFO: [ view_filter ] --END-- [ RunTime:0.000501s ]
INFO: [ app_end ] --START--
INFO: Run Behavior\ShowPageTraceBehavior [ RunTime:0.000482s ]
INFO: [ app_end ] --END-- [ RunTime:0.000573s ]

[ 2017-02-21T11:02:17+08:00 ] ::1 /armoire/Home/OrderItem/viewOrderItem/order_uid/4
INFO: [ app_init ] --START--
INFO: Run Behavior\BuildLiteBehavior [ RunTime:0.000024s ]
INFO: [ app_init ] --END-- [ RunTime:0.000394s ]
INFO: [ app_begin ] --START--
INFO: Run Behavior\ReadHtmlCacheBehavior [ RunTime:0.000536s ]
INFO: [ app_begin ] --END-- [ RunTime:0.000650s ]
SQL: SHOW COLUMNS FROM `armoire_order` [ RunTime:0.0092s ]
SQL: SELECT * FROM `armoire_order` WHERE ( uid=4 ) LIMIT 1   [ RunTime:0.0002s ]
SQL: SHOW COLUMNS FROM `armoire_user` [ RunTime:0.0069s ]
SQL: SELECT `uid`,`display_name` FROM `armoire_user` ORDER BY display_name  [ RunTime:0.0002s ]
INFO: [ view_parse ] --START--
INFO: [ template_filter ] --START--
INFO: Run Behavior\ContentReplaceBehavior [ RunTime:0.000135s ]
INFO: [ template_filter ] --END-- [ RunTime:0.000238s ]
NOTIC: [8] Undefined variable: record C:\wamp\www\armoire\Application\Runtime\Cache\Home\2f3782f5b5c7427187dfae82cf96f6f9.php 第 81 行.
NOTIC: [8] Undefined variable: record C:\wamp\www\armoire\Application\Runtime\Cache\Home\2f3782f5b5c7427187dfae82cf96f6f9.php 第 263 行.
NOTIC: [8] Undefined variable: record C:\wamp\www\armoire\Application\Runtime\Cache\Home\2f3782f5b5c7427187dfae82cf96f6f9.php 第 313 行.
NOTIC: [8] Undefined variable: record C:\wamp\www\armoire\Application\Runtime\Cache\Home\2f3782f5b5c7427187dfae82cf96f6f9.php 第 321 行.
NOTIC: [8] Undefined variable: record C:\wamp\www\armoire\Application\Runtime\Cache\Home\2f3782f5b5c7427187dfae82cf96f6f9.php 第 408 行.
INFO: Run Behavior\ParseTemplateBehavior [ RunTime:0.096885s ]
INFO: [ view_parse ] --END-- [ RunTime:0.096992s ]
INFO: [ view_filter ] --START--
INFO: Run Behavior\WriteHtmlCacheBehavior [ RunTime:0.000414s ]
INFO: [ view_filter ] --END-- [ RunTime:0.000512s ]
INFO: [ app_end ] --START--
INFO: Run Behavior\ShowPageTraceBehavior [ RunTime:0.000480s ]
INFO: [ app_end ] --END-- [ RunTime:0.000572s ]

[ 2017-02-21T11:02:20+08:00 ] ::1 /armoire/Home/OrderItem/viewOrderItem/order_uid/6
INFO: [ app_init ] --START--
INFO: Run Behavior\BuildLiteBehavior [ RunTime:0.000023s ]
INFO: [ app_init ] --END-- [ RunTime:0.000387s ]
INFO: [ app_begin ] --START--
INFO: Run Behavior\ReadHtmlCacheBehavior [ RunTime:0.000526s ]
INFO: [ app_begin ] --END-- [ RunTime:0.000640s ]
SQL: SHOW COLUMNS FROM `armoire_order` [ RunTime:0.0105s ]
SQL: SELECT * FROM `armoire_order` WHERE ( uid=6 ) LIMIT 1   [ RunTime:0.0002s ]
SQL: SHOW COLUMNS FROM `armoire_user` [ RunTime:0.0055s ]
SQL: SELECT `uid`,`display_name` FROM `armoire_user` ORDER BY display_name  [ RunTime:0.0002s ]
INFO: [ view_parse ] --START--
INFO: [ template_filter ] --START--
INFO: Run Behavior\ContentReplaceBehavior [ RunTime:0.000136s ]
INFO: [ template_filter ] --END-- [ RunTime:0.000256s ]
NOTIC: [8] Undefined variable: record C:\wamp\www\armoire\Application\Runtime\Cache\Home\2f3782f5b5c7427187dfae82cf96f6f9.php 第 81 行.
NOTIC: [8] Undefined variable: record C:\wamp\www\armoire\Application\Runtime\Cache\Home\2f3782f5b5c7427187dfae82cf96f6f9.php 第 263 行.
NOTIC: [8] Undefined variable: record C:\wamp\www\armoire\Application\Runtime\Cache\Home\2f3782f5b5c7427187dfae82cf96f6f9.php 第 313 行.
NOTIC: [8] Undefined variable: record C:\wamp\www\armoire\Application\Runtime\Cache\Home\2f3782f5b5c7427187dfae82cf96f6f9.php 第 321 行.
NOTIC: [8] Undefined variable: record C:\wamp\www\armoire\Application\Runtime\Cache\Home\2f3782f5b5c7427187dfae82cf96f6f9.php 第 408 行.
INFO: Run Behavior\ParseTemplateBehavior [ RunTime:0.096256s ]
INFO: [ view_parse ] --END-- [ RunTime:0.096363s ]
INFO: [ view_filter ] --START--
INFO: Run Behavior\WriteHtmlCacheBehavior [ RunTime:0.000397s ]
INFO: [ view_filter ] --END-- [ RunTime:0.000495s ]
INFO: [ app_end ] --START--
INFO: Run Behavior\ShowPageTraceBehavior [ RunTime:0.000493s ]
INFO: [ app_end ] --END-- [ RunTime:0.000592s ]

[ 2017-02-21T11:04:37+08:00 ] ::1 /armoire/Home/OrderItem/noOrder
INFO: [ app_init ] --START--
INFO: Run Behavior\BuildLiteBehavior [ RunTime:0.000021s ]
INFO: [ app_init ] --END-- [ RunTime:0.000347s ]
INFO: [ app_begin ] --START--
INFO: Run Behavior\ReadHtmlCacheBehavior [ RunTime:0.000504s ]
INFO: [ app_begin ] --END-- [ RunTime:0.000609s ]
INFO: [ view_parse ] --START--
INFO: [ template_filter ] --START--
INFO: Run Behavior\ContentReplaceBehavior [ RunTime:0.000087s ]
INFO: [ template_filter ] --END-- [ RunTime:0.000242s ]
INFO: Run Behavior\ParseTemplateBehavior [ RunTime:0.006045s ]
INFO: [ view_parse ] --END-- [ RunTime:0.006148s ]
INFO: [ view_filter ] --START--
INFO: Run Behavior\WriteHtmlCacheBehavior [ RunTime:0.000375s ]
INFO: [ view_filter ] --END-- [ RunTime:0.000472s ]
INFO: [ app_end ] --START--
INFO: Run Behavior\ShowPageTraceBehavior [ RunTime:0.000546s ]
INFO: [ app_end ] --END-- [ RunTime:0.000642s ]

[ 2017-02-21T11:04:38+08:00 ] ::1 /armoire/Home/OrderItem/noOrder
INFO: [ app_init ] --START--
INFO: Run Behavior\BuildLiteBehavior [ RunTime:0.000024s ]
INFO: [ app_init ] --END-- [ RunTime:0.000553s ]
INFO: [ app_begin ] --START--
INFO: Run Behavior\ReadHtmlCacheBehavior [ RunTime:0.000495s ]
INFO: [ app_begin ] --END-- [ RunTime:0.000601s ]
INFO: [ view_parse ] --START--
INFO: [ template_filter ] --START--
INFO: Run Behavior\ContentReplaceBehavior [ RunTime:0.000053s ]
INFO: [ template_filter ] --END-- [ RunTime:0.000148s ]
INFO: Run Behavior\ParseTemplateBehavior [ RunTime:0.005387s ]
INFO: [ view_parse ] --END-- [ RunTime:0.005489s ]
INFO: [ view_filter ] --START--
INFO: Run Behavior\WriteHtmlCacheBehavior [ RunTime:0.000367s ]
INFO: [ view_filter ] --END-- [ RunTime:0.000462s ]
INFO: [ app_end ] --START--
INFO: Run Behavior\ShowPageTraceBehavior [ RunTime:0.000472s ]
INFO: [ app_end ] --END-- [ RunTime:0.000575s ]

[ 2017-02-21T11:04:39+08:00 ] ::1 /armoire/Home/OrderItem/noOrder
INFO: [ app_init ] --START--
INFO: Run Behavior\BuildLiteBehavior [ RunTime:0.000028s ]
INFO: [ app_init ] --END-- [ RunTime:0.000385s ]
INFO: [ app_begin ] --START--
INFO: Run Behavior\ReadHtmlCacheBehavior [ RunTime:0.000539s ]
INFO: [ app_begin ] --END-- [ RunTime:0.000654s ]
INFO: [ view_parse ] --START--
INFO: [ template_filter ] --START--
INFO: Run Behavior\ContentReplaceBehavior [ RunTime:0.000051s ]
INFO: [ template_filter ] --END-- [ RunTime:0.000155s ]
INFO: Run Behavior\ParseTemplateBehavior [ RunTime:0.006010s ]
INFO: [ view_parse ] --END-- [ RunTime:0.006104s ]
INFO: [ view_filter ] --START--
INFO: Run Behavior\WriteHtmlCacheBehavior [ RunTime:0.000410s ]
INFO: [ view_filter ] --END-- [ RunTime:0.000499s ]
INFO: [ app_end ] --START--
INFO: Run Behavior\ShowPageTraceBehavior [ RunTime:0.000636s ]
INFO: [ app_end ] --END-- [ RunTime:0.000776s ]

[ 2017-02-21T11:04:56+08:00 ] ::1 /armoire/Home/OrderItem/viewOrderItem/order_uid/2/item_uid/5/fromTask/1
INFO: [ app_init ] --START--
INFO: Run Behavior\BuildLiteBehavior [ RunTime:0.000022s ]
INFO: [ app_init ] --END-- [ RunTime:0.000382s ]
INFO: [ app_begin ] --START--
INFO: Run Behavior\ReadHtmlCacheBehavior [ RunTime:0.000517s ]
INFO: [ app_begin ] --END-- [ RunTime:0.000629s ]
SQL: SHOW COLUMNS FROM `armoire_order` [ RunTime:0.0094s ]
SQL: SELECT * FROM `armoire_order` WHERE ( uid=2 ) LIMIT 1   [ RunTime:0.0002s ]
SQL: SHOW COLUMNS FROM `armoire_order_item` [ RunTime:0.0059s ]
SQL: SELECT oi.*,o.order_no FROM armoire_order_item as oi INNER JOIN armoire_order as o on o.uid=oi.order_uid  WHERE ( order_uid=2 and oi.uid=5 ) LIMIT 1   [ RunTime:0.0003s ]
SQL: SHOW COLUMNS FROM `armoire_order_item_remark` [ RunTime:0.0076s ]
SQL: SELECT oir.*,u.display_name as user_name FROM armoire_order_item_remark as oir INNER JOIN armoire_user as u on u.uid=oir.assignee  WHERE ( order_uid=2 and item_uid=5 )  [ RunTime:0.0003s ]
SQL: SHOW COLUMNS FROM `armoire_user` [ RunTime:0.0061s ]
SQL: SELECT `uid`,`display_name` FROM `armoire_user` ORDER BY display_name  [ RunTime:0.0003s ]
INFO: [ view_parse ] --START--
INFO: [ template_filter ] --START--
INFO: Run Behavior\ContentReplaceBehavior [ RunTime:0.000217s ]
INFO: [ template_filter ] --END-- [ RunTime:0.000465s ]
INFO: Run Behavior\ParseTemplateBehavior [ RunTime:0.109532s ]
INFO: [ view_parse ] --END-- [ RunTime:0.109664s ]
INFO: [ view_filter ] --START--
INFO: Run Behavior\WriteHtmlCacheBehavior [ RunTime:0.000427s ]
INFO: [ view_filter ] --END-- [ RunTime:0.000527s ]
INFO: [ app_end ] --START--
INFO: Run Behavior\ShowPageTraceBehavior [ RunTime:0.000557s ]
INFO: [ app_end ] --END-- [ RunTime:0.000657s ]

[ 2017-02-21T11:05:09+08:00 ] ::1 /armoire/Home/Login/logout
INFO: [ app_init ] --START--
INFO: Run Behavior\BuildLiteBehavior [ RunTime:0.000023s ]
INFO: [ app_init ] --END-- [ RunTime:0.000382s ]
INFO: [ app_begin ] --START--
INFO: Run Behavior\ReadHtmlCacheBehavior [ RunTime:0.000528s ]
INFO: [ app_begin ] --END-- [ RunTime:0.000642s ]

[ 2017-02-21T11:05:09+08:00 ] ::1 /armoire/index.php/Home/Login/index.html
INFO: [ app_init ] --START--
INFO: Run Behavior\BuildLiteBehavior [ RunTime:0.000022s ]
INFO: [ app_init ] --END-- [ RunTime:0.000374s ]
INFO: [ app_begin ] --START--
INFO: Run Behavior\ReadHtmlCacheBehavior [ RunTime:0.000525s ]
INFO: [ app_begin ] --END-- [ RunTime:0.000637s ]
INFO: [ view_parse ] --START--
INFO: [ template_filter ] --START--
INFO: Run Behavior\ContentReplaceBehavior [ RunTime:0.000053s ]
INFO: [ template_filter ] --END-- [ RunTime:0.000146s ]
INFO: Run Behavior\ParseTemplateBehavior [ RunTime:0.005891s ]
INFO: [ view_parse ] --END-- [ RunTime:0.005992s ]
INFO: [ view_filter ] --START--
INFO: Run Behavior\WriteHtmlCacheBehavior [ RunTime:0.000373s ]
INFO: [ view_filter ] --END-- [ RunTime:0.000471s ]
INFO: [ app_end ] --START--
INFO: Run Behavior\ShowPageTraceBehavior [ RunTime:0.000460s ]
INFO: [ app_end ] --END-- [ RunTime:0.000549s ]

[ 2017-02-21T11:05:09+08:00 ] ::1 /armoire/Home/Common/genverify
INFO: [ app_init ] --START--
INFO: Run Behavior\BuildLiteBehavior [ RunTime:0.000031s ]
INFO: [ app_init ] --END-- [ RunTime:0.000406s ]
INFO: [ app_begin ] --START--
INFO: Run Behavior\ReadHtmlCacheBehavior [ RunTime:0.000527s ]
INFO: [ app_begin ] --END-- [ RunTime:0.000629s ]
INFO: [ app_end ] --START--
INFO: Run Behavior\ShowPageTraceBehavior [ RunTime:0.000695s ]
INFO: [ app_end ] --END-- [ RunTime:0.000838s ]

[ 2017-02-21T11:05:09+08:00 ] ::1 /armoire/Home/Common/genverify?F=0.04280540919122511
INFO: [ app_init ] --START--
INFO: Run Behavior\BuildLiteBehavior [ RunTime:0.000026s ]
INFO: [ app_init ] --END-- [ RunTime:0.000438s ]
INFO: [ app_begin ] --START--
INFO: Run Behavior\ReadHtmlCacheBehavior [ RunTime:0.000895s ]
INFO: [ app_begin ] --END-- [ RunTime:0.001047s ]
INFO: [ app_end ] --START--
INFO: Run Behavior\ShowPageTraceBehavior [ RunTime:0.001198s ]
INFO: [ app_end ] --END-- [ RunTime:0.001439s ]

[ 2017-02-21T11:05:14+08:00 ] ::1 /armoire/index.php/Home/Login/login.html
INFO: [ app_init ] --START--
INFO: Run Behavior\BuildLiteBehavior [ RunTime:0.000051s ]
INFO: [ app_init ] --END-- [ RunTime:0.000571s ]
INFO: [ app_begin ] --START--
INFO: Run Behavior\ReadHtmlCacheBehavior [ RunTime:0.000543s ]
INFO: [ app_begin ] --END-- [ RunTime:0.000661s ]
SQL: SHOW COLUMNS FROM `armoire_user` [ RunTime:0.0092s ]
SQL: SELECT * FROM `armoire_user` WHERE ( user_name='admin' and user_password='e99a18c428cb38d5f260853678922e03' ) LIMIT 1   [ RunTime:0.0003s ]
SQL: UPDATE `armoire_user` SET `uid`='1',`user_name`='admin',`user_password`='e99a18c428cb38d5f260853678922e03',`create_time`='2016-10-28 21:45:57',`last_logon_time`='2017-02-21 11:05:14',`user_group`='1',`display_name`='管理员',`update_time`='2016-10-29 22:38:36' WHERE ( user_name='admin' and user_password='e99a18c428cb38d5f260853678922e03' ) [ RunTime:0.0027s ]

[ 2017-02-21T11:05:14+08:00 ] ::1 /armoire/index.php/Home/Index/index.html
INFO: [ app_init ] --START--
INFO: Run Behavior\BuildLiteBehavior [ RunTime:0.000022s ]
INFO: [ app_init ] --END-- [ RunTime:0.000370s ]
INFO: [ app_begin ] --START--
INFO: Run Behavior\ReadHtmlCacheBehavior [ RunTime:0.000567s ]
INFO: [ app_begin ] --END-- [ RunTime:0.000684s ]
SQL: SHOW COLUMNS FROM `armoire_order_item_remark` [ RunTime:0.0051s ]
SQL: SELECT oir.order_uid,oir.item_uid,o.order_no,oi.item_no FROM armoire_order_item_remark as oir INNER JOIN armoire_order_item as oi on oi.uid=oir.item_uid INNER JOIN armoire_order as o on o.uid=oir.order_uid  WHERE ( assignee=1 and oir.status='未完成' ) ORDER BY order_no, item_no  [ RunTime:0.0003s ]
SQL: SELECT oir.order_uid,oir.item_uid,o.order_no,oi.item_no FROM armoire_order_item_remark as oir INNER JOIN armoire_order_item as oi on oi.uid=oir.item_uid INNER JOIN armoire_order as o on o.uid=oir.order_uid  WHERE ( assignee=1 and oir.status='已完成' and date_sub(curdate(), INTERVAL 60 DAY) <= date(o.create_time) ) ORDER BY order_no, item_no  [ RunTime:0.0002s ]
SQL: SHOW COLUMNS FROM `armoire_order` [ RunTime:0.0059s ]
SQL: SELECT o.uid,o.order_no FROM armoire_order as o WHERE ( date_sub(curdate(), INTERVAL 1 MONTH) <= date(`create_time`) ) ORDER BY order_no  [ RunTime:0.0003s ]
SQL: SELECT o.uid,o.order_no FROM armoire_order as o WHERE ( date_sub(curdate(), INTERVAL 2 MONTH) <= date(`create_time`) and date_sub(curdate(), INTERVAL 1 MONTH) > date(`create_time`) ) ORDER BY order_no  [ RunTime:0.0002s ]
SQL: SELECT o.uid,o.order_no FROM armoire_order as o WHERE ( date_sub(curdate(), INTERVAL 3 MONTH) <= date(`create_time`) and date_sub(curdate(), INTERVAL 2 MONTH) > date(`create_time`) ) ORDER BY order_no  [ RunTime:0.0001s ]
SQL: SELECT o.uid,o.order_no FROM armoire_order as o WHERE ( date_sub(curdate(), INTERVAL 6 MONTH) <= date(`create_time`) and date_sub(curdate(), INTERVAL 3 MONTH) > date(`create_time`) ) ORDER BY order_no  [ RunTime:0.0002s ]
SQL: SHOW COLUMNS FROM `armoire_order_item` [ RunTime:0.0054s ]
SQL: SELECT `item_no`,`uid` FROM `armoire_order_item` WHERE ( order_uid=4 ) ORDER BY item_no  [ RunTime:0.0002s ]
NOTIC: [8] Undefined variable: secondLvl C:\wamp\www\armoire\Application\Home\Controller\OrderItemController.class.php 第 26 行.
SQL: SELECT `item_no`,`uid` FROM `armoire_order_item` WHERE ( order_uid=2 ) ORDER BY item_no  [ RunTime:0.0001s ]
SQL: SELECT `item_no`,`uid` FROM `armoire_order_item` WHERE ( order_uid=10 ) ORDER BY item_no  [ RunTime:0.0001s ]
SQL: SELECT `item_no`,`uid` FROM `armoire_order_item` WHERE ( order_uid=9 ) ORDER BY item_no  [ RunTime:0.0001s ]
SQL: SELECT `item_no`,`uid` FROM `armoire_order_item` WHERE ( order_uid=7 ) ORDER BY item_no  [ RunTime:0.0001s ]
SQL: SELECT `item_no`,`uid` FROM `armoire_order_item` WHERE ( order_uid=6 ) ORDER BY item_no  [ RunTime:0.0001s ]
SQL: SELECT `item_no`,`uid` FROM `armoire_order_item` WHERE ( order_uid=11 ) ORDER BY item_no  [ RunTime:0.0001s ]
SQL: SELECT `item_no`,`uid` FROM `armoire_order_item` WHERE ( order_uid=12 ) ORDER BY item_no  [ RunTime:0.0002s ]
INFO: [ view_parse ] --START--
INFO: [ template_filter ] --START--
INFO: Run Behavior\ContentReplaceBehavior [ RunTime:0.000071s ]
INFO: [ template_filter ] --END-- [ RunTime:0.000181s ]
INFO: Run Behavior\ParseTemplateBehavior [ RunTime:0.007079s ]
INFO: [ view_parse ] --END-- [ RunTime:0.007187s ]
INFO: [ view_filter ] --START--
INFO: Run Behavior\WriteHtmlCacheBehavior [ RunTime:0.000375s ]
INFO: [ view_filter ] --END-- [ RunTime:0.000472s ]
INFO: [ app_end ] --START--
INFO: Run Behavior\ShowPageTraceBehavior [ RunTime:0.000511s ]
INFO: [ app_end ] --END-- [ RunTime:0.000611s ]

[ 2017-02-21T11:05:14+08:00 ] ::1 /armoire/Home/OrderItem/viewOrderItem/order_uid/2/item_uid/5/fromTask/1
INFO: [ app_init ] --START--
INFO: Run Behavior\BuildLiteBehavior [ RunTime:0.000021s ]
INFO: [ app_init ] --END-- [ RunTime:0.000351s ]
INFO: [ app_begin ] --START--
INFO: Run Behavior\ReadHtmlCacheBehavior [ RunTime:0.000510s ]
INFO: [ app_begin ] --END-- [ RunTime:0.000627s ]
SQL: SHOW COLUMNS FROM `armoire_order` [ RunTime:0.0056s ]
SQL: SELECT * FROM `armoire_order` WHERE ( uid=2 ) LIMIT 1   [ RunTime:0.0002s ]
SQL: SHOW COLUMNS FROM `armoire_order_item` [ RunTime:0.0060s ]
SQL: SELECT oi.*,o.order_no FROM armoire_order_item as oi INNER JOIN armoire_order as o on o.uid=oi.order_uid  WHERE ( order_uid=2 and oi.uid=5 ) LIMIT 1   [ RunTime:0.0003s ]
SQL: SHOW COLUMNS FROM `armoire_order_item_remark` [ RunTime:0.0031s ]
SQL: SELECT oir.*,u.display_name as user_name FROM armoire_order_item_remark as oir INNER JOIN armoire_user as u on u.uid=oir.assignee  WHERE ( order_uid=2 and item_uid=5 )  [ RunTime:0.0002s ]
SQL: SHOW COLUMNS FROM `armoire_user` [ RunTime:0.0031s ]
SQL: SELECT `uid`,`display_name` FROM `armoire_user` ORDER BY display_name  [ RunTime:0.0002s ]
INFO: [ view_parse ] --START--
INFO: [ template_filter ] --START--
INFO: Run Behavior\ContentReplaceBehavior [ RunTime:0.000129s ]
INFO: [ template_filter ] --END-- [ RunTime:0.000245s ]
INFO: Run Behavior\ParseTemplateBehavior [ RunTime:0.114939s ]
INFO: [ view_parse ] --END-- [ RunTime:0.115062s ]
INFO: [ view_filter ] --START--
INFO: Run Behavior\WriteHtmlCacheBehavior [ RunTime:0.000368s ]
INFO: [ view_filter ] --END-- [ RunTime:0.000458s ]
INFO: [ app_end ] --START--
INFO: Run Behavior\ShowPageTraceBehavior [ RunTime:0.000474s ]
INFO: [ app_end ] --END-- [ RunTime:0.000566s ]

[ 2017-02-21T11:05:16+08:00 ] ::1 /armoire/Home/OrderItem/viewOrderItem/order_uid/4
INFO: [ app_init ] --START--
INFO: Run Behavior\BuildLiteBehavior [ RunTime:0.000022s ]
INFO: [ app_init ] --END-- [ RunTime:0.000345s ]
INFO: [ app_begin ] --START--
INFO: Run Behavior\ReadHtmlCacheBehavior [ RunTime:0.000515s ]
INFO: [ app_begin ] --END-- [ RunTime:0.000623s ]
SQL: SHOW COLUMNS FROM `armoire_order` [ RunTime:0.0110s ]
SQL: SELECT * FROM `armoire_order` WHERE ( uid=4 ) LIMIT 1   [ RunTime:0.0002s ]
SQL: SHOW COLUMNS FROM `armoire_user` [ RunTime:0.0062s ]
SQL: SELECT `uid`,`display_name` FROM `armoire_user` ORDER BY display_name  [ RunTime:0.0005s ]
INFO: [ view_parse ] --START--
INFO: [ template_filter ] --START--
INFO: Run Behavior\ContentReplaceBehavior [ RunTime:0.000148s ]
INFO: [ template_filter ] --END-- [ RunTime:0.000314s ]
NOTIC: [8] Undefined variable: record C:\wamp\www\armoire\Application\Runtime\Cache\Home\2f3782f5b5c7427187dfae82cf96f6f9.php 第 81 行.
NOTIC: [8] Undefined variable: record C:\wamp\www\armoire\Application\Runtime\Cache\Home\2f3782f5b5c7427187dfae82cf96f6f9.php 第 263 行.
NOTIC: [8] Undefined variable: record C:\wamp\www\armoire\Application\Runtime\Cache\Home\2f3782f5b5c7427187dfae82cf96f6f9.php 第 313 行.
NOTIC: [8] Undefined variable: record C:\wamp\www\armoire\Application\Runtime\Cache\Home\2f3782f5b5c7427187dfae82cf96f6f9.php 第 321 行.
NOTIC: [8] Undefined variable: record C:\wamp\www\armoire\Application\Runtime\Cache\Home\2f3782f5b5c7427187dfae82cf96f6f9.php 第 408 行.
INFO: Run Behavior\ParseTemplateBehavior [ RunTime:0.117743s ]
INFO: [ view_parse ] --END-- [ RunTime:0.117850s ]
INFO: [ view_filter ] --START--
INFO: Run Behavior\WriteHtmlCacheBehavior [ RunTime:0.000418s ]
INFO: [ view_filter ] --END-- [ RunTime:0.000515s ]
INFO: [ app_end ] --START--
INFO: Run Behavior\ShowPageTraceBehavior [ RunTime:0.000474s ]
INFO: [ app_end ] --END-- [ RunTime:0.000565s ]

[ 2017-02-21T11:05:31+08:00 ] ::1 /armoire/Home/OrderItem/viewOrderItem/order_uid/11
INFO: [ app_init ] --START--
INFO: Run Behavior\BuildLiteBehavior [ RunTime:0.000022s ]
INFO: [ app_init ] --END-- [ RunTime:0.000348s ]
INFO: [ app_begin ] --START--
INFO: Run Behavior\ReadHtmlCacheBehavior [ RunTime:0.000528s ]
INFO: [ app_begin ] --END-- [ RunTime:0.000632s ]
SQL: SHOW COLUMNS FROM `armoire_order` [ RunTime:0.0083s ]
SQL: SELECT * FROM `armoire_order` WHERE ( uid=11 ) LIMIT 1   [ RunTime:0.0002s ]
SQL: SHOW COLUMNS FROM `armoire_user` [ RunTime:0.0049s ]
SQL: SELECT `uid`,`display_name` FROM `armoire_user` ORDER BY display_name  [ RunTime:0.0007s ]
INFO: [ view_parse ] --START--
INFO: [ template_filter ] --START--
INFO: Run Behavior\ContentReplaceBehavior [ RunTime:0.000136s ]
INFO: [ template_filter ] --END-- [ RunTime:0.000247s ]
NOTIC: [8] Undefined variable: record C:\wamp\www\armoire\Application\Runtime\Cache\Home\2f3782f5b5c7427187dfae82cf96f6f9.php 第 81 行.
NOTIC: [8] Undefined variable: record C:\wamp\www\armoire\Application\Runtime\Cache\Home\2f3782f5b5c7427187dfae82cf96f6f9.php 第 263 行.
NOTIC: [8] Undefined variable: record C:\wamp\www\armoire\Application\Runtime\Cache\Home\2f3782f5b5c7427187dfae82cf96f6f9.php 第 313 行.
NOTIC: [8] Undefined variable: record C:\wamp\www\armoire\Application\Runtime\Cache\Home\2f3782f5b5c7427187dfae82cf96f6f9.php 第 321 行.
NOTIC: [8] Undefined variable: record C:\wamp\www\armoire\Application\Runtime\Cache\Home\2f3782f5b5c7427187dfae82cf96f6f9.php 第 408 行.
INFO: Run Behavior\ParseTemplateBehavior [ RunTime:0.105649s ]
INFO: [ view_parse ] --END-- [ RunTime:0.105757s ]
INFO: [ view_filter ] --START--
INFO: Run Behavior\WriteHtmlCacheBehavior [ RunTime:0.000385s ]
INFO: [ view_filter ] --END-- [ RunTime:0.000475s ]
INFO: [ app_end ] --START--
INFO: Run Behavior\ShowPageTraceBehavior [ RunTime:0.000602s ]
INFO: [ app_end ] --END-- [ RunTime:0.000742s ]

[ 2017-02-21T16:36:22+08:00 ] ::1 /armoire/
INFO: [ app_init ] --START--
INFO: Run Behavior\BuildLiteBehavior [ RunTime:0.000021s ]
INFO: [ app_init ] --END-- [ RunTime:0.000426s ]
INFO: [ app_begin ] --START--
INFO: Run Behavior\ReadHtmlCacheBehavior [ RunTime:0.000664s ]
INFO: [ app_begin ] --END-- [ RunTime:0.000766s ]

[ 2017-02-21T16:36:22+08:00 ] ::1 /armoire/index.php/Home/Login/index.html
INFO: [ app_init ] --START--
INFO: Run Behavior\BuildLiteBehavior [ RunTime:0.000019s ]
INFO: [ app_init ] --END-- [ RunTime:0.000364s ]
INFO: [ app_begin ] --START--
INFO: Run Behavior\ReadHtmlCacheBehavior [ RunTime:0.000583s ]
INFO: [ app_begin ] --END-- [ RunTime:0.000701s ]
INFO: [ view_parse ] --START--
INFO: [ template_filter ] --START--
INFO: Run Behavior\ContentReplaceBehavior [ RunTime:0.000059s ]
INFO: [ template_filter ] --END-- [ RunTime:0.000197s ]
INFO: Run Behavior\ParseTemplateBehavior [ RunTime:0.024500s ]
INFO: [ view_parse ] --END-- [ RunTime:0.024649s ]
INFO: [ view_filter ] --START--
INFO: Run Behavior\WriteHtmlCacheBehavior [ RunTime:0.000538s ]
INFO: [ view_filter ] --END-- [ RunTime:0.000644s ]
INFO: [ app_end ] --START--
INFO: Run Behavior\ShowPageTraceBehavior [ RunTime:0.000555s ]
INFO: [ app_end ] --END-- [ RunTime:0.000644s ]

[ 2017-02-21T16:36:22+08:00 ] ::1 /armoire/Home/Common/genverify
INFO: [ app_init ] --START--
INFO: Run Behavior\BuildLiteBehavior [ RunTime:0.000032s ]
INFO: [ app_init ] --END-- [ RunTime:0.000527s ]
INFO: [ app_begin ] --START--
INFO: Run Behavior\ReadHtmlCacheBehavior [ RunTime:0.000902s ]
INFO: [ app_begin ] --END-- [ RunTime:0.001061s ]
INFO: [ app_end ] --START--
INFO: Run Behavior\ShowPageTraceBehavior [ RunTime:0.000589s ]
INFO: [ app_end ] --END-- [ RunTime:0.000714s ]

[ 2017-02-21T16:36:23+08:00 ] ::1 /armoire/Home/Common/genverify?F=0.13223035490395207
INFO: [ app_init ] --START--
INFO: Run Behavior\BuildLiteBehavior [ RunTime:0.000030s ]
INFO: [ app_init ] --END-- [ RunTime:0.000565s ]
INFO: [ app_begin ] --START--
INFO: Run Behavior\ReadHtmlCacheBehavior [ RunTime:0.000880s ]
INFO: [ app_begin ] --END-- [ RunTime:0.001031s ]
INFO: [ app_end ] --START--
INFO: Run Behavior\ShowPageTraceBehavior [ RunTime:0.000654s ]
INFO: [ app_end ] --END-- [ RunTime:0.000780s ]

